[2023-06-22T06:37:18.045+0000] {processor.py:157} INFO - Started process (PID=71) to work on /home/airflow/.local/lib/python3.7/site-packages/airflow/example_dags/example_datasets.py
[2023-06-22T06:37:18.050+0000] {processor.py:826} INFO - Processing file /home/airflow/.local/lib/python3.7/site-packages/airflow/example_dags/example_datasets.py for tasks to queue
[2023-06-22T06:37:18.057+0000] {logging_mixin.py:149} INFO - [2023-06-22T06:37:18.057+0000] {dagbag.py:541} INFO - Filling up the DagBag from /home/airflow/.local/lib/python3.7/site-packages/airflow/example_dags/example_datasets.py
[2023-06-22T06:37:18.073+0000] {processor.py:836} INFO - DAG(s) dict_keys(['dataset_produces_2', 'dataset_consumes_1_and_2', 'dataset_consumes_1', 'dataset_consumes_unknown_never_scheduled', 'dataset_consumes_1_never_scheduled', 'dataset_produces_1']) retrieved from /home/airflow/.local/lib/python3.7/site-packages/airflow/example_dags/example_datasets.py
[2023-06-22T06:37:18.188+0000] {logging_mixin.py:149} INFO - [2023-06-22T06:37:18.188+0000] {manager.py:504} INFO - Created Permission View: can read on DAG:dataset_produces_2
[2023-06-22T06:37:18.207+0000] {logging_mixin.py:149} INFO - [2023-06-22T06:37:18.207+0000] {manager.py:504} INFO - Created Permission View: can delete on DAG:dataset_produces_2
[2023-06-22T06:37:18.220+0000] {logging_mixin.py:149} INFO - [2023-06-22T06:37:18.219+0000] {manager.py:504} INFO - Created Permission View: can edit on DAG:dataset_produces_2
[2023-06-22T06:37:18.267+0000] {logging_mixin.py:149} INFO - [2023-06-22T06:37:18.266+0000] {manager.py:504} INFO - Created Permission View: can read on DAG:dataset_consumes_1_and_2
[2023-06-22T06:37:18.279+0000] {logging_mixin.py:149} INFO - [2023-06-22T06:37:18.279+0000] {manager.py:504} INFO - Created Permission View: can delete on DAG:dataset_consumes_1_and_2
[2023-06-22T06:37:18.291+0000] {logging_mixin.py:149} INFO - [2023-06-22T06:37:18.290+0000] {manager.py:504} INFO - Created Permission View: can edit on DAG:dataset_consumes_1_and_2
[2023-06-22T06:37:18.322+0000] {logging_mixin.py:149} INFO - [2023-06-22T06:37:18.321+0000] {manager.py:504} INFO - Created Permission View: can read on DAG:dataset_consumes_1
[2023-06-22T06:37:18.336+0000] {logging_mixin.py:149} INFO - [2023-06-22T06:37:18.336+0000] {manager.py:504} INFO - Created Permission View: can delete on DAG:dataset_consumes_1
[2023-06-22T06:37:18.346+0000] {logging_mixin.py:149} INFO - [2023-06-22T06:37:18.345+0000] {manager.py:504} INFO - Created Permission View: can edit on DAG:dataset_consumes_1
[2023-06-22T06:37:18.374+0000] {logging_mixin.py:149} INFO - [2023-06-22T06:37:18.374+0000] {manager.py:504} INFO - Created Permission View: can read on DAG:dataset_consumes_unknown_never_scheduled
[2023-06-22T06:37:18.387+0000] {logging_mixin.py:149} INFO - [2023-06-22T06:37:18.387+0000] {manager.py:504} INFO - Created Permission View: can delete on DAG:dataset_consumes_unknown_never_scheduled
[2023-06-22T06:37:18.400+0000] {logging_mixin.py:149} INFO - [2023-06-22T06:37:18.399+0000] {manager.py:504} INFO - Created Permission View: can edit on DAG:dataset_consumes_unknown_never_scheduled
[2023-06-22T06:37:18.430+0000] {logging_mixin.py:149} INFO - [2023-06-22T06:37:18.430+0000] {manager.py:504} INFO - Created Permission View: can read on DAG:dataset_consumes_1_never_scheduled
[2023-06-22T06:37:18.443+0000] {logging_mixin.py:149} INFO - [2023-06-22T06:37:18.443+0000] {manager.py:504} INFO - Created Permission View: can delete on DAG:dataset_consumes_1_never_scheduled
[2023-06-22T06:37:18.456+0000] {logging_mixin.py:149} INFO - [2023-06-22T06:37:18.456+0000] {manager.py:504} INFO - Created Permission View: can edit on DAG:dataset_consumes_1_never_scheduled
[2023-06-22T06:37:18.488+0000] {logging_mixin.py:149} INFO - [2023-06-22T06:37:18.488+0000] {manager.py:504} INFO - Created Permission View: can read on DAG:dataset_produces_1
[2023-06-22T06:37:18.503+0000] {logging_mixin.py:149} INFO - [2023-06-22T06:37:18.503+0000] {manager.py:504} INFO - Created Permission View: can delete on DAG:dataset_produces_1
[2023-06-22T06:37:18.522+0000] {logging_mixin.py:149} INFO - [2023-06-22T06:37:18.522+0000] {manager.py:504} INFO - Created Permission View: can edit on DAG:dataset_produces_1
[2023-06-22T06:37:18.538+0000] {logging_mixin.py:149} INFO - [2023-06-22T06:37:18.538+0000] {dag.py:2726} INFO - Sync 6 DAGs
[2023-06-22T06:37:18.561+0000] {logging_mixin.py:149} INFO - [2023-06-22T06:37:18.560+0000] {dag.py:2747} INFO - Creating ORM DAG for dataset_produces_2
[2023-06-22T06:37:18.563+0000] {logging_mixin.py:149} INFO - [2023-06-22T06:37:18.563+0000] {dag.py:2747} INFO - Creating ORM DAG for dataset_consumes_unknown_never_scheduled
[2023-06-22T06:37:18.565+0000] {logging_mixin.py:149} INFO - [2023-06-22T06:37:18.564+0000] {dag.py:2747} INFO - Creating ORM DAG for dataset_consumes_1_and_2
[2023-06-22T06:37:18.566+0000] {logging_mixin.py:149} INFO - [2023-06-22T06:37:18.566+0000] {dag.py:2747} INFO - Creating ORM DAG for dataset_consumes_1_never_scheduled
[2023-06-22T06:37:18.568+0000] {logging_mixin.py:149} INFO - [2023-06-22T06:37:18.568+0000] {dag.py:2747} INFO - Creating ORM DAG for dataset_consumes_1
[2023-06-22T06:37:18.570+0000] {logging_mixin.py:149} INFO - [2023-06-22T06:37:18.570+0000] {dag.py:2747} INFO - Creating ORM DAG for dataset_produces_1
[2023-06-22T06:37:18.591+0000] {logging_mixin.py:149} INFO - [2023-06-22T06:37:18.590+0000] {dag.py:3490} INFO - Setting next_dagrun for dataset_consumes_1 to None, run_after=None
[2023-06-22T06:37:18.593+0000] {logging_mixin.py:149} INFO - [2023-06-22T06:37:18.593+0000] {dag.py:3490} INFO - Setting next_dagrun for dataset_consumes_1_and_2 to None, run_after=None
[2023-06-22T06:37:18.596+0000] {logging_mixin.py:149} INFO - [2023-06-22T06:37:18.595+0000] {dag.py:3490} INFO - Setting next_dagrun for dataset_consumes_1_never_scheduled to None, run_after=None
[2023-06-22T06:37:18.598+0000] {logging_mixin.py:149} INFO - [2023-06-22T06:37:18.598+0000] {dag.py:3490} INFO - Setting next_dagrun for dataset_consumes_unknown_never_scheduled to None, run_after=None
[2023-06-22T06:37:18.602+0000] {logging_mixin.py:149} INFO - [2023-06-22T06:37:18.602+0000] {dag.py:3490} INFO - Setting next_dagrun for dataset_produces_1 to 2023-06-21T00:00:00+00:00, run_after=2023-06-22T00:00:00+00:00
[2023-06-22T06:37:18.604+0000] {logging_mixin.py:149} INFO - [2023-06-22T06:37:18.604+0000] {dag.py:3490} INFO - Setting next_dagrun for dataset_produces_2 to None, run_after=None
[2023-06-22T06:37:18.675+0000] {processor.py:179} INFO - Processing /home/airflow/.local/lib/python3.7/site-packages/airflow/example_dags/example_datasets.py took 0.636 seconds
[2023-06-22T06:38:24.508+0000] {processor.py:157} INFO - Started process (PID=64) to work on /home/airflow/.local/lib/python3.7/site-packages/airflow/example_dags/example_datasets.py
[2023-06-22T06:38:24.510+0000] {processor.py:826} INFO - Processing file /home/airflow/.local/lib/python3.7/site-packages/airflow/example_dags/example_datasets.py for tasks to queue
[2023-06-22T06:38:24.511+0000] {logging_mixin.py:149} INFO - [2023-06-22T06:38:24.511+0000] {dagbag.py:541} INFO - Filling up the DagBag from /home/airflow/.local/lib/python3.7/site-packages/airflow/example_dags/example_datasets.py
[2023-06-22T06:38:24.524+0000] {processor.py:836} INFO - DAG(s) dict_keys(['dataset_consumes_unknown_never_scheduled', 'dataset_produces_2', 'dataset_consumes_1_never_scheduled', 'dataset_produces_1', 'dataset_consumes_1', 'dataset_consumes_1_and_2']) retrieved from /home/airflow/.local/lib/python3.7/site-packages/airflow/example_dags/example_datasets.py
[2023-06-22T06:38:24.651+0000] {logging_mixin.py:149} INFO - [2023-06-22T06:38:24.651+0000] {manager.py:504} INFO - Created Permission View: can edit on DAG:dataset_consumes_unknown_never_scheduled
[2023-06-22T06:38:24.665+0000] {logging_mixin.py:149} INFO - [2023-06-22T06:38:24.665+0000] {manager.py:504} INFO - Created Permission View: can read on DAG:dataset_consumes_unknown_never_scheduled
[2023-06-22T06:38:24.672+0000] {logging_mixin.py:149} INFO - [2023-06-22T06:38:24.672+0000] {manager.py:504} INFO - Created Permission View: can delete on DAG:dataset_consumes_unknown_never_scheduled
[2023-06-22T06:38:24.728+0000] {logging_mixin.py:149} INFO - [2023-06-22T06:38:24.728+0000] {manager.py:504} INFO - Created Permission View: can edit on DAG:dataset_produces_2
[2023-06-22T06:38:24.736+0000] {logging_mixin.py:149} INFO - [2023-06-22T06:38:24.736+0000] {manager.py:504} INFO - Created Permission View: can read on DAG:dataset_produces_2
[2023-06-22T06:38:24.743+0000] {logging_mixin.py:149} INFO - [2023-06-22T06:38:24.743+0000] {manager.py:504} INFO - Created Permission View: can delete on DAG:dataset_produces_2
[2023-06-22T06:38:24.760+0000] {logging_mixin.py:149} INFO - [2023-06-22T06:38:24.760+0000] {manager.py:504} INFO - Created Permission View: can edit on DAG:dataset_consumes_1_never_scheduled
[2023-06-22T06:38:24.767+0000] {logging_mixin.py:149} INFO - [2023-06-22T06:38:24.767+0000] {manager.py:504} INFO - Created Permission View: can read on DAG:dataset_consumes_1_never_scheduled
[2023-06-22T06:38:24.782+0000] {logging_mixin.py:149} INFO - [2023-06-22T06:38:24.782+0000] {manager.py:504} INFO - Created Permission View: can delete on DAG:dataset_consumes_1_never_scheduled
[2023-06-22T06:38:24.804+0000] {logging_mixin.py:149} INFO - [2023-06-22T06:38:24.803+0000] {manager.py:504} INFO - Created Permission View: can edit on DAG:dataset_produces_1
[2023-06-22T06:38:24.810+0000] {logging_mixin.py:149} INFO - [2023-06-22T06:38:24.810+0000] {manager.py:504} INFO - Created Permission View: can read on DAG:dataset_produces_1
[2023-06-22T06:38:24.821+0000] {logging_mixin.py:149} INFO - [2023-06-22T06:38:24.821+0000] {manager.py:504} INFO - Created Permission View: can delete on DAG:dataset_produces_1
[2023-06-22T06:38:24.845+0000] {logging_mixin.py:149} INFO - [2023-06-22T06:38:24.845+0000] {manager.py:504} INFO - Created Permission View: can edit on DAG:dataset_consumes_1
[2023-06-22T06:38:24.854+0000] {logging_mixin.py:149} INFO - [2023-06-22T06:38:24.854+0000] {manager.py:504} INFO - Created Permission View: can read on DAG:dataset_consumes_1
[2023-06-22T06:38:24.861+0000] {logging_mixin.py:149} INFO - [2023-06-22T06:38:24.861+0000] {manager.py:504} INFO - Created Permission View: can delete on DAG:dataset_consumes_1
[2023-06-22T06:38:24.877+0000] {logging_mixin.py:149} INFO - [2023-06-22T06:38:24.877+0000] {manager.py:504} INFO - Created Permission View: can edit on DAG:dataset_consumes_1_and_2
[2023-06-22T06:38:24.885+0000] {logging_mixin.py:149} INFO - [2023-06-22T06:38:24.885+0000] {manager.py:504} INFO - Created Permission View: can read on DAG:dataset_consumes_1_and_2
[2023-06-22T06:38:24.890+0000] {logging_mixin.py:149} INFO - [2023-06-22T06:38:24.890+0000] {manager.py:504} INFO - Created Permission View: can delete on DAG:dataset_consumes_1_and_2
[2023-06-22T06:38:24.896+0000] {logging_mixin.py:149} INFO - [2023-06-22T06:38:24.896+0000] {dag.py:2726} INFO - Sync 6 DAGs
[2023-06-22T06:38:24.909+0000] {logging_mixin.py:149} INFO - [2023-06-22T06:38:24.909+0000] {dag.py:2747} INFO - Creating ORM DAG for dataset_consumes_1_never_scheduled
[2023-06-22T06:38:24.916+0000] {logging_mixin.py:149} INFO - [2023-06-22T06:38:24.916+0000] {dag.py:2747} INFO - Creating ORM DAG for dataset_produces_1
[2023-06-22T06:38:24.918+0000] {logging_mixin.py:149} INFO - [2023-06-22T06:38:24.918+0000] {dag.py:2747} INFO - Creating ORM DAG for dataset_consumes_1
[2023-06-22T06:38:24.919+0000] {logging_mixin.py:149} INFO - [2023-06-22T06:38:24.919+0000] {dag.py:2747} INFO - Creating ORM DAG for dataset_consumes_1_and_2
[2023-06-22T06:38:24.920+0000] {logging_mixin.py:149} INFO - [2023-06-22T06:38:24.920+0000] {dag.py:2747} INFO - Creating ORM DAG for dataset_produces_2
[2023-06-22T06:38:24.921+0000] {logging_mixin.py:149} INFO - [2023-06-22T06:38:24.921+0000] {dag.py:2747} INFO - Creating ORM DAG for dataset_consumes_unknown_never_scheduled
[2023-06-22T06:38:24.931+0000] {logging_mixin.py:149} INFO - [2023-06-22T06:38:24.930+0000] {dag.py:3490} INFO - Setting next_dagrun for dataset_consumes_1 to None, run_after=None
[2023-06-22T06:38:24.932+0000] {logging_mixin.py:149} INFO - [2023-06-22T06:38:24.932+0000] {dag.py:3490} INFO - Setting next_dagrun for dataset_consumes_1_and_2 to None, run_after=None
[2023-06-22T06:38:24.933+0000] {logging_mixin.py:149} INFO - [2023-06-22T06:38:24.933+0000] {dag.py:3490} INFO - Setting next_dagrun for dataset_consumes_1_never_scheduled to None, run_after=None
[2023-06-22T06:38:24.934+0000] {logging_mixin.py:149} INFO - [2023-06-22T06:38:24.934+0000] {dag.py:3490} INFO - Setting next_dagrun for dataset_consumes_unknown_never_scheduled to None, run_after=None
[2023-06-22T06:38:24.937+0000] {logging_mixin.py:149} INFO - [2023-06-22T06:38:24.937+0000] {dag.py:3490} INFO - Setting next_dagrun for dataset_produces_1 to 2023-06-21T00:00:00+00:00, run_after=2023-06-22T00:00:00+00:00
[2023-06-22T06:38:24.938+0000] {logging_mixin.py:149} INFO - [2023-06-22T06:38:24.938+0000] {dag.py:3490} INFO - Setting next_dagrun for dataset_produces_2 to None, run_after=None
[2023-06-22T06:38:24.990+0000] {processor.py:179} INFO - Processing /home/airflow/.local/lib/python3.7/site-packages/airflow/example_dags/example_datasets.py took 0.485 seconds
[2023-06-22T06:38:55.047+0000] {processor.py:157} INFO - Started process (PID=121) to work on /home/airflow/.local/lib/python3.7/site-packages/airflow/example_dags/example_datasets.py
[2023-06-22T06:38:55.048+0000] {processor.py:826} INFO - Processing file /home/airflow/.local/lib/python3.7/site-packages/airflow/example_dags/example_datasets.py for tasks to queue
[2023-06-22T06:38:55.049+0000] {logging_mixin.py:149} INFO - [2023-06-22T06:38:55.049+0000] {dagbag.py:541} INFO - Filling up the DagBag from /home/airflow/.local/lib/python3.7/site-packages/airflow/example_dags/example_datasets.py
[2023-06-22T06:38:55.056+0000] {processor.py:836} INFO - DAG(s) dict_keys(['dataset_consumes_unknown_never_scheduled', 'dataset_consumes_1', 'dataset_consumes_1_and_2', 'dataset_consumes_1_never_scheduled', 'dataset_produces_1', 'dataset_produces_2']) retrieved from /home/airflow/.local/lib/python3.7/site-packages/airflow/example_dags/example_datasets.py
[2023-06-22T06:38:55.083+0000] {logging_mixin.py:149} INFO - [2023-06-22T06:38:55.083+0000] {dag.py:2726} INFO - Sync 6 DAGs
[2023-06-22T06:38:55.099+0000] {logging_mixin.py:149} INFO - [2023-06-22T06:38:55.099+0000] {dag.py:3490} INFO - Setting next_dagrun for dataset_consumes_1 to None, run_after=None
[2023-06-22T06:38:55.102+0000] {logging_mixin.py:149} INFO - [2023-06-22T06:38:55.102+0000] {dag.py:3490} INFO - Setting next_dagrun for dataset_consumes_1_and_2 to None, run_after=None
[2023-06-22T06:38:55.103+0000] {logging_mixin.py:149} INFO - [2023-06-22T06:38:55.103+0000] {dag.py:3490} INFO - Setting next_dagrun for dataset_consumes_1_never_scheduled to None, run_after=None
[2023-06-22T06:38:55.104+0000] {logging_mixin.py:149} INFO - [2023-06-22T06:38:55.104+0000] {dag.py:3490} INFO - Setting next_dagrun for dataset_consumes_unknown_never_scheduled to None, run_after=None
[2023-06-22T06:38:55.106+0000] {logging_mixin.py:149} INFO - [2023-06-22T06:38:55.106+0000] {dag.py:3490} INFO - Setting next_dagrun for dataset_produces_1 to 2023-06-21T00:00:00+00:00, run_after=2023-06-22T00:00:00+00:00
[2023-06-22T06:38:55.107+0000] {logging_mixin.py:149} INFO - [2023-06-22T06:38:55.107+0000] {dag.py:3490} INFO - Setting next_dagrun for dataset_produces_2 to None, run_after=None
[2023-06-22T06:38:55.135+0000] {processor.py:179} INFO - Processing /home/airflow/.local/lib/python3.7/site-packages/airflow/example_dags/example_datasets.py took 0.091 seconds
[2023-06-22T06:39:26.010+0000] {processor.py:157} INFO - Started process (PID=178) to work on /home/airflow/.local/lib/python3.7/site-packages/airflow/example_dags/example_datasets.py
[2023-06-22T06:39:26.011+0000] {processor.py:826} INFO - Processing file /home/airflow/.local/lib/python3.7/site-packages/airflow/example_dags/example_datasets.py for tasks to queue
[2023-06-22T06:39:26.012+0000] {logging_mixin.py:149} INFO - [2023-06-22T06:39:26.012+0000] {dagbag.py:541} INFO - Filling up the DagBag from /home/airflow/.local/lib/python3.7/site-packages/airflow/example_dags/example_datasets.py
[2023-06-22T06:39:26.019+0000] {processor.py:836} INFO - DAG(s) dict_keys(['dataset_produces_1', 'dataset_consumes_1_never_scheduled', 'dataset_produces_2', 'dataset_consumes_1', 'dataset_consumes_unknown_never_scheduled', 'dataset_consumes_1_and_2']) retrieved from /home/airflow/.local/lib/python3.7/site-packages/airflow/example_dags/example_datasets.py
[2023-06-22T06:39:26.047+0000] {logging_mixin.py:149} INFO - [2023-06-22T06:39:26.047+0000] {dag.py:2726} INFO - Sync 6 DAGs
[2023-06-22T06:39:26.064+0000] {logging_mixin.py:149} INFO - [2023-06-22T06:39:26.063+0000] {dag.py:3490} INFO - Setting next_dagrun for dataset_consumes_1 to None, run_after=None
[2023-06-22T06:39:26.067+0000] {logging_mixin.py:149} INFO - [2023-06-22T06:39:26.067+0000] {dag.py:3490} INFO - Setting next_dagrun for dataset_consumes_1_and_2 to None, run_after=None
[2023-06-22T06:39:26.068+0000] {logging_mixin.py:149} INFO - [2023-06-22T06:39:26.068+0000] {dag.py:3490} INFO - Setting next_dagrun for dataset_consumes_1_never_scheduled to None, run_after=None
[2023-06-22T06:39:26.069+0000] {logging_mixin.py:149} INFO - [2023-06-22T06:39:26.069+0000] {dag.py:3490} INFO - Setting next_dagrun for dataset_consumes_unknown_never_scheduled to None, run_after=None
[2023-06-22T06:39:26.071+0000] {logging_mixin.py:149} INFO - [2023-06-22T06:39:26.071+0000] {dag.py:3490} INFO - Setting next_dagrun for dataset_produces_1 to 2023-06-21T00:00:00+00:00, run_after=2023-06-22T00:00:00+00:00
[2023-06-22T06:39:26.072+0000] {logging_mixin.py:149} INFO - [2023-06-22T06:39:26.072+0000] {dag.py:3490} INFO - Setting next_dagrun for dataset_produces_2 to None, run_after=None
[2023-06-22T06:39:26.095+0000] {processor.py:179} INFO - Processing /home/airflow/.local/lib/python3.7/site-packages/airflow/example_dags/example_datasets.py took 0.088 seconds
[2023-06-22T06:39:56.789+0000] {processor.py:157} INFO - Started process (PID=235) to work on /home/airflow/.local/lib/python3.7/site-packages/airflow/example_dags/example_datasets.py
[2023-06-22T06:39:56.791+0000] {processor.py:826} INFO - Processing file /home/airflow/.local/lib/python3.7/site-packages/airflow/example_dags/example_datasets.py for tasks to queue
[2023-06-22T06:39:56.792+0000] {logging_mixin.py:149} INFO - [2023-06-22T06:39:56.792+0000] {dagbag.py:541} INFO - Filling up the DagBag from /home/airflow/.local/lib/python3.7/site-packages/airflow/example_dags/example_datasets.py
[2023-06-22T06:39:56.802+0000] {processor.py:836} INFO - DAG(s) dict_keys(['dataset_consumes_1_and_2', 'dataset_produces_1', 'dataset_consumes_1', 'dataset_consumes_1_never_scheduled', 'dataset_produces_2', 'dataset_consumes_unknown_never_scheduled']) retrieved from /home/airflow/.local/lib/python3.7/site-packages/airflow/example_dags/example_datasets.py
[2023-06-22T06:39:56.837+0000] {logging_mixin.py:149} INFO - [2023-06-22T06:39:56.837+0000] {dag.py:2726} INFO - Sync 6 DAGs
[2023-06-22T06:39:56.856+0000] {logging_mixin.py:149} INFO - [2023-06-22T06:39:56.856+0000] {dag.py:3490} INFO - Setting next_dagrun for dataset_consumes_1 to None, run_after=None
[2023-06-22T06:39:56.859+0000] {logging_mixin.py:149} INFO - [2023-06-22T06:39:56.859+0000] {dag.py:3490} INFO - Setting next_dagrun for dataset_consumes_1_and_2 to None, run_after=None
[2023-06-22T06:39:56.860+0000] {logging_mixin.py:149} INFO - [2023-06-22T06:39:56.860+0000] {dag.py:3490} INFO - Setting next_dagrun for dataset_consumes_1_never_scheduled to None, run_after=None
[2023-06-22T06:39:56.861+0000] {logging_mixin.py:149} INFO - [2023-06-22T06:39:56.861+0000] {dag.py:3490} INFO - Setting next_dagrun for dataset_consumes_unknown_never_scheduled to None, run_after=None
[2023-06-22T06:39:56.863+0000] {logging_mixin.py:149} INFO - [2023-06-22T06:39:56.863+0000] {dag.py:3490} INFO - Setting next_dagrun for dataset_produces_1 to 2023-06-21T00:00:00+00:00, run_after=2023-06-22T00:00:00+00:00
[2023-06-22T06:39:56.865+0000] {logging_mixin.py:149} INFO - [2023-06-22T06:39:56.864+0000] {dag.py:3490} INFO - Setting next_dagrun for dataset_produces_2 to None, run_after=None
[2023-06-22T06:39:56.887+0000] {processor.py:179} INFO - Processing /home/airflow/.local/lib/python3.7/site-packages/airflow/example_dags/example_datasets.py took 0.100 seconds
[2023-06-22T06:40:27.140+0000] {processor.py:157} INFO - Started process (PID=292) to work on /home/airflow/.local/lib/python3.7/site-packages/airflow/example_dags/example_datasets.py
[2023-06-22T06:40:27.141+0000] {processor.py:826} INFO - Processing file /home/airflow/.local/lib/python3.7/site-packages/airflow/example_dags/example_datasets.py for tasks to queue
[2023-06-22T06:40:27.142+0000] {logging_mixin.py:149} INFO - [2023-06-22T06:40:27.142+0000] {dagbag.py:541} INFO - Filling up the DagBag from /home/airflow/.local/lib/python3.7/site-packages/airflow/example_dags/example_datasets.py
[2023-06-22T06:40:27.149+0000] {processor.py:836} INFO - DAG(s) dict_keys(['dataset_produces_1', 'dataset_consumes_1_and_2', 'dataset_consumes_1', 'dataset_consumes_1_never_scheduled', 'dataset_produces_2', 'dataset_consumes_unknown_never_scheduled']) retrieved from /home/airflow/.local/lib/python3.7/site-packages/airflow/example_dags/example_datasets.py
[2023-06-22T06:40:27.177+0000] {logging_mixin.py:149} INFO - [2023-06-22T06:40:27.177+0000] {dag.py:2726} INFO - Sync 6 DAGs
[2023-06-22T06:40:27.194+0000] {logging_mixin.py:149} INFO - [2023-06-22T06:40:27.194+0000] {dag.py:3490} INFO - Setting next_dagrun for dataset_consumes_1 to None, run_after=None
[2023-06-22T06:40:27.197+0000] {logging_mixin.py:149} INFO - [2023-06-22T06:40:27.197+0000] {dag.py:3490} INFO - Setting next_dagrun for dataset_consumes_1_and_2 to None, run_after=None
[2023-06-22T06:40:27.198+0000] {logging_mixin.py:149} INFO - [2023-06-22T06:40:27.198+0000] {dag.py:3490} INFO - Setting next_dagrun for dataset_consumes_1_never_scheduled to None, run_after=None
[2023-06-22T06:40:27.199+0000] {logging_mixin.py:149} INFO - [2023-06-22T06:40:27.199+0000] {dag.py:3490} INFO - Setting next_dagrun for dataset_consumes_unknown_never_scheduled to None, run_after=None
[2023-06-22T06:40:27.201+0000] {logging_mixin.py:149} INFO - [2023-06-22T06:40:27.201+0000] {dag.py:3490} INFO - Setting next_dagrun for dataset_produces_1 to 2023-06-21T00:00:00+00:00, run_after=2023-06-22T00:00:00+00:00
[2023-06-22T06:40:27.202+0000] {logging_mixin.py:149} INFO - [2023-06-22T06:40:27.202+0000] {dag.py:3490} INFO - Setting next_dagrun for dataset_produces_2 to None, run_after=None
[2023-06-22T06:40:27.221+0000] {processor.py:179} INFO - Processing /home/airflow/.local/lib/python3.7/site-packages/airflow/example_dags/example_datasets.py took 0.084 seconds
