[2023-06-22T06:36:47.532+0000] {processor.py:157} INFO - Started process (PID=35) to work on /home/airflow/.local/lib/python3.7/site-packages/airflow/example_dags/example_branch_day_of_week_operator.py
[2023-06-22T06:36:47.550+0000] {processor.py:826} INFO - Processing file /home/airflow/.local/lib/python3.7/site-packages/airflow/example_dags/example_branch_day_of_week_operator.py for tasks to queue
[2023-06-22T06:36:47.573+0000] {logging_mixin.py:149} INFO - [2023-06-22T06:36:47.573+0000] {dagbag.py:541} INFO - Filling up the DagBag from /home/airflow/.local/lib/python3.7/site-packages/airflow/example_dags/example_branch_day_of_week_operator.py
[2023-06-22T06:36:47.953+0000] {processor.py:836} INFO - DAG(s) dict_keys(['example_weekday_branch_operator']) retrieved from /home/airflow/.local/lib/python3.7/site-packages/airflow/example_dags/example_branch_day_of_week_operator.py
[2023-06-22T06:36:49.561+0000] {logging_mixin.py:149} INFO - [2023-06-22T06:36:49.560+0000] {manager.py:504} INFO - Created Permission View: can read on DAG:example_weekday_branch_operator
[2023-06-22T06:36:49.592+0000] {logging_mixin.py:149} INFO - [2023-06-22T06:36:49.592+0000] {manager.py:504} INFO - Created Permission View: can delete on DAG:example_weekday_branch_operator
[2023-06-22T06:36:49.622+0000] {logging_mixin.py:149} INFO - [2023-06-22T06:36:49.622+0000] {manager.py:504} INFO - Created Permission View: can edit on DAG:example_weekday_branch_operator
[2023-06-22T06:36:49.694+0000] {logging_mixin.py:149} INFO - [2023-06-22T06:36:49.694+0000] {dag.py:2726} INFO - Sync 1 DAGs
[2023-06-22T06:36:49.764+0000] {logging_mixin.py:149} INFO - [2023-06-22T06:36:49.763+0000] {dag.py:2747} INFO - Creating ORM DAG for example_weekday_branch_operator
[2023-06-22T06:36:49.830+0000] {logging_mixin.py:149} INFO - [2023-06-22T06:36:49.830+0000] {dag.py:3490} INFO - Setting next_dagrun for example_weekday_branch_operator to 2023-06-21T00:00:00+00:00, run_after=2023-06-22T00:00:00+00:00
[2023-06-22T06:36:50.100+0000] {processor.py:179} INFO - Processing /home/airflow/.local/lib/python3.7/site-packages/airflow/example_dags/example_branch_day_of_week_operator.py took 2.677 seconds
[2023-06-22T06:37:20.820+0000] {processor.py:157} INFO - Started process (PID=92) to work on /home/airflow/.local/lib/python3.7/site-packages/airflow/example_dags/example_branch_day_of_week_operator.py
[2023-06-22T06:37:20.823+0000] {processor.py:826} INFO - Processing file /home/airflow/.local/lib/python3.7/site-packages/airflow/example_dags/example_branch_day_of_week_operator.py for tasks to queue
[2023-06-22T06:37:20.825+0000] {logging_mixin.py:149} INFO - [2023-06-22T06:37:20.825+0000] {dagbag.py:541} INFO - Filling up the DagBag from /home/airflow/.local/lib/python3.7/site-packages/airflow/example_dags/example_branch_day_of_week_operator.py
[2023-06-22T06:37:20.838+0000] {processor.py:836} INFO - DAG(s) dict_keys(['example_weekday_branch_operator']) retrieved from /home/airflow/.local/lib/python3.7/site-packages/airflow/example_dags/example_branch_day_of_week_operator.py
[2023-06-22T06:37:20.879+0000] {logging_mixin.py:149} INFO - [2023-06-22T06:37:20.878+0000] {dag.py:2726} INFO - Sync 1 DAGs
[2023-06-22T06:37:20.920+0000] {logging_mixin.py:149} INFO - [2023-06-22T06:37:20.919+0000] {dag.py:3490} INFO - Setting next_dagrun for example_weekday_branch_operator to 2023-06-21T00:00:00+00:00, run_after=2023-06-22T00:00:00+00:00
[2023-06-22T06:37:20.958+0000] {processor.py:179} INFO - Processing /home/airflow/.local/lib/python3.7/site-packages/airflow/example_dags/example_branch_day_of_week_operator.py took 0.144 seconds
[2023-06-22T06:38:17.691+0000] {processor.py:157} INFO - Started process (PID=35) to work on /home/airflow/.local/lib/python3.7/site-packages/airflow/example_dags/example_branch_day_of_week_operator.py
[2023-06-22T06:38:17.696+0000] {processor.py:826} INFO - Processing file /home/airflow/.local/lib/python3.7/site-packages/airflow/example_dags/example_branch_day_of_week_operator.py for tasks to queue
[2023-06-22T06:38:17.698+0000] {logging_mixin.py:149} INFO - [2023-06-22T06:38:17.698+0000] {dagbag.py:541} INFO - Filling up the DagBag from /home/airflow/.local/lib/python3.7/site-packages/airflow/example_dags/example_branch_day_of_week_operator.py
[2023-06-22T06:38:17.735+0000] {processor.py:836} INFO - DAG(s) dict_keys(['example_weekday_branch_operator']) retrieved from /home/airflow/.local/lib/python3.7/site-packages/airflow/example_dags/example_branch_day_of_week_operator.py
[2023-06-22T06:38:17.913+0000] {logging_mixin.py:149} INFO - [2023-06-22T06:38:17.913+0000] {manager.py:504} INFO - Created Permission View: can edit on DAG:example_weekday_branch_operator
[2023-06-22T06:38:17.928+0000] {logging_mixin.py:149} INFO - [2023-06-22T06:38:17.928+0000] {manager.py:504} INFO - Created Permission View: can read on DAG:example_weekday_branch_operator
[2023-06-22T06:38:17.938+0000] {logging_mixin.py:149} INFO - [2023-06-22T06:38:17.938+0000] {manager.py:504} INFO - Created Permission View: can delete on DAG:example_weekday_branch_operator
[2023-06-22T06:38:17.955+0000] {logging_mixin.py:149} INFO - [2023-06-22T06:38:17.954+0000] {dag.py:2726} INFO - Sync 1 DAGs
[2023-06-22T06:38:17.972+0000] {logging_mixin.py:149} INFO - [2023-06-22T06:38:17.972+0000] {dag.py:2747} INFO - Creating ORM DAG for example_weekday_branch_operator
[2023-06-22T06:38:17.994+0000] {logging_mixin.py:149} INFO - [2023-06-22T06:38:17.993+0000] {dag.py:3490} INFO - Setting next_dagrun for example_weekday_branch_operator to 2023-06-21T00:00:00+00:00, run_after=2023-06-22T00:00:00+00:00
[2023-06-22T06:38:18.022+0000] {processor.py:179} INFO - Processing /home/airflow/.local/lib/python3.7/site-packages/airflow/example_dags/example_branch_day_of_week_operator.py took 0.333 seconds
[2023-06-22T06:38:48.365+0000] {processor.py:157} INFO - Started process (PID=92) to work on /home/airflow/.local/lib/python3.7/site-packages/airflow/example_dags/example_branch_day_of_week_operator.py
[2023-06-22T06:38:48.366+0000] {processor.py:826} INFO - Processing file /home/airflow/.local/lib/python3.7/site-packages/airflow/example_dags/example_branch_day_of_week_operator.py for tasks to queue
[2023-06-22T06:38:48.367+0000] {logging_mixin.py:149} INFO - [2023-06-22T06:38:48.367+0000] {dagbag.py:541} INFO - Filling up the DagBag from /home/airflow/.local/lib/python3.7/site-packages/airflow/example_dags/example_branch_day_of_week_operator.py
[2023-06-22T06:38:48.373+0000] {processor.py:836} INFO - DAG(s) dict_keys(['example_weekday_branch_operator']) retrieved from /home/airflow/.local/lib/python3.7/site-packages/airflow/example_dags/example_branch_day_of_week_operator.py
[2023-06-22T06:38:48.395+0000] {logging_mixin.py:149} INFO - [2023-06-22T06:38:48.395+0000] {dag.py:2726} INFO - Sync 1 DAGs
[2023-06-22T06:38:48.413+0000] {logging_mixin.py:149} INFO - [2023-06-22T06:38:48.413+0000] {dag.py:3490} INFO - Setting next_dagrun for example_weekday_branch_operator to 2023-06-21T00:00:00+00:00, run_after=2023-06-22T00:00:00+00:00
[2023-06-22T06:38:48.425+0000] {processor.py:179} INFO - Processing /home/airflow/.local/lib/python3.7/site-packages/airflow/example_dags/example_branch_day_of_week_operator.py took 0.063 seconds
[2023-06-22T06:39:19.240+0000] {processor.py:157} INFO - Started process (PID=149) to work on /home/airflow/.local/lib/python3.7/site-packages/airflow/example_dags/example_branch_day_of_week_operator.py
[2023-06-22T06:39:19.241+0000] {processor.py:826} INFO - Processing file /home/airflow/.local/lib/python3.7/site-packages/airflow/example_dags/example_branch_day_of_week_operator.py for tasks to queue
[2023-06-22T06:39:19.242+0000] {logging_mixin.py:149} INFO - [2023-06-22T06:39:19.242+0000] {dagbag.py:541} INFO - Filling up the DagBag from /home/airflow/.local/lib/python3.7/site-packages/airflow/example_dags/example_branch_day_of_week_operator.py
[2023-06-22T06:39:19.248+0000] {processor.py:836} INFO - DAG(s) dict_keys(['example_weekday_branch_operator']) retrieved from /home/airflow/.local/lib/python3.7/site-packages/airflow/example_dags/example_branch_day_of_week_operator.py
[2023-06-22T06:39:19.270+0000] {logging_mixin.py:149} INFO - [2023-06-22T06:39:19.270+0000] {dag.py:2726} INFO - Sync 1 DAGs
[2023-06-22T06:39:19.288+0000] {logging_mixin.py:149} INFO - [2023-06-22T06:39:19.288+0000] {dag.py:3490} INFO - Setting next_dagrun for example_weekday_branch_operator to 2023-06-21T00:00:00+00:00, run_after=2023-06-22T00:00:00+00:00
[2023-06-22T06:39:19.299+0000] {processor.py:179} INFO - Processing /home/airflow/.local/lib/python3.7/site-packages/airflow/example_dags/example_branch_day_of_week_operator.py took 0.062 seconds
[2023-06-22T06:39:49.799+0000] {processor.py:157} INFO - Started process (PID=206) to work on /home/airflow/.local/lib/python3.7/site-packages/airflow/example_dags/example_branch_day_of_week_operator.py
[2023-06-22T06:39:49.800+0000] {processor.py:826} INFO - Processing file /home/airflow/.local/lib/python3.7/site-packages/airflow/example_dags/example_branch_day_of_week_operator.py for tasks to queue
[2023-06-22T06:39:49.801+0000] {logging_mixin.py:149} INFO - [2023-06-22T06:39:49.801+0000] {dagbag.py:541} INFO - Filling up the DagBag from /home/airflow/.local/lib/python3.7/site-packages/airflow/example_dags/example_branch_day_of_week_operator.py
[2023-06-22T06:39:49.808+0000] {processor.py:836} INFO - DAG(s) dict_keys(['example_weekday_branch_operator']) retrieved from /home/airflow/.local/lib/python3.7/site-packages/airflow/example_dags/example_branch_day_of_week_operator.py
[2023-06-22T06:39:49.850+0000] {logging_mixin.py:149} INFO - [2023-06-22T06:39:49.850+0000] {dag.py:2726} INFO - Sync 1 DAGs
[2023-06-22T06:39:49.875+0000] {logging_mixin.py:149} INFO - [2023-06-22T06:39:49.875+0000] {dag.py:3490} INFO - Setting next_dagrun for example_weekday_branch_operator to 2023-06-21T00:00:00+00:00, run_after=2023-06-22T00:00:00+00:00
[2023-06-22T06:39:49.895+0000] {processor.py:179} INFO - Processing /home/airflow/.local/lib/python3.7/site-packages/airflow/example_dags/example_branch_day_of_week_operator.py took 0.099 seconds
[2023-06-22T06:40:20.224+0000] {processor.py:157} INFO - Started process (PID=263) to work on /home/airflow/.local/lib/python3.7/site-packages/airflow/example_dags/example_branch_day_of_week_operator.py
[2023-06-22T06:40:20.225+0000] {processor.py:826} INFO - Processing file /home/airflow/.local/lib/python3.7/site-packages/airflow/example_dags/example_branch_day_of_week_operator.py for tasks to queue
[2023-06-22T06:40:20.226+0000] {logging_mixin.py:149} INFO - [2023-06-22T06:40:20.226+0000] {dagbag.py:541} INFO - Filling up the DagBag from /home/airflow/.local/lib/python3.7/site-packages/airflow/example_dags/example_branch_day_of_week_operator.py
[2023-06-22T06:40:20.232+0000] {processor.py:836} INFO - DAG(s) dict_keys(['example_weekday_branch_operator']) retrieved from /home/airflow/.local/lib/python3.7/site-packages/airflow/example_dags/example_branch_day_of_week_operator.py
[2023-06-22T06:40:20.258+0000] {logging_mixin.py:149} INFO - [2023-06-22T06:40:20.258+0000] {dag.py:2726} INFO - Sync 1 DAGs
[2023-06-22T06:40:20.278+0000] {logging_mixin.py:149} INFO - [2023-06-22T06:40:20.278+0000] {dag.py:3490} INFO - Setting next_dagrun for example_weekday_branch_operator to 2023-06-21T00:00:00+00:00, run_after=2023-06-22T00:00:00+00:00
[2023-06-22T06:40:20.290+0000] {processor.py:179} INFO - Processing /home/airflow/.local/lib/python3.7/site-packages/airflow/example_dags/example_branch_day_of_week_operator.py took 0.069 seconds
