[2023-06-22T06:37:18.184+0000] {processor.py:157} INFO - Started process (PID=72) to work on /home/airflow/.local/lib/python3.7/site-packages/airflow/example_dags/example_external_task_marker_dag.py
[2023-06-22T06:37:18.186+0000] {processor.py:826} INFO - Processing file /home/airflow/.local/lib/python3.7/site-packages/airflow/example_dags/example_external_task_marker_dag.py for tasks to queue
[2023-06-22T06:37:18.189+0000] {logging_mixin.py:149} INFO - [2023-06-22T06:37:18.188+0000] {dagbag.py:541} INFO - Filling up the DagBag from /home/airflow/.local/lib/python3.7/site-packages/airflow/example_dags/example_external_task_marker_dag.py
[2023-06-22T06:37:18.200+0000] {processor.py:836} INFO - DAG(s) dict_keys(['example_external_task_marker_parent', 'example_external_task_marker_child']) retrieved from /home/airflow/.local/lib/python3.7/site-packages/airflow/example_dags/example_external_task_marker_dag.py
[2023-06-22T06:37:18.311+0000] {logging_mixin.py:149} INFO - [2023-06-22T06:37:18.310+0000] {manager.py:504} INFO - Created Permission View: can read on DAG:example_external_task_marker_parent
[2023-06-22T06:37:18.329+0000] {logging_mixin.py:149} INFO - [2023-06-22T06:37:18.329+0000] {manager.py:504} INFO - Created Permission View: can delete on DAG:example_external_task_marker_parent
[2023-06-22T06:37:18.341+0000] {logging_mixin.py:149} INFO - [2023-06-22T06:37:18.341+0000] {manager.py:504} INFO - Created Permission View: can edit on DAG:example_external_task_marker_parent
[2023-06-22T06:37:18.380+0000] {logging_mixin.py:149} INFO - [2023-06-22T06:37:18.380+0000] {manager.py:504} INFO - Created Permission View: can read on DAG:example_external_task_marker_child
[2023-06-22T06:37:18.391+0000] {logging_mixin.py:149} INFO - [2023-06-22T06:37:18.391+0000] {manager.py:504} INFO - Created Permission View: can delete on DAG:example_external_task_marker_child
[2023-06-22T06:37:18.402+0000] {logging_mixin.py:149} INFO - [2023-06-22T06:37:18.402+0000] {manager.py:504} INFO - Created Permission View: can edit on DAG:example_external_task_marker_child
[2023-06-22T06:37:18.414+0000] {logging_mixin.py:149} INFO - [2023-06-22T06:37:18.414+0000] {dag.py:2726} INFO - Sync 2 DAGs
[2023-06-22T06:37:18.431+0000] {logging_mixin.py:149} INFO - [2023-06-22T06:37:18.431+0000] {dag.py:2747} INFO - Creating ORM DAG for example_external_task_marker_parent
[2023-06-22T06:37:18.433+0000] {logging_mixin.py:149} INFO - [2023-06-22T06:37:18.433+0000] {dag.py:2747} INFO - Creating ORM DAG for example_external_task_marker_child
[2023-06-22T06:37:18.448+0000] {logging_mixin.py:149} INFO - [2023-06-22T06:37:18.448+0000] {dag.py:3490} INFO - Setting next_dagrun for example_external_task_marker_child to None, run_after=None
[2023-06-22T06:37:18.450+0000] {logging_mixin.py:149} INFO - [2023-06-22T06:37:18.450+0000] {dag.py:3490} INFO - Setting next_dagrun for example_external_task_marker_parent to None, run_after=None
[2023-06-22T06:37:18.481+0000] {processor.py:179} INFO - Processing /home/airflow/.local/lib/python3.7/site-packages/airflow/example_dags/example_external_task_marker_dag.py took 0.304 seconds
[2023-06-22T06:38:24.682+0000] {processor.py:157} INFO - Started process (PID=65) to work on /home/airflow/.local/lib/python3.7/site-packages/airflow/example_dags/example_external_task_marker_dag.py
[2023-06-22T06:38:24.684+0000] {processor.py:826} INFO - Processing file /home/airflow/.local/lib/python3.7/site-packages/airflow/example_dags/example_external_task_marker_dag.py for tasks to queue
[2023-06-22T06:38:24.685+0000] {logging_mixin.py:149} INFO - [2023-06-22T06:38:24.685+0000] {dagbag.py:541} INFO - Filling up the DagBag from /home/airflow/.local/lib/python3.7/site-packages/airflow/example_dags/example_external_task_marker_dag.py
[2023-06-22T06:38:24.696+0000] {processor.py:836} INFO - DAG(s) dict_keys(['example_external_task_marker_child', 'example_external_task_marker_parent']) retrieved from /home/airflow/.local/lib/python3.7/site-packages/airflow/example_dags/example_external_task_marker_dag.py
[2023-06-22T06:38:24.823+0000] {logging_mixin.py:149} INFO - [2023-06-22T06:38:24.823+0000] {manager.py:504} INFO - Created Permission View: can edit on DAG:example_external_task_marker_child
[2023-06-22T06:38:24.837+0000] {logging_mixin.py:149} INFO - [2023-06-22T06:38:24.836+0000] {manager.py:504} INFO - Created Permission View: can read on DAG:example_external_task_marker_child
[2023-06-22T06:38:24.852+0000] {logging_mixin.py:149} INFO - [2023-06-22T06:38:24.852+0000] {manager.py:504} INFO - Created Permission View: can delete on DAG:example_external_task_marker_child
[2023-06-22T06:38:24.878+0000] {logging_mixin.py:149} INFO - [2023-06-22T06:38:24.878+0000] {manager.py:504} INFO - Created Permission View: can edit on DAG:example_external_task_marker_parent
[2023-06-22T06:38:24.884+0000] {logging_mixin.py:149} INFO - [2023-06-22T06:38:24.884+0000] {manager.py:504} INFO - Created Permission View: can read on DAG:example_external_task_marker_parent
[2023-06-22T06:38:24.890+0000] {logging_mixin.py:149} INFO - [2023-06-22T06:38:24.890+0000] {manager.py:504} INFO - Created Permission View: can delete on DAG:example_external_task_marker_parent
[2023-06-22T06:38:24.896+0000] {logging_mixin.py:149} INFO - [2023-06-22T06:38:24.896+0000] {dag.py:2726} INFO - Sync 2 DAGs
[2023-06-22T06:38:24.908+0000] {logging_mixin.py:149} INFO - [2023-06-22T06:38:24.908+0000] {dag.py:2747} INFO - Creating ORM DAG for example_external_task_marker_parent
[2023-06-22T06:38:24.909+0000] {logging_mixin.py:149} INFO - [2023-06-22T06:38:24.909+0000] {dag.py:2747} INFO - Creating ORM DAG for example_external_task_marker_child
[2023-06-22T06:38:24.920+0000] {logging_mixin.py:149} INFO - [2023-06-22T06:38:24.919+0000] {dag.py:3490} INFO - Setting next_dagrun for example_external_task_marker_child to None, run_after=None
[2023-06-22T06:38:24.921+0000] {logging_mixin.py:149} INFO - [2023-06-22T06:38:24.921+0000] {dag.py:3490} INFO - Setting next_dagrun for example_external_task_marker_parent to None, run_after=None
[2023-06-22T06:38:24.941+0000] {processor.py:179} INFO - Processing /home/airflow/.local/lib/python3.7/site-packages/airflow/example_dags/example_external_task_marker_dag.py took 0.262 seconds
[2023-06-22T06:38:55.143+0000] {processor.py:157} INFO - Started process (PID=122) to work on /home/airflow/.local/lib/python3.7/site-packages/airflow/example_dags/example_external_task_marker_dag.py
[2023-06-22T06:38:55.144+0000] {processor.py:826} INFO - Processing file /home/airflow/.local/lib/python3.7/site-packages/airflow/example_dags/example_external_task_marker_dag.py for tasks to queue
[2023-06-22T06:38:55.145+0000] {logging_mixin.py:149} INFO - [2023-06-22T06:38:55.145+0000] {dagbag.py:541} INFO - Filling up the DagBag from /home/airflow/.local/lib/python3.7/site-packages/airflow/example_dags/example_external_task_marker_dag.py
[2023-06-22T06:38:55.151+0000] {processor.py:836} INFO - DAG(s) dict_keys(['example_external_task_marker_child', 'example_external_task_marker_parent']) retrieved from /home/airflow/.local/lib/python3.7/site-packages/airflow/example_dags/example_external_task_marker_dag.py
[2023-06-22T06:38:55.176+0000] {logging_mixin.py:149} INFO - [2023-06-22T06:38:55.176+0000] {dag.py:2726} INFO - Sync 2 DAGs
[2023-06-22T06:38:55.196+0000] {logging_mixin.py:149} INFO - [2023-06-22T06:38:55.196+0000] {dag.py:3490} INFO - Setting next_dagrun for example_external_task_marker_child to None, run_after=None
[2023-06-22T06:38:55.198+0000] {logging_mixin.py:149} INFO - [2023-06-22T06:38:55.198+0000] {dag.py:3490} INFO - Setting next_dagrun for example_external_task_marker_parent to None, run_after=None
[2023-06-22T06:38:55.207+0000] {processor.py:179} INFO - Processing /home/airflow/.local/lib/python3.7/site-packages/airflow/example_dags/example_external_task_marker_dag.py took 0.068 seconds
[2023-06-22T06:39:26.100+0000] {processor.py:157} INFO - Started process (PID=179) to work on /home/airflow/.local/lib/python3.7/site-packages/airflow/example_dags/example_external_task_marker_dag.py
[2023-06-22T06:39:26.102+0000] {processor.py:826} INFO - Processing file /home/airflow/.local/lib/python3.7/site-packages/airflow/example_dags/example_external_task_marker_dag.py for tasks to queue
[2023-06-22T06:39:26.103+0000] {logging_mixin.py:149} INFO - [2023-06-22T06:39:26.103+0000] {dagbag.py:541} INFO - Filling up the DagBag from /home/airflow/.local/lib/python3.7/site-packages/airflow/example_dags/example_external_task_marker_dag.py
[2023-06-22T06:39:26.108+0000] {processor.py:836} INFO - DAG(s) dict_keys(['example_external_task_marker_parent', 'example_external_task_marker_child']) retrieved from /home/airflow/.local/lib/python3.7/site-packages/airflow/example_dags/example_external_task_marker_dag.py
[2023-06-22T06:39:26.130+0000] {logging_mixin.py:149} INFO - [2023-06-22T06:39:26.130+0000] {dag.py:2726} INFO - Sync 2 DAGs
[2023-06-22T06:39:26.150+0000] {logging_mixin.py:149} INFO - [2023-06-22T06:39:26.150+0000] {dag.py:3490} INFO - Setting next_dagrun for example_external_task_marker_child to None, run_after=None
[2023-06-22T06:39:26.152+0000] {logging_mixin.py:149} INFO - [2023-06-22T06:39:26.152+0000] {dag.py:3490} INFO - Setting next_dagrun for example_external_task_marker_parent to None, run_after=None
[2023-06-22T06:39:26.162+0000] {processor.py:179} INFO - Processing /home/airflow/.local/lib/python3.7/site-packages/airflow/example_dags/example_external_task_marker_dag.py took 0.065 seconds
[2023-06-22T06:39:56.818+0000] {processor.py:157} INFO - Started process (PID=236) to work on /home/airflow/.local/lib/python3.7/site-packages/airflow/example_dags/example_external_task_marker_dag.py
[2023-06-22T06:39:56.820+0000] {processor.py:826} INFO - Processing file /home/airflow/.local/lib/python3.7/site-packages/airflow/example_dags/example_external_task_marker_dag.py for tasks to queue
[2023-06-22T06:39:56.821+0000] {logging_mixin.py:149} INFO - [2023-06-22T06:39:56.821+0000] {dagbag.py:541} INFO - Filling up the DagBag from /home/airflow/.local/lib/python3.7/site-packages/airflow/example_dags/example_external_task_marker_dag.py
[2023-06-22T06:39:56.826+0000] {processor.py:836} INFO - DAG(s) dict_keys(['example_external_task_marker_parent', 'example_external_task_marker_child']) retrieved from /home/airflow/.local/lib/python3.7/site-packages/airflow/example_dags/example_external_task_marker_dag.py
[2023-06-22T06:39:56.852+0000] {logging_mixin.py:149} INFO - [2023-06-22T06:39:56.852+0000] {dag.py:2726} INFO - Sync 2 DAGs
[2023-06-22T06:39:56.870+0000] {logging_mixin.py:149} INFO - [2023-06-22T06:39:56.870+0000] {dag.py:3490} INFO - Setting next_dagrun for example_external_task_marker_child to None, run_after=None
[2023-06-22T06:39:56.873+0000] {logging_mixin.py:149} INFO - [2023-06-22T06:39:56.873+0000] {dag.py:3490} INFO - Setting next_dagrun for example_external_task_marker_parent to None, run_after=None
[2023-06-22T06:39:56.885+0000] {processor.py:179} INFO - Processing /home/airflow/.local/lib/python3.7/site-packages/airflow/example_dags/example_external_task_marker_dag.py took 0.071 seconds
[2023-06-22T06:40:27.145+0000] {processor.py:157} INFO - Started process (PID=293) to work on /home/airflow/.local/lib/python3.7/site-packages/airflow/example_dags/example_external_task_marker_dag.py
[2023-06-22T06:40:27.146+0000] {processor.py:826} INFO - Processing file /home/airflow/.local/lib/python3.7/site-packages/airflow/example_dags/example_external_task_marker_dag.py for tasks to queue
[2023-06-22T06:40:27.147+0000] {logging_mixin.py:149} INFO - [2023-06-22T06:40:27.147+0000] {dagbag.py:541} INFO - Filling up the DagBag from /home/airflow/.local/lib/python3.7/site-packages/airflow/example_dags/example_external_task_marker_dag.py
[2023-06-22T06:40:27.152+0000] {processor.py:836} INFO - DAG(s) dict_keys(['example_external_task_marker_parent', 'example_external_task_marker_child']) retrieved from /home/airflow/.local/lib/python3.7/site-packages/airflow/example_dags/example_external_task_marker_dag.py
[2023-06-22T06:40:27.173+0000] {logging_mixin.py:149} INFO - [2023-06-22T06:40:27.172+0000] {dag.py:2726} INFO - Sync 2 DAGs
[2023-06-22T06:40:27.189+0000] {logging_mixin.py:149} INFO - [2023-06-22T06:40:27.189+0000] {dag.py:3490} INFO - Setting next_dagrun for example_external_task_marker_child to None, run_after=None
[2023-06-22T06:40:27.192+0000] {logging_mixin.py:149} INFO - [2023-06-22T06:40:27.192+0000] {dag.py:3490} INFO - Setting next_dagrun for example_external_task_marker_parent to None, run_after=None
[2023-06-22T06:40:27.203+0000] {processor.py:179} INFO - Processing /home/airflow/.local/lib/python3.7/site-packages/airflow/example_dags/example_external_task_marker_dag.py took 0.061 seconds
