[2023-06-22T06:36:49.099+0000] {processor.py:157} INFO - Started process (PID=36) to work on /home/airflow/.local/lib/python3.7/site-packages/airflow/example_dags/example_short_circuit_decorator.py
[2023-06-22T06:36:49.176+0000] {processor.py:826} INFO - Processing file /home/airflow/.local/lib/python3.7/site-packages/airflow/example_dags/example_short_circuit_decorator.py for tasks to queue
[2023-06-22T06:36:49.208+0000] {logging_mixin.py:149} INFO - [2023-06-22T06:36:49.207+0000] {dagbag.py:541} INFO - Filling up the DagBag from /home/airflow/.local/lib/python3.7/site-packages/airflow/example_dags/example_short_circuit_decorator.py
[2023-06-22T06:36:49.346+0000] {processor.py:836} INFO - DAG(s) dict_keys(['example_short_circuit_decorator']) retrieved from /home/airflow/.local/lib/python3.7/site-packages/airflow/example_dags/example_short_circuit_decorator.py
[2023-06-22T06:36:49.867+0000] {logging_mixin.py:149} INFO - [2023-06-22T06:36:49.867+0000] {manager.py:504} INFO - Created Permission View: can read on DAG:example_short_circuit_decorator
[2023-06-22T06:36:49.903+0000] {logging_mixin.py:149} INFO - [2023-06-22T06:36:49.902+0000] {manager.py:504} INFO - Created Permission View: can delete on DAG:example_short_circuit_decorator
[2023-06-22T06:36:50.019+0000] {logging_mixin.py:149} INFO - [2023-06-22T06:36:50.018+0000] {manager.py:504} INFO - Created Permission View: can edit on DAG:example_short_circuit_decorator
[2023-06-22T06:36:50.162+0000] {logging_mixin.py:149} INFO - [2023-06-22T06:36:50.161+0000] {dag.py:2726} INFO - Sync 1 DAGs
[2023-06-22T06:36:50.474+0000] {logging_mixin.py:149} INFO - [2023-06-22T06:36:50.473+0000] {dag.py:2747} INFO - Creating ORM DAG for example_short_circuit_decorator
[2023-06-22T06:36:50.665+0000] {logging_mixin.py:149} INFO - [2023-06-22T06:36:50.665+0000] {dag.py:3490} INFO - Setting next_dagrun for example_short_circuit_decorator to 2023-06-21T06:36:50.664773+00:00, run_after=2023-06-22T06:36:50.664773+00:00
[2023-06-22T06:36:50.885+0000] {processor.py:179} INFO - Processing /home/airflow/.local/lib/python3.7/site-packages/airflow/example_dags/example_short_circuit_decorator.py took 1.856 seconds
[2023-06-22T06:37:21.911+0000] {processor.py:157} INFO - Started process (PID=93) to work on /home/airflow/.local/lib/python3.7/site-packages/airflow/example_dags/example_short_circuit_decorator.py
[2023-06-22T06:37:21.921+0000] {processor.py:826} INFO - Processing file /home/airflow/.local/lib/python3.7/site-packages/airflow/example_dags/example_short_circuit_decorator.py for tasks to queue
[2023-06-22T06:37:21.930+0000] {logging_mixin.py:149} INFO - [2023-06-22T06:37:21.930+0000] {dagbag.py:541} INFO - Filling up the DagBag from /home/airflow/.local/lib/python3.7/site-packages/airflow/example_dags/example_short_circuit_decorator.py
[2023-06-22T06:37:21.948+0000] {processor.py:836} INFO - DAG(s) dict_keys(['example_short_circuit_decorator']) retrieved from /home/airflow/.local/lib/python3.7/site-packages/airflow/example_dags/example_short_circuit_decorator.py
[2023-06-22T06:37:22.013+0000] {logging_mixin.py:149} INFO - [2023-06-22T06:37:22.012+0000] {dag.py:2726} INFO - Sync 1 DAGs
[2023-06-22T06:37:22.066+0000] {logging_mixin.py:149} INFO - [2023-06-22T06:37:22.066+0000] {dag.py:3490} INFO - Setting next_dagrun for example_short_circuit_decorator to 2023-06-21T06:37:22.066014+00:00, run_after=2023-06-22T06:37:22.066014+00:00
[2023-06-22T06:37:22.101+0000] {processor.py:179} INFO - Processing /home/airflow/.local/lib/python3.7/site-packages/airflow/example_dags/example_short_circuit_decorator.py took 0.198 seconds
[2023-06-22T06:38:17.926+0000] {processor.py:157} INFO - Started process (PID=36) to work on /home/airflow/.local/lib/python3.7/site-packages/airflow/example_dags/example_short_circuit_decorator.py
[2023-06-22T06:38:17.929+0000] {processor.py:826} INFO - Processing file /home/airflow/.local/lib/python3.7/site-packages/airflow/example_dags/example_short_circuit_decorator.py for tasks to queue
[2023-06-22T06:38:17.931+0000] {logging_mixin.py:149} INFO - [2023-06-22T06:38:17.930+0000] {dagbag.py:541} INFO - Filling up the DagBag from /home/airflow/.local/lib/python3.7/site-packages/airflow/example_dags/example_short_circuit_decorator.py
[2023-06-22T06:38:17.950+0000] {processor.py:836} INFO - DAG(s) dict_keys(['example_short_circuit_decorator']) retrieved from /home/airflow/.local/lib/python3.7/site-packages/airflow/example_dags/example_short_circuit_decorator.py
[2023-06-22T06:38:18.114+0000] {logging_mixin.py:149} INFO - [2023-06-22T06:38:18.114+0000] {manager.py:504} INFO - Created Permission View: can edit on DAG:example_short_circuit_decorator
[2023-06-22T06:38:18.138+0000] {logging_mixin.py:149} INFO - [2023-06-22T06:38:18.137+0000] {manager.py:504} INFO - Created Permission View: can read on DAG:example_short_circuit_decorator
[2023-06-22T06:38:18.149+0000] {logging_mixin.py:149} INFO - [2023-06-22T06:38:18.148+0000] {manager.py:504} INFO - Created Permission View: can delete on DAG:example_short_circuit_decorator
[2023-06-22T06:38:18.170+0000] {logging_mixin.py:149} INFO - [2023-06-22T06:38:18.170+0000] {dag.py:2726} INFO - Sync 1 DAGs
[2023-06-22T06:38:18.183+0000] {logging_mixin.py:149} INFO - [2023-06-22T06:38:18.183+0000] {dag.py:2747} INFO - Creating ORM DAG for example_short_circuit_decorator
[2023-06-22T06:38:18.196+0000] {logging_mixin.py:149} INFO - [2023-06-22T06:38:18.195+0000] {dag.py:3490} INFO - Setting next_dagrun for example_short_circuit_decorator to 2023-06-21T06:38:18.195558+00:00, run_after=2023-06-22T06:38:18.195558+00:00
[2023-06-22T06:38:18.215+0000] {processor.py:179} INFO - Processing /home/airflow/.local/lib/python3.7/site-packages/airflow/example_dags/example_short_circuit_decorator.py took 0.292 seconds
[2023-06-22T06:38:48.402+0000] {processor.py:157} INFO - Started process (PID=93) to work on /home/airflow/.local/lib/python3.7/site-packages/airflow/example_dags/example_short_circuit_decorator.py
[2023-06-22T06:38:48.404+0000] {processor.py:826} INFO - Processing file /home/airflow/.local/lib/python3.7/site-packages/airflow/example_dags/example_short_circuit_decorator.py for tasks to queue
[2023-06-22T06:38:48.405+0000] {logging_mixin.py:149} INFO - [2023-06-22T06:38:48.404+0000] {dagbag.py:541} INFO - Filling up the DagBag from /home/airflow/.local/lib/python3.7/site-packages/airflow/example_dags/example_short_circuit_decorator.py
[2023-06-22T06:38:48.412+0000] {processor.py:836} INFO - DAG(s) dict_keys(['example_short_circuit_decorator']) retrieved from /home/airflow/.local/lib/python3.7/site-packages/airflow/example_dags/example_short_circuit_decorator.py
[2023-06-22T06:38:48.434+0000] {logging_mixin.py:149} INFO - [2023-06-22T06:38:48.434+0000] {dag.py:2726} INFO - Sync 1 DAGs
[2023-06-22T06:38:48.452+0000] {logging_mixin.py:149} INFO - [2023-06-22T06:38:48.452+0000] {dag.py:3490} INFO - Setting next_dagrun for example_short_circuit_decorator to 2023-06-21T06:38:48.452312+00:00, run_after=2023-06-22T06:38:48.452312+00:00
[2023-06-22T06:38:48.464+0000] {processor.py:179} INFO - Processing /home/airflow/.local/lib/python3.7/site-packages/airflow/example_dags/example_short_circuit_decorator.py took 0.064 seconds
[2023-06-22T06:39:19.274+0000] {processor.py:157} INFO - Started process (PID=150) to work on /home/airflow/.local/lib/python3.7/site-packages/airflow/example_dags/example_short_circuit_decorator.py
[2023-06-22T06:39:19.276+0000] {processor.py:826} INFO - Processing file /home/airflow/.local/lib/python3.7/site-packages/airflow/example_dags/example_short_circuit_decorator.py for tasks to queue
[2023-06-22T06:39:19.276+0000] {logging_mixin.py:149} INFO - [2023-06-22T06:39:19.276+0000] {dagbag.py:541} INFO - Filling up the DagBag from /home/airflow/.local/lib/python3.7/site-packages/airflow/example_dags/example_short_circuit_decorator.py
[2023-06-22T06:39:19.283+0000] {processor.py:836} INFO - DAG(s) dict_keys(['example_short_circuit_decorator']) retrieved from /home/airflow/.local/lib/python3.7/site-packages/airflow/example_dags/example_short_circuit_decorator.py
[2023-06-22T06:39:19.305+0000] {logging_mixin.py:149} INFO - [2023-06-22T06:39:19.305+0000] {dag.py:2726} INFO - Sync 1 DAGs
[2023-06-22T06:39:19.323+0000] {logging_mixin.py:149} INFO - [2023-06-22T06:39:19.323+0000] {dag.py:3490} INFO - Setting next_dagrun for example_short_circuit_decorator to 2023-06-21T06:39:19.323100+00:00, run_after=2023-06-22T06:39:19.323100+00:00
[2023-06-22T06:39:19.335+0000] {processor.py:179} INFO - Processing /home/airflow/.local/lib/python3.7/site-packages/airflow/example_dags/example_short_circuit_decorator.py took 0.063 seconds
[2023-06-22T06:39:49.854+0000] {processor.py:157} INFO - Started process (PID=207) to work on /home/airflow/.local/lib/python3.7/site-packages/airflow/example_dags/example_short_circuit_decorator.py
[2023-06-22T06:39:49.855+0000] {processor.py:826} INFO - Processing file /home/airflow/.local/lib/python3.7/site-packages/airflow/example_dags/example_short_circuit_decorator.py for tasks to queue
[2023-06-22T06:39:49.856+0000] {logging_mixin.py:149} INFO - [2023-06-22T06:39:49.856+0000] {dagbag.py:541} INFO - Filling up the DagBag from /home/airflow/.local/lib/python3.7/site-packages/airflow/example_dags/example_short_circuit_decorator.py
[2023-06-22T06:39:49.866+0000] {processor.py:836} INFO - DAG(s) dict_keys(['example_short_circuit_decorator']) retrieved from /home/airflow/.local/lib/python3.7/site-packages/airflow/example_dags/example_short_circuit_decorator.py
[2023-06-22T06:39:49.900+0000] {logging_mixin.py:149} INFO - [2023-06-22T06:39:49.900+0000] {dag.py:2726} INFO - Sync 1 DAGs
[2023-06-22T06:39:49.922+0000] {logging_mixin.py:149} INFO - [2023-06-22T06:39:49.921+0000] {dag.py:3490} INFO - Setting next_dagrun for example_short_circuit_decorator to 2023-06-21T06:39:49.921567+00:00, run_after=2023-06-22T06:39:49.921567+00:00
[2023-06-22T06:39:49.941+0000] {processor.py:179} INFO - Processing /home/airflow/.local/lib/python3.7/site-packages/airflow/example_dags/example_short_circuit_decorator.py took 0.091 seconds
[2023-06-22T06:40:20.266+0000] {processor.py:157} INFO - Started process (PID=264) to work on /home/airflow/.local/lib/python3.7/site-packages/airflow/example_dags/example_short_circuit_decorator.py
[2023-06-22T06:40:20.267+0000] {processor.py:826} INFO - Processing file /home/airflow/.local/lib/python3.7/site-packages/airflow/example_dags/example_short_circuit_decorator.py for tasks to queue
[2023-06-22T06:40:20.269+0000] {logging_mixin.py:149} INFO - [2023-06-22T06:40:20.269+0000] {dagbag.py:541} INFO - Filling up the DagBag from /home/airflow/.local/lib/python3.7/site-packages/airflow/example_dags/example_short_circuit_decorator.py
[2023-06-22T06:40:20.277+0000] {processor.py:836} INFO - DAG(s) dict_keys(['example_short_circuit_decorator']) retrieved from /home/airflow/.local/lib/python3.7/site-packages/airflow/example_dags/example_short_circuit_decorator.py
[2023-06-22T06:40:20.299+0000] {logging_mixin.py:149} INFO - [2023-06-22T06:40:20.299+0000] {dag.py:2726} INFO - Sync 1 DAGs
[2023-06-22T06:40:20.317+0000] {logging_mixin.py:149} INFO - [2023-06-22T06:40:20.317+0000] {dag.py:3490} INFO - Setting next_dagrun for example_short_circuit_decorator to 2023-06-21T06:40:20.316884+00:00, run_after=2023-06-22T06:40:20.316884+00:00
[2023-06-22T06:40:20.328+0000] {processor.py:179} INFO - Processing /home/airflow/.local/lib/python3.7/site-packages/airflow/example_dags/example_short_circuit_decorator.py took 0.066 seconds
