[2023-06-22T06:37:13.180+0000] {processor.py:157} INFO - Started process (PID=56) to work on /home/airflow/.local/lib/python3.7/site-packages/airflow/example_dags/example_kubernetes_executor.py
[2023-06-22T06:37:13.186+0000] {processor.py:826} INFO - Processing file /home/airflow/.local/lib/python3.7/site-packages/airflow/example_dags/example_kubernetes_executor.py for tasks to queue
[2023-06-22T06:37:13.206+0000] {logging_mixin.py:149} INFO - [2023-06-22T06:37:13.205+0000] {dagbag.py:541} INFO - Filling up the DagBag from /home/airflow/.local/lib/python3.7/site-packages/airflow/example_dags/example_kubernetes_executor.py
[2023-06-22T06:37:14.972+0000] {processor.py:836} INFO - DAG(s) dict_keys(['example_kubernetes_executor']) retrieved from /home/airflow/.local/lib/python3.7/site-packages/airflow/example_dags/example_kubernetes_executor.py
[2023-06-22T06:37:15.155+0000] {logging_mixin.py:149} INFO - [2023-06-22T06:37:15.154+0000] {manager.py:504} INFO - Created Permission View: can read on DAG:example_kubernetes_executor
[2023-06-22T06:37:15.177+0000] {logging_mixin.py:149} INFO - [2023-06-22T06:37:15.176+0000] {manager.py:504} INFO - Created Permission View: can delete on DAG:example_kubernetes_executor
[2023-06-22T06:37:15.195+0000] {logging_mixin.py:149} INFO - [2023-06-22T06:37:15.195+0000] {manager.py:504} INFO - Created Permission View: can edit on DAG:example_kubernetes_executor
[2023-06-22T06:37:15.232+0000] {logging_mixin.py:149} INFO - [2023-06-22T06:37:15.232+0000] {dag.py:2726} INFO - Sync 1 DAGs
[2023-06-22T06:37:15.305+0000] {logging_mixin.py:149} INFO - [2023-06-22T06:37:15.305+0000] {dag.py:2747} INFO - Creating ORM DAG for example_kubernetes_executor
[2023-06-22T06:37:15.333+0000] {logging_mixin.py:149} INFO - [2023-06-22T06:37:15.333+0000] {dag.py:3490} INFO - Setting next_dagrun for example_kubernetes_executor to None, run_after=None
[2023-06-22T06:37:15.377+0000] {processor.py:179} INFO - Processing /home/airflow/.local/lib/python3.7/site-packages/airflow/example_dags/example_kubernetes_executor.py took 2.252 seconds
[2023-06-22T06:38:20.954+0000] {processor.py:157} INFO - Started process (PID=49) to work on /home/airflow/.local/lib/python3.7/site-packages/airflow/example_dags/example_kubernetes_executor.py
[2023-06-22T06:38:20.970+0000] {processor.py:826} INFO - Processing file /home/airflow/.local/lib/python3.7/site-packages/airflow/example_dags/example_kubernetes_executor.py for tasks to queue
[2023-06-22T06:38:20.972+0000] {logging_mixin.py:149} INFO - [2023-06-22T06:38:20.972+0000] {dagbag.py:541} INFO - Filling up the DagBag from /home/airflow/.local/lib/python3.7/site-packages/airflow/example_dags/example_kubernetes_executor.py
[2023-06-22T06:38:22.393+0000] {processor.py:836} INFO - DAG(s) dict_keys(['example_kubernetes_executor']) retrieved from /home/airflow/.local/lib/python3.7/site-packages/airflow/example_dags/example_kubernetes_executor.py
[2023-06-22T06:38:22.722+0000] {logging_mixin.py:149} INFO - [2023-06-22T06:38:22.722+0000] {manager.py:504} INFO - Created Permission View: can edit on DAG:example_kubernetes_executor
[2023-06-22T06:38:22.737+0000] {logging_mixin.py:149} INFO - [2023-06-22T06:38:22.737+0000] {manager.py:504} INFO - Created Permission View: can read on DAG:example_kubernetes_executor
[2023-06-22T06:38:22.745+0000] {logging_mixin.py:149} INFO - [2023-06-22T06:38:22.745+0000] {manager.py:504} INFO - Created Permission View: can delete on DAG:example_kubernetes_executor
[2023-06-22T06:38:22.759+0000] {logging_mixin.py:149} INFO - [2023-06-22T06:38:22.758+0000] {dag.py:2726} INFO - Sync 1 DAGs
[2023-06-22T06:38:22.778+0000] {logging_mixin.py:149} INFO - [2023-06-22T06:38:22.778+0000] {dag.py:2747} INFO - Creating ORM DAG for example_kubernetes_executor
[2023-06-22T06:38:22.789+0000] {logging_mixin.py:149} INFO - [2023-06-22T06:38:22.789+0000] {dag.py:3490} INFO - Setting next_dagrun for example_kubernetes_executor to None, run_after=None
[2023-06-22T06:38:22.828+0000] {processor.py:179} INFO - Processing /home/airflow/.local/lib/python3.7/site-packages/airflow/example_dags/example_kubernetes_executor.py took 1.892 seconds
[2023-06-22T06:38:53.222+0000] {processor.py:157} INFO - Started process (PID=108) to work on /home/airflow/.local/lib/python3.7/site-packages/airflow/example_dags/example_kubernetes_executor.py
[2023-06-22T06:38:53.225+0000] {processor.py:826} INFO - Processing file /home/airflow/.local/lib/python3.7/site-packages/airflow/example_dags/example_kubernetes_executor.py for tasks to queue
[2023-06-22T06:38:53.226+0000] {logging_mixin.py:149} INFO - [2023-06-22T06:38:53.226+0000] {dagbag.py:541} INFO - Filling up the DagBag from /home/airflow/.local/lib/python3.7/site-packages/airflow/example_dags/example_kubernetes_executor.py
[2023-06-22T06:38:53.438+0000] {processor.py:836} INFO - DAG(s) dict_keys(['example_kubernetes_executor']) retrieved from /home/airflow/.local/lib/python3.7/site-packages/airflow/example_dags/example_kubernetes_executor.py
[2023-06-22T06:38:53.471+0000] {logging_mixin.py:149} INFO - [2023-06-22T06:38:53.471+0000] {dag.py:2726} INFO - Sync 1 DAGs
[2023-06-22T06:38:53.495+0000] {logging_mixin.py:149} INFO - [2023-06-22T06:38:53.495+0000] {dag.py:3490} INFO - Setting next_dagrun for example_kubernetes_executor to None, run_after=None
[2023-06-22T06:38:53.507+0000] {processor.py:179} INFO - Processing /home/airflow/.local/lib/python3.7/site-packages/airflow/example_dags/example_kubernetes_executor.py took 0.290 seconds
[2023-06-22T06:39:24.269+0000] {processor.py:157} INFO - Started process (PID=165) to work on /home/airflow/.local/lib/python3.7/site-packages/airflow/example_dags/example_kubernetes_executor.py
[2023-06-22T06:39:24.271+0000] {processor.py:826} INFO - Processing file /home/airflow/.local/lib/python3.7/site-packages/airflow/example_dags/example_kubernetes_executor.py for tasks to queue
[2023-06-22T06:39:24.272+0000] {logging_mixin.py:149} INFO - [2023-06-22T06:39:24.272+0000] {dagbag.py:541} INFO - Filling up the DagBag from /home/airflow/.local/lib/python3.7/site-packages/airflow/example_dags/example_kubernetes_executor.py
[2023-06-22T06:39:24.441+0000] {processor.py:836} INFO - DAG(s) dict_keys(['example_kubernetes_executor']) retrieved from /home/airflow/.local/lib/python3.7/site-packages/airflow/example_dags/example_kubernetes_executor.py
[2023-06-22T06:39:24.473+0000] {logging_mixin.py:149} INFO - [2023-06-22T06:39:24.473+0000] {dag.py:2726} INFO - Sync 1 DAGs
[2023-06-22T06:39:24.491+0000] {logging_mixin.py:149} INFO - [2023-06-22T06:39:24.491+0000] {dag.py:3490} INFO - Setting next_dagrun for example_kubernetes_executor to None, run_after=None
[2023-06-22T06:39:24.507+0000] {processor.py:179} INFO - Processing /home/airflow/.local/lib/python3.7/site-packages/airflow/example_dags/example_kubernetes_executor.py took 0.244 seconds
[2023-06-22T06:39:54.828+0000] {processor.py:157} INFO - Started process (PID=222) to work on /home/airflow/.local/lib/python3.7/site-packages/airflow/example_dags/example_kubernetes_executor.py
[2023-06-22T06:39:54.831+0000] {processor.py:826} INFO - Processing file /home/airflow/.local/lib/python3.7/site-packages/airflow/example_dags/example_kubernetes_executor.py for tasks to queue
[2023-06-22T06:39:54.833+0000] {logging_mixin.py:149} INFO - [2023-06-22T06:39:54.833+0000] {dagbag.py:541} INFO - Filling up the DagBag from /home/airflow/.local/lib/python3.7/site-packages/airflow/example_dags/example_kubernetes_executor.py
[2023-06-22T06:39:55.082+0000] {processor.py:836} INFO - DAG(s) dict_keys(['example_kubernetes_executor']) retrieved from /home/airflow/.local/lib/python3.7/site-packages/airflow/example_dags/example_kubernetes_executor.py
[2023-06-22T06:39:55.122+0000] {logging_mixin.py:149} INFO - [2023-06-22T06:39:55.122+0000] {dag.py:2726} INFO - Sync 1 DAGs
[2023-06-22T06:39:55.150+0000] {logging_mixin.py:149} INFO - [2023-06-22T06:39:55.150+0000] {dag.py:3490} INFO - Setting next_dagrun for example_kubernetes_executor to None, run_after=None
[2023-06-22T06:39:55.167+0000] {processor.py:179} INFO - Processing /home/airflow/.local/lib/python3.7/site-packages/airflow/example_dags/example_kubernetes_executor.py took 0.348 seconds
[2023-06-22T06:40:25.355+0000] {processor.py:157} INFO - Started process (PID=280) to work on /home/airflow/.local/lib/python3.7/site-packages/airflow/example_dags/example_kubernetes_executor.py
[2023-06-22T06:40:25.356+0000] {processor.py:826} INFO - Processing file /home/airflow/.local/lib/python3.7/site-packages/airflow/example_dags/example_kubernetes_executor.py for tasks to queue
[2023-06-22T06:40:25.357+0000] {logging_mixin.py:149} INFO - [2023-06-22T06:40:25.357+0000] {dagbag.py:541} INFO - Filling up the DagBag from /home/airflow/.local/lib/python3.7/site-packages/airflow/example_dags/example_kubernetes_executor.py
[2023-06-22T06:40:25.515+0000] {processor.py:836} INFO - DAG(s) dict_keys(['example_kubernetes_executor']) retrieved from /home/airflow/.local/lib/python3.7/site-packages/airflow/example_dags/example_kubernetes_executor.py
[2023-06-22T06:40:25.549+0000] {logging_mixin.py:149} INFO - [2023-06-22T06:40:25.549+0000] {dag.py:2726} INFO - Sync 1 DAGs
[2023-06-22T06:40:25.569+0000] {logging_mixin.py:149} INFO - [2023-06-22T06:40:25.569+0000] {dag.py:3490} INFO - Setting next_dagrun for example_kubernetes_executor to None, run_after=None
[2023-06-22T06:40:25.584+0000] {processor.py:179} INFO - Processing /home/airflow/.local/lib/python3.7/site-packages/airflow/example_dags/example_kubernetes_executor.py took 0.233 seconds
