[2023-06-22T06:37:14.317+0000] {processor.py:157} INFO - Started process (PID=58) to work on /home/airflow/.local/lib/python3.7/site-packages/airflow/example_dags/example_branch_operator.py
[2023-06-22T06:37:14.323+0000] {processor.py:826} INFO - Processing file /home/airflow/.local/lib/python3.7/site-packages/airflow/example_dags/example_branch_operator.py for tasks to queue
[2023-06-22T06:37:14.326+0000] {logging_mixin.py:149} INFO - [2023-06-22T06:37:14.325+0000] {dagbag.py:541} INFO - Filling up the DagBag from /home/airflow/.local/lib/python3.7/site-packages/airflow/example_dags/example_branch_operator.py
[2023-06-22T06:37:14.353+0000] {processor.py:836} INFO - DAG(s) dict_keys(['example_branch_operator']) retrieved from /home/airflow/.local/lib/python3.7/site-packages/airflow/example_dags/example_branch_operator.py
[2023-06-22T06:37:14.628+0000] {logging_mixin.py:149} INFO - [2023-06-22T06:37:14.628+0000] {manager.py:504} INFO - Created Permission View: can read on DAG:example_branch_operator
[2023-06-22T06:37:14.666+0000] {logging_mixin.py:149} INFO - [2023-06-22T06:37:14.666+0000] {manager.py:504} INFO - Created Permission View: can delete on DAG:example_branch_operator
[2023-06-22T06:37:14.685+0000] {logging_mixin.py:149} INFO - [2023-06-22T06:37:14.685+0000] {manager.py:504} INFO - Created Permission View: can edit on DAG:example_branch_operator
[2023-06-22T06:37:14.715+0000] {logging_mixin.py:149} INFO - [2023-06-22T06:37:14.715+0000] {dag.py:2726} INFO - Sync 1 DAGs
[2023-06-22T06:37:14.730+0000] {logging_mixin.py:149} INFO - [2023-06-22T06:37:14.730+0000] {dag.py:2747} INFO - Creating ORM DAG for example_branch_operator
[2023-06-22T06:37:14.761+0000] {logging_mixin.py:149} INFO - [2023-06-22T06:37:14.761+0000] {dag.py:3490} INFO - Setting next_dagrun for example_branch_operator to 2023-06-21T00:00:00+00:00, run_after=2023-06-22T00:00:00+00:00
[2023-06-22T06:37:14.812+0000] {processor.py:179} INFO - Processing /home/airflow/.local/lib/python3.7/site-packages/airflow/example_dags/example_branch_operator.py took 0.501 seconds
[2023-06-22T06:38:21.759+0000] {processor.py:157} INFO - Started process (PID=51) to work on /home/airflow/.local/lib/python3.7/site-packages/airflow/example_dags/example_branch_operator.py
[2023-06-22T06:38:21.762+0000] {processor.py:826} INFO - Processing file /home/airflow/.local/lib/python3.7/site-packages/airflow/example_dags/example_branch_operator.py for tasks to queue
[2023-06-22T06:38:21.765+0000] {logging_mixin.py:149} INFO - [2023-06-22T06:38:21.765+0000] {dagbag.py:541} INFO - Filling up the DagBag from /home/airflow/.local/lib/python3.7/site-packages/airflow/example_dags/example_branch_operator.py
[2023-06-22T06:38:21.787+0000] {processor.py:836} INFO - DAG(s) dict_keys(['example_branch_operator']) retrieved from /home/airflow/.local/lib/python3.7/site-packages/airflow/example_dags/example_branch_operator.py
[2023-06-22T06:38:21.959+0000] {logging_mixin.py:149} INFO - [2023-06-22T06:38:21.958+0000] {manager.py:504} INFO - Created Permission View: can edit on DAG:example_branch_operator
[2023-06-22T06:38:21.979+0000] {logging_mixin.py:149} INFO - [2023-06-22T06:38:21.979+0000] {manager.py:504} INFO - Created Permission View: can read on DAG:example_branch_operator
[2023-06-22T06:38:21.994+0000] {logging_mixin.py:149} INFO - [2023-06-22T06:38:21.994+0000] {manager.py:504} INFO - Created Permission View: can delete on DAG:example_branch_operator
[2023-06-22T06:38:22.018+0000] {logging_mixin.py:149} INFO - [2023-06-22T06:38:22.018+0000] {dag.py:2726} INFO - Sync 1 DAGs
[2023-06-22T06:38:22.071+0000] {logging_mixin.py:149} INFO - [2023-06-22T06:38:22.070+0000] {dag.py:2747} INFO - Creating ORM DAG for example_branch_operator
[2023-06-22T06:38:22.108+0000] {logging_mixin.py:149} INFO - [2023-06-22T06:38:22.108+0000] {dag.py:3490} INFO - Setting next_dagrun for example_branch_operator to 2023-06-21T00:00:00+00:00, run_after=2023-06-22T00:00:00+00:00
[2023-06-22T06:38:22.151+0000] {processor.py:179} INFO - Processing /home/airflow/.local/lib/python3.7/site-packages/airflow/example_dags/example_branch_operator.py took 0.397 seconds
[2023-06-22T06:38:52.182+0000] {processor.py:157} INFO - Started process (PID=107) to work on /home/airflow/.local/lib/python3.7/site-packages/airflow/example_dags/example_branch_operator.py
[2023-06-22T06:38:52.183+0000] {processor.py:826} INFO - Processing file /home/airflow/.local/lib/python3.7/site-packages/airflow/example_dags/example_branch_operator.py for tasks to queue
[2023-06-22T06:38:52.184+0000] {logging_mixin.py:149} INFO - [2023-06-22T06:38:52.184+0000] {dagbag.py:541} INFO - Filling up the DagBag from /home/airflow/.local/lib/python3.7/site-packages/airflow/example_dags/example_branch_operator.py
[2023-06-22T06:38:52.191+0000] {processor.py:836} INFO - DAG(s) dict_keys(['example_branch_operator']) retrieved from /home/airflow/.local/lib/python3.7/site-packages/airflow/example_dags/example_branch_operator.py
[2023-06-22T06:38:52.210+0000] {logging_mixin.py:149} INFO - [2023-06-22T06:38:52.210+0000] {dag.py:2726} INFO - Sync 1 DAGs
[2023-06-22T06:38:52.226+0000] {logging_mixin.py:149} INFO - [2023-06-22T06:38:52.226+0000] {dag.py:3490} INFO - Setting next_dagrun for example_branch_operator to 2023-06-21T00:00:00+00:00, run_after=2023-06-22T00:00:00+00:00
[2023-06-22T06:38:52.237+0000] {processor.py:179} INFO - Processing /home/airflow/.local/lib/python3.7/site-packages/airflow/example_dags/example_branch_operator.py took 0.058 seconds
[2023-06-22T06:39:23.191+0000] {processor.py:157} INFO - Started process (PID=164) to work on /home/airflow/.local/lib/python3.7/site-packages/airflow/example_dags/example_branch_operator.py
[2023-06-22T06:39:23.192+0000] {processor.py:826} INFO - Processing file /home/airflow/.local/lib/python3.7/site-packages/airflow/example_dags/example_branch_operator.py for tasks to queue
[2023-06-22T06:39:23.193+0000] {logging_mixin.py:149} INFO - [2023-06-22T06:39:23.193+0000] {dagbag.py:541} INFO - Filling up the DagBag from /home/airflow/.local/lib/python3.7/site-packages/airflow/example_dags/example_branch_operator.py
[2023-06-22T06:39:23.201+0000] {processor.py:836} INFO - DAG(s) dict_keys(['example_branch_operator']) retrieved from /home/airflow/.local/lib/python3.7/site-packages/airflow/example_dags/example_branch_operator.py
[2023-06-22T06:39:23.225+0000] {logging_mixin.py:149} INFO - [2023-06-22T06:39:23.225+0000] {dag.py:2726} INFO - Sync 1 DAGs
[2023-06-22T06:39:23.241+0000] {logging_mixin.py:149} INFO - [2023-06-22T06:39:23.241+0000] {dag.py:3490} INFO - Setting next_dagrun for example_branch_operator to 2023-06-21T00:00:00+00:00, run_after=2023-06-22T00:00:00+00:00
[2023-06-22T06:39:23.251+0000] {processor.py:179} INFO - Processing /home/airflow/.local/lib/python3.7/site-packages/airflow/example_dags/example_branch_operator.py took 0.064 seconds
[2023-06-22T06:39:53.738+0000] {processor.py:157} INFO - Started process (PID=221) to work on /home/airflow/.local/lib/python3.7/site-packages/airflow/example_dags/example_branch_operator.py
[2023-06-22T06:39:53.741+0000] {processor.py:826} INFO - Processing file /home/airflow/.local/lib/python3.7/site-packages/airflow/example_dags/example_branch_operator.py for tasks to queue
[2023-06-22T06:39:53.742+0000] {logging_mixin.py:149} INFO - [2023-06-22T06:39:53.741+0000] {dagbag.py:541} INFO - Filling up the DagBag from /home/airflow/.local/lib/python3.7/site-packages/airflow/example_dags/example_branch_operator.py
[2023-06-22T06:39:53.749+0000] {processor.py:836} INFO - DAG(s) dict_keys(['example_branch_operator']) retrieved from /home/airflow/.local/lib/python3.7/site-packages/airflow/example_dags/example_branch_operator.py
[2023-06-22T06:39:53.775+0000] {logging_mixin.py:149} INFO - [2023-06-22T06:39:53.775+0000] {dag.py:2726} INFO - Sync 1 DAGs
[2023-06-22T06:39:53.792+0000] {logging_mixin.py:149} INFO - [2023-06-22T06:39:53.792+0000] {dag.py:3490} INFO - Setting next_dagrun for example_branch_operator to 2023-06-21T00:00:00+00:00, run_after=2023-06-22T00:00:00+00:00
[2023-06-22T06:39:53.804+0000] {processor.py:179} INFO - Processing /home/airflow/.local/lib/python3.7/site-packages/airflow/example_dags/example_branch_operator.py took 0.069 seconds
[2023-06-22T06:40:24.069+0000] {processor.py:157} INFO - Started process (PID=278) to work on /home/airflow/.local/lib/python3.7/site-packages/airflow/example_dags/example_branch_operator.py
[2023-06-22T06:40:24.071+0000] {processor.py:826} INFO - Processing file /home/airflow/.local/lib/python3.7/site-packages/airflow/example_dags/example_branch_operator.py for tasks to queue
[2023-06-22T06:40:24.072+0000] {logging_mixin.py:149} INFO - [2023-06-22T06:40:24.071+0000] {dagbag.py:541} INFO - Filling up the DagBag from /home/airflow/.local/lib/python3.7/site-packages/airflow/example_dags/example_branch_operator.py
[2023-06-22T06:40:24.078+0000] {processor.py:836} INFO - DAG(s) dict_keys(['example_branch_operator']) retrieved from /home/airflow/.local/lib/python3.7/site-packages/airflow/example_dags/example_branch_operator.py
[2023-06-22T06:40:24.100+0000] {logging_mixin.py:149} INFO - [2023-06-22T06:40:24.100+0000] {dag.py:2726} INFO - Sync 1 DAGs
[2023-06-22T06:40:24.118+0000] {logging_mixin.py:149} INFO - [2023-06-22T06:40:24.118+0000] {dag.py:3490} INFO - Setting next_dagrun for example_branch_operator to 2023-06-21T00:00:00+00:00, run_after=2023-06-22T00:00:00+00:00
[2023-06-22T06:40:24.134+0000] {processor.py:179} INFO - Processing /home/airflow/.local/lib/python3.7/site-packages/airflow/example_dags/example_branch_operator.py took 0.067 seconds
