[2023-06-22T06:37:19.127+0000] {processor.py:157} INFO - Started process (PID=77) to work on /home/airflow/.local/lib/python3.7/site-packages/airflow/example_dags/example_bash_operator.py
[2023-06-22T06:37:19.134+0000] {processor.py:826} INFO - Processing file /home/airflow/.local/lib/python3.7/site-packages/airflow/example_dags/example_bash_operator.py for tasks to queue
[2023-06-22T06:37:19.137+0000] {logging_mixin.py:149} INFO - [2023-06-22T06:37:19.137+0000] {dagbag.py:541} INFO - Filling up the DagBag from /home/airflow/.local/lib/python3.7/site-packages/airflow/example_dags/example_bash_operator.py
[2023-06-22T06:37:19.156+0000] {processor.py:836} INFO - DAG(s) dict_keys(['example_bash_operator']) retrieved from /home/airflow/.local/lib/python3.7/site-packages/airflow/example_dags/example_bash_operator.py
[2023-06-22T06:37:19.278+0000] {logging_mixin.py:149} INFO - [2023-06-22T06:37:19.277+0000] {manager.py:504} INFO - Created Permission View: can read on DAG:example_bash_operator
[2023-06-22T06:37:19.298+0000] {logging_mixin.py:149} INFO - [2023-06-22T06:37:19.298+0000] {manager.py:504} INFO - Created Permission View: can delete on DAG:example_bash_operator
[2023-06-22T06:37:19.311+0000] {logging_mixin.py:149} INFO - [2023-06-22T06:37:19.311+0000] {manager.py:504} INFO - Created Permission View: can edit on DAG:example_bash_operator
[2023-06-22T06:37:19.336+0000] {logging_mixin.py:149} INFO - [2023-06-22T06:37:19.336+0000] {dag.py:2726} INFO - Sync 1 DAGs
[2023-06-22T06:37:19.355+0000] {logging_mixin.py:149} INFO - [2023-06-22T06:37:19.355+0000] {dag.py:2747} INFO - Creating ORM DAG for example_bash_operator
[2023-06-22T06:37:19.375+0000] {logging_mixin.py:149} INFO - [2023-06-22T06:37:19.375+0000] {dag.py:3490} INFO - Setting next_dagrun for example_bash_operator to 2023-06-21T00:00:00+00:00, run_after=2023-06-22T00:00:00+00:00
[2023-06-22T06:37:19.416+0000] {processor.py:179} INFO - Processing /home/airflow/.local/lib/python3.7/site-packages/airflow/example_dags/example_bash_operator.py took 0.294 seconds
[2023-06-22T06:38:25.337+0000] {processor.py:157} INFO - Started process (PID=70) to work on /home/airflow/.local/lib/python3.7/site-packages/airflow/example_dags/example_bash_operator.py
[2023-06-22T06:38:25.344+0000] {processor.py:826} INFO - Processing file /home/airflow/.local/lib/python3.7/site-packages/airflow/example_dags/example_bash_operator.py for tasks to queue
[2023-06-22T06:38:25.346+0000] {logging_mixin.py:149} INFO - [2023-06-22T06:38:25.346+0000] {dagbag.py:541} INFO - Filling up the DagBag from /home/airflow/.local/lib/python3.7/site-packages/airflow/example_dags/example_bash_operator.py
[2023-06-22T06:38:25.371+0000] {processor.py:836} INFO - DAG(s) dict_keys(['example_bash_operator']) retrieved from /home/airflow/.local/lib/python3.7/site-packages/airflow/example_dags/example_bash_operator.py
[2023-06-22T06:38:25.756+0000] {logging_mixin.py:149} INFO - [2023-06-22T06:38:25.756+0000] {manager.py:504} INFO - Created Permission View: can edit on DAG:example_bash_operator
[2023-06-22T06:38:25.781+0000] {logging_mixin.py:149} INFO - [2023-06-22T06:38:25.780+0000] {manager.py:504} INFO - Created Permission View: can read on DAG:example_bash_operator
[2023-06-22T06:38:25.806+0000] {logging_mixin.py:149} INFO - [2023-06-22T06:38:25.806+0000] {manager.py:504} INFO - Created Permission View: can delete on DAG:example_bash_operator
[2023-06-22T06:38:25.835+0000] {logging_mixin.py:149} INFO - [2023-06-22T06:38:25.835+0000] {dag.py:2726} INFO - Sync 1 DAGs
[2023-06-22T06:38:25.856+0000] {logging_mixin.py:149} INFO - [2023-06-22T06:38:25.856+0000] {dag.py:2747} INFO - Creating ORM DAG for example_bash_operator
[2023-06-22T06:38:25.872+0000] {logging_mixin.py:149} INFO - [2023-06-22T06:38:25.872+0000] {dag.py:3490} INFO - Setting next_dagrun for example_bash_operator to 2023-06-21T00:00:00+00:00, run_after=2023-06-22T00:00:00+00:00
[2023-06-22T06:38:25.898+0000] {processor.py:179} INFO - Processing /home/airflow/.local/lib/python3.7/site-packages/airflow/example_dags/example_bash_operator.py took 0.568 seconds
[2023-06-22T06:38:56.500+0000] {processor.py:157} INFO - Started process (PID=127) to work on /home/airflow/.local/lib/python3.7/site-packages/airflow/example_dags/example_bash_operator.py
[2023-06-22T06:38:56.501+0000] {processor.py:826} INFO - Processing file /home/airflow/.local/lib/python3.7/site-packages/airflow/example_dags/example_bash_operator.py for tasks to queue
[2023-06-22T06:38:56.502+0000] {logging_mixin.py:149} INFO - [2023-06-22T06:38:56.502+0000] {dagbag.py:541} INFO - Filling up the DagBag from /home/airflow/.local/lib/python3.7/site-packages/airflow/example_dags/example_bash_operator.py
[2023-06-22T06:38:56.516+0000] {processor.py:836} INFO - DAG(s) dict_keys(['example_bash_operator']) retrieved from /home/airflow/.local/lib/python3.7/site-packages/airflow/example_dags/example_bash_operator.py
[2023-06-22T06:38:56.545+0000] {logging_mixin.py:149} INFO - [2023-06-22T06:38:56.545+0000] {dag.py:2726} INFO - Sync 1 DAGs
[2023-06-22T06:38:56.569+0000] {logging_mixin.py:149} INFO - [2023-06-22T06:38:56.569+0000] {dag.py:3490} INFO - Setting next_dagrun for example_bash_operator to 2023-06-21T00:00:00+00:00, run_after=2023-06-22T00:00:00+00:00
[2023-06-22T06:38:56.585+0000] {processor.py:179} INFO - Processing /home/airflow/.local/lib/python3.7/site-packages/airflow/example_dags/example_bash_operator.py took 0.089 seconds
[2023-06-22T06:39:27.362+0000] {processor.py:157} INFO - Started process (PID=184) to work on /home/airflow/.local/lib/python3.7/site-packages/airflow/example_dags/example_bash_operator.py
[2023-06-22T06:39:27.364+0000] {processor.py:826} INFO - Processing file /home/airflow/.local/lib/python3.7/site-packages/airflow/example_dags/example_bash_operator.py for tasks to queue
[2023-06-22T06:39:27.366+0000] {logging_mixin.py:149} INFO - [2023-06-22T06:39:27.365+0000] {dagbag.py:541} INFO - Filling up the DagBag from /home/airflow/.local/lib/python3.7/site-packages/airflow/example_dags/example_bash_operator.py
[2023-06-22T06:39:27.380+0000] {processor.py:836} INFO - DAG(s) dict_keys(['example_bash_operator']) retrieved from /home/airflow/.local/lib/python3.7/site-packages/airflow/example_dags/example_bash_operator.py
[2023-06-22T06:39:27.421+0000] {logging_mixin.py:149} INFO - [2023-06-22T06:39:27.420+0000] {dag.py:2726} INFO - Sync 1 DAGs
[2023-06-22T06:39:27.463+0000] {logging_mixin.py:149} INFO - [2023-06-22T06:39:27.463+0000] {dag.py:3490} INFO - Setting next_dagrun for example_bash_operator to 2023-06-21T00:00:00+00:00, run_after=2023-06-22T00:00:00+00:00
[2023-06-22T06:39:27.488+0000] {processor.py:179} INFO - Processing /home/airflow/.local/lib/python3.7/site-packages/airflow/example_dags/example_bash_operator.py took 0.129 seconds
[2023-06-22T06:39:58.105+0000] {processor.py:157} INFO - Started process (PID=241) to work on /home/airflow/.local/lib/python3.7/site-packages/airflow/example_dags/example_bash_operator.py
[2023-06-22T06:39:58.106+0000] {processor.py:826} INFO - Processing file /home/airflow/.local/lib/python3.7/site-packages/airflow/example_dags/example_bash_operator.py for tasks to queue
[2023-06-22T06:39:58.107+0000] {logging_mixin.py:149} INFO - [2023-06-22T06:39:58.107+0000] {dagbag.py:541} INFO - Filling up the DagBag from /home/airflow/.local/lib/python3.7/site-packages/airflow/example_dags/example_bash_operator.py
[2023-06-22T06:39:58.119+0000] {processor.py:836} INFO - DAG(s) dict_keys(['example_bash_operator']) retrieved from /home/airflow/.local/lib/python3.7/site-packages/airflow/example_dags/example_bash_operator.py
[2023-06-22T06:39:58.168+0000] {logging_mixin.py:149} INFO - [2023-06-22T06:39:58.168+0000] {dag.py:2726} INFO - Sync 1 DAGs
[2023-06-22T06:39:58.197+0000] {logging_mixin.py:149} INFO - [2023-06-22T06:39:58.197+0000] {dag.py:3490} INFO - Setting next_dagrun for example_bash_operator to 2023-06-21T00:00:00+00:00, run_after=2023-06-22T00:00:00+00:00
[2023-06-22T06:39:58.217+0000] {processor.py:179} INFO - Processing /home/airflow/.local/lib/python3.7/site-packages/airflow/example_dags/example_bash_operator.py took 0.115 seconds
[2023-06-22T06:40:28.431+0000] {processor.py:157} INFO - Started process (PID=298) to work on /home/airflow/.local/lib/python3.7/site-packages/airflow/example_dags/example_bash_operator.py
[2023-06-22T06:40:28.434+0000] {processor.py:826} INFO - Processing file /home/airflow/.local/lib/python3.7/site-packages/airflow/example_dags/example_bash_operator.py for tasks to queue
[2023-06-22T06:40:28.435+0000] {logging_mixin.py:149} INFO - [2023-06-22T06:40:28.435+0000] {dagbag.py:541} INFO - Filling up the DagBag from /home/airflow/.local/lib/python3.7/site-packages/airflow/example_dags/example_bash_operator.py
[2023-06-22T06:40:28.451+0000] {processor.py:836} INFO - DAG(s) dict_keys(['example_bash_operator']) retrieved from /home/airflow/.local/lib/python3.7/site-packages/airflow/example_dags/example_bash_operator.py
[2023-06-22T06:40:28.492+0000] {logging_mixin.py:149} INFO - [2023-06-22T06:40:28.492+0000] {dag.py:2726} INFO - Sync 1 DAGs
[2023-06-22T06:40:28.518+0000] {logging_mixin.py:149} INFO - [2023-06-22T06:40:28.518+0000] {dag.py:3490} INFO - Setting next_dagrun for example_bash_operator to 2023-06-21T00:00:00+00:00, run_after=2023-06-22T00:00:00+00:00
[2023-06-22T06:40:28.534+0000] {processor.py:179} INFO - Processing /home/airflow/.local/lib/python3.7/site-packages/airflow/example_dags/example_bash_operator.py took 0.106 seconds
