[2023-06-22T06:37:15.441+0000] {processor.py:157} INFO - Started process (PID=61) to work on /home/airflow/.local/lib/python3.7/site-packages/airflow/example_dags/example_sensor_decorator.py
[2023-06-22T06:37:15.444+0000] {processor.py:826} INFO - Processing file /home/airflow/.local/lib/python3.7/site-packages/airflow/example_dags/example_sensor_decorator.py for tasks to queue
[2023-06-22T06:37:15.446+0000] {logging_mixin.py:149} INFO - [2023-06-22T06:37:15.446+0000] {dagbag.py:541} INFO - Filling up the DagBag from /home/airflow/.local/lib/python3.7/site-packages/airflow/example_dags/example_sensor_decorator.py
[2023-06-22T06:37:15.465+0000] {processor.py:836} INFO - DAG(s) dict_keys(['example_sensor_decorator']) retrieved from /home/airflow/.local/lib/python3.7/site-packages/airflow/example_dags/example_sensor_decorator.py
[2023-06-22T06:37:15.621+0000] {logging_mixin.py:149} INFO - [2023-06-22T06:37:15.620+0000] {manager.py:504} INFO - Created Permission View: can read on DAG:example_sensor_decorator
[2023-06-22T06:37:15.635+0000] {logging_mixin.py:149} INFO - [2023-06-22T06:37:15.634+0000] {manager.py:504} INFO - Created Permission View: can delete on DAG:example_sensor_decorator
[2023-06-22T06:37:15.651+0000] {logging_mixin.py:149} INFO - [2023-06-22T06:37:15.651+0000] {manager.py:504} INFO - Created Permission View: can edit on DAG:example_sensor_decorator
[2023-06-22T06:37:15.683+0000] {logging_mixin.py:149} INFO - [2023-06-22T06:37:15.682+0000] {dag.py:2726} INFO - Sync 1 DAGs
[2023-06-22T06:37:15.700+0000] {logging_mixin.py:149} INFO - [2023-06-22T06:37:15.700+0000] {dag.py:2747} INFO - Creating ORM DAG for example_sensor_decorator
[2023-06-22T06:37:15.715+0000] {logging_mixin.py:149} INFO - [2023-06-22T06:37:15.715+0000] {dag.py:3490} INFO - Setting next_dagrun for example_sensor_decorator to None, run_after=None
[2023-06-22T06:37:15.745+0000] {processor.py:179} INFO - Processing /home/airflow/.local/lib/python3.7/site-packages/airflow/example_dags/example_sensor_decorator.py took 0.312 seconds
[2023-06-22T06:38:22.892+0000] {processor.py:157} INFO - Started process (PID=54) to work on /home/airflow/.local/lib/python3.7/site-packages/airflow/example_dags/example_sensor_decorator.py
[2023-06-22T06:38:22.894+0000] {processor.py:826} INFO - Processing file /home/airflow/.local/lib/python3.7/site-packages/airflow/example_dags/example_sensor_decorator.py for tasks to queue
[2023-06-22T06:38:22.895+0000] {logging_mixin.py:149} INFO - [2023-06-22T06:38:22.895+0000] {dagbag.py:541} INFO - Filling up the DagBag from /home/airflow/.local/lib/python3.7/site-packages/airflow/example_dags/example_sensor_decorator.py
[2023-06-22T06:38:22.904+0000] {processor.py:836} INFO - DAG(s) dict_keys(['example_sensor_decorator']) retrieved from /home/airflow/.local/lib/python3.7/site-packages/airflow/example_dags/example_sensor_decorator.py
[2023-06-22T06:38:23.076+0000] {logging_mixin.py:149} INFO - [2023-06-22T06:38:23.076+0000] {manager.py:504} INFO - Created Permission View: can edit on DAG:example_sensor_decorator
[2023-06-22T06:38:23.091+0000] {logging_mixin.py:149} INFO - [2023-06-22T06:38:23.091+0000] {manager.py:504} INFO - Created Permission View: can read on DAG:example_sensor_decorator
[2023-06-22T06:38:23.099+0000] {logging_mixin.py:149} INFO - [2023-06-22T06:38:23.099+0000] {manager.py:504} INFO - Created Permission View: can delete on DAG:example_sensor_decorator
[2023-06-22T06:38:23.131+0000] {logging_mixin.py:149} INFO - [2023-06-22T06:38:23.131+0000] {dag.py:2726} INFO - Sync 1 DAGs
[2023-06-22T06:38:23.147+0000] {logging_mixin.py:149} INFO - [2023-06-22T06:38:23.147+0000] {dag.py:2747} INFO - Creating ORM DAG for example_sensor_decorator
[2023-06-22T06:38:23.161+0000] {logging_mixin.py:149} INFO - [2023-06-22T06:38:23.161+0000] {dag.py:3490} INFO - Setting next_dagrun for example_sensor_decorator to None, run_after=None
[2023-06-22T06:38:23.183+0000] {processor.py:179} INFO - Processing /home/airflow/.local/lib/python3.7/site-packages/airflow/example_dags/example_sensor_decorator.py took 0.300 seconds
[2023-06-22T06:38:53.542+0000] {processor.py:157} INFO - Started process (PID=111) to work on /home/airflow/.local/lib/python3.7/site-packages/airflow/example_dags/example_sensor_decorator.py
[2023-06-22T06:38:53.544+0000] {processor.py:826} INFO - Processing file /home/airflow/.local/lib/python3.7/site-packages/airflow/example_dags/example_sensor_decorator.py for tasks to queue
[2023-06-22T06:38:53.545+0000] {logging_mixin.py:149} INFO - [2023-06-22T06:38:53.545+0000] {dagbag.py:541} INFO - Filling up the DagBag from /home/airflow/.local/lib/python3.7/site-packages/airflow/example_dags/example_sensor_decorator.py
[2023-06-22T06:38:53.549+0000] {processor.py:836} INFO - DAG(s) dict_keys(['example_sensor_decorator']) retrieved from /home/airflow/.local/lib/python3.7/site-packages/airflow/example_dags/example_sensor_decorator.py
[2023-06-22T06:38:53.568+0000] {logging_mixin.py:149} INFO - [2023-06-22T06:38:53.568+0000] {dag.py:2726} INFO - Sync 1 DAGs
[2023-06-22T06:38:53.585+0000] {logging_mixin.py:149} INFO - [2023-06-22T06:38:53.584+0000] {dag.py:3490} INFO - Setting next_dagrun for example_sensor_decorator to None, run_after=None
[2023-06-22T06:38:53.597+0000] {processor.py:179} INFO - Processing /home/airflow/.local/lib/python3.7/site-packages/airflow/example_dags/example_sensor_decorator.py took 0.058 seconds
[2023-06-22T06:39:24.538+0000] {processor.py:157} INFO - Started process (PID=168) to work on /home/airflow/.local/lib/python3.7/site-packages/airflow/example_dags/example_sensor_decorator.py
[2023-06-22T06:39:24.539+0000] {processor.py:826} INFO - Processing file /home/airflow/.local/lib/python3.7/site-packages/airflow/example_dags/example_sensor_decorator.py for tasks to queue
[2023-06-22T06:39:24.540+0000] {logging_mixin.py:149} INFO - [2023-06-22T06:39:24.540+0000] {dagbag.py:541} INFO - Filling up the DagBag from /home/airflow/.local/lib/python3.7/site-packages/airflow/example_dags/example_sensor_decorator.py
[2023-06-22T06:39:24.544+0000] {processor.py:836} INFO - DAG(s) dict_keys(['example_sensor_decorator']) retrieved from /home/airflow/.local/lib/python3.7/site-packages/airflow/example_dags/example_sensor_decorator.py
[2023-06-22T06:39:24.563+0000] {logging_mixin.py:149} INFO - [2023-06-22T06:39:24.563+0000] {dag.py:2726} INFO - Sync 1 DAGs
[2023-06-22T06:39:24.577+0000] {logging_mixin.py:149} INFO - [2023-06-22T06:39:24.577+0000] {dag.py:3490} INFO - Setting next_dagrun for example_sensor_decorator to None, run_after=None
[2023-06-22T06:39:24.588+0000] {processor.py:179} INFO - Processing /home/airflow/.local/lib/python3.7/site-packages/airflow/example_dags/example_sensor_decorator.py took 0.053 seconds
[2023-06-22T06:39:55.188+0000] {processor.py:157} INFO - Started process (PID=225) to work on /home/airflow/.local/lib/python3.7/site-packages/airflow/example_dags/example_sensor_decorator.py
[2023-06-22T06:39:55.192+0000] {processor.py:826} INFO - Processing file /home/airflow/.local/lib/python3.7/site-packages/airflow/example_dags/example_sensor_decorator.py for tasks to queue
[2023-06-22T06:39:55.196+0000] {logging_mixin.py:149} INFO - [2023-06-22T06:39:55.196+0000] {dagbag.py:541} INFO - Filling up the DagBag from /home/airflow/.local/lib/python3.7/site-packages/airflow/example_dags/example_sensor_decorator.py
[2023-06-22T06:39:55.204+0000] {processor.py:836} INFO - DAG(s) dict_keys(['example_sensor_decorator']) retrieved from /home/airflow/.local/lib/python3.7/site-packages/airflow/example_dags/example_sensor_decorator.py
[2023-06-22T06:39:55.228+0000] {logging_mixin.py:149} INFO - [2023-06-22T06:39:55.228+0000] {dag.py:2726} INFO - Sync 1 DAGs
[2023-06-22T06:39:55.250+0000] {logging_mixin.py:149} INFO - [2023-06-22T06:39:55.250+0000] {dag.py:3490} INFO - Setting next_dagrun for example_sensor_decorator to None, run_after=None
[2023-06-22T06:39:55.265+0000] {processor.py:179} INFO - Processing /home/airflow/.local/lib/python3.7/site-packages/airflow/example_dags/example_sensor_decorator.py took 0.080 seconds
[2023-06-22T06:40:25.452+0000] {processor.py:157} INFO - Started process (PID=282) to work on /home/airflow/.local/lib/python3.7/site-packages/airflow/example_dags/example_sensor_decorator.py
[2023-06-22T06:40:25.454+0000] {processor.py:826} INFO - Processing file /home/airflow/.local/lib/python3.7/site-packages/airflow/example_dags/example_sensor_decorator.py for tasks to queue
[2023-06-22T06:40:25.454+0000] {logging_mixin.py:149} INFO - [2023-06-22T06:40:25.454+0000] {dagbag.py:541} INFO - Filling up the DagBag from /home/airflow/.local/lib/python3.7/site-packages/airflow/example_dags/example_sensor_decorator.py
[2023-06-22T06:40:25.460+0000] {processor.py:836} INFO - DAG(s) dict_keys(['example_sensor_decorator']) retrieved from /home/airflow/.local/lib/python3.7/site-packages/airflow/example_dags/example_sensor_decorator.py
[2023-06-22T06:40:25.485+0000] {logging_mixin.py:149} INFO - [2023-06-22T06:40:25.484+0000] {dag.py:2726} INFO - Sync 1 DAGs
[2023-06-22T06:40:25.506+0000] {logging_mixin.py:149} INFO - [2023-06-22T06:40:25.506+0000] {dag.py:3490} INFO - Setting next_dagrun for example_sensor_decorator to None, run_after=None
[2023-06-22T06:40:25.520+0000] {processor.py:179} INFO - Processing /home/airflow/.local/lib/python3.7/site-packages/airflow/example_dags/example_sensor_decorator.py took 0.071 seconds
