[2023-06-22T06:37:16.244+0000] {processor.py:157} INFO - Started process (PID=63) to work on /home/airflow/.local/lib/python3.7/site-packages/airflow/example_dags/example_latest_only.py
[2023-06-22T06:37:16.246+0000] {processor.py:826} INFO - Processing file /home/airflow/.local/lib/python3.7/site-packages/airflow/example_dags/example_latest_only.py for tasks to queue
[2023-06-22T06:37:16.248+0000] {logging_mixin.py:149} INFO - [2023-06-22T06:37:16.248+0000] {dagbag.py:541} INFO - Filling up the DagBag from /home/airflow/.local/lib/python3.7/site-packages/airflow/example_dags/example_latest_only.py
[2023-06-22T06:37:16.262+0000] {processor.py:836} INFO - DAG(s) dict_keys(['latest_only']) retrieved from /home/airflow/.local/lib/python3.7/site-packages/airflow/example_dags/example_latest_only.py
[2023-06-22T06:37:16.419+0000] {logging_mixin.py:149} INFO - [2023-06-22T06:37:16.419+0000] {manager.py:504} INFO - Created Permission View: can read on DAG:latest_only
[2023-06-22T06:37:16.444+0000] {logging_mixin.py:149} INFO - [2023-06-22T06:37:16.444+0000] {manager.py:504} INFO - Created Permission View: can delete on DAG:latest_only
[2023-06-22T06:37:16.460+0000] {logging_mixin.py:149} INFO - [2023-06-22T06:37:16.460+0000] {manager.py:504} INFO - Created Permission View: can edit on DAG:latest_only
[2023-06-22T06:37:16.479+0000] {logging_mixin.py:149} INFO - [2023-06-22T06:37:16.479+0000] {dag.py:2726} INFO - Sync 1 DAGs
[2023-06-22T06:37:16.499+0000] {logging_mixin.py:149} INFO - [2023-06-22T06:37:16.498+0000] {dag.py:2747} INFO - Creating ORM DAG for latest_only
[2023-06-22T06:37:16.515+0000] {logging_mixin.py:149} INFO - [2023-06-22T06:37:16.514+0000] {dag.py:3490} INFO - Setting next_dagrun for latest_only to 2023-06-22T02:37:16.514075+00:00, run_after=2023-06-22T06:37:16.514075+00:00
[2023-06-22T06:37:16.703+0000] {processor.py:179} INFO - Processing /home/airflow/.local/lib/python3.7/site-packages/airflow/example_dags/example_latest_only.py took 0.463 seconds
[2023-06-22T06:38:23.250+0000] {processor.py:157} INFO - Started process (PID=56) to work on /home/airflow/.local/lib/python3.7/site-packages/airflow/example_dags/example_latest_only.py
[2023-06-22T06:38:23.252+0000] {processor.py:826} INFO - Processing file /home/airflow/.local/lib/python3.7/site-packages/airflow/example_dags/example_latest_only.py for tasks to queue
[2023-06-22T06:38:23.253+0000] {logging_mixin.py:149} INFO - [2023-06-22T06:38:23.253+0000] {dagbag.py:541} INFO - Filling up the DagBag from /home/airflow/.local/lib/python3.7/site-packages/airflow/example_dags/example_latest_only.py
[2023-06-22T06:38:23.262+0000] {processor.py:836} INFO - DAG(s) dict_keys(['latest_only']) retrieved from /home/airflow/.local/lib/python3.7/site-packages/airflow/example_dags/example_latest_only.py
[2023-06-22T06:38:23.365+0000] {logging_mixin.py:149} INFO - [2023-06-22T06:38:23.365+0000] {manager.py:504} INFO - Created Permission View: can edit on DAG:latest_only
[2023-06-22T06:38:23.383+0000] {logging_mixin.py:149} INFO - [2023-06-22T06:38:23.383+0000] {manager.py:504} INFO - Created Permission View: can read on DAG:latest_only
[2023-06-22T06:38:23.389+0000] {logging_mixin.py:149} INFO - [2023-06-22T06:38:23.389+0000] {manager.py:504} INFO - Created Permission View: can delete on DAG:latest_only
[2023-06-22T06:38:23.410+0000] {logging_mixin.py:149} INFO - [2023-06-22T06:38:23.406+0000] {dag.py:2726} INFO - Sync 1 DAGs
[2023-06-22T06:38:23.422+0000] {logging_mixin.py:149} INFO - [2023-06-22T06:38:23.422+0000] {dag.py:2747} INFO - Creating ORM DAG for latest_only
[2023-06-22T06:38:23.432+0000] {logging_mixin.py:149} INFO - [2023-06-22T06:38:23.432+0000] {dag.py:3490} INFO - Setting next_dagrun for latest_only to 2023-06-22T02:38:23.431865+00:00, run_after=2023-06-22T06:38:23.431865+00:00
[2023-06-22T06:38:23.471+0000] {processor.py:179} INFO - Processing /home/airflow/.local/lib/python3.7/site-packages/airflow/example_dags/example_latest_only.py took 0.225 seconds
[2023-06-22T06:38:53.628+0000] {processor.py:157} INFO - Started process (PID=113) to work on /home/airflow/.local/lib/python3.7/site-packages/airflow/example_dags/example_latest_only.py
[2023-06-22T06:38:53.630+0000] {processor.py:826} INFO - Processing file /home/airflow/.local/lib/python3.7/site-packages/airflow/example_dags/example_latest_only.py for tasks to queue
[2023-06-22T06:38:53.631+0000] {logging_mixin.py:149} INFO - [2023-06-22T06:38:53.631+0000] {dagbag.py:541} INFO - Filling up the DagBag from /home/airflow/.local/lib/python3.7/site-packages/airflow/example_dags/example_latest_only.py
[2023-06-22T06:38:53.636+0000] {processor.py:836} INFO - DAG(s) dict_keys(['latest_only']) retrieved from /home/airflow/.local/lib/python3.7/site-packages/airflow/example_dags/example_latest_only.py
[2023-06-22T06:38:53.656+0000] {logging_mixin.py:149} INFO - [2023-06-22T06:38:53.656+0000] {dag.py:2726} INFO - Sync 1 DAGs
[2023-06-22T06:38:53.672+0000] {logging_mixin.py:149} INFO - [2023-06-22T06:38:53.672+0000] {dag.py:3490} INFO - Setting next_dagrun for latest_only to 2023-06-22T02:38:53.672209+00:00, run_after=2023-06-22T06:38:53.672209+00:00
[2023-06-22T06:38:53.682+0000] {processor.py:179} INFO - Processing /home/airflow/.local/lib/python3.7/site-packages/airflow/example_dags/example_latest_only.py took 0.058 seconds
[2023-06-22T06:39:24.614+0000] {processor.py:157} INFO - Started process (PID=170) to work on /home/airflow/.local/lib/python3.7/site-packages/airflow/example_dags/example_latest_only.py
[2023-06-22T06:39:24.616+0000] {processor.py:826} INFO - Processing file /home/airflow/.local/lib/python3.7/site-packages/airflow/example_dags/example_latest_only.py for tasks to queue
[2023-06-22T06:39:24.616+0000] {logging_mixin.py:149} INFO - [2023-06-22T06:39:24.616+0000] {dagbag.py:541} INFO - Filling up the DagBag from /home/airflow/.local/lib/python3.7/site-packages/airflow/example_dags/example_latest_only.py
[2023-06-22T06:39:24.621+0000] {processor.py:836} INFO - DAG(s) dict_keys(['latest_only']) retrieved from /home/airflow/.local/lib/python3.7/site-packages/airflow/example_dags/example_latest_only.py
[2023-06-22T06:39:24.639+0000] {logging_mixin.py:149} INFO - [2023-06-22T06:39:24.639+0000] {dag.py:2726} INFO - Sync 1 DAGs
[2023-06-22T06:39:24.655+0000] {logging_mixin.py:149} INFO - [2023-06-22T06:39:24.655+0000] {dag.py:3490} INFO - Setting next_dagrun for latest_only to 2023-06-22T02:39:24.655236+00:00, run_after=2023-06-22T06:39:24.655236+00:00
[2023-06-22T06:39:24.667+0000] {processor.py:179} INFO - Processing /home/airflow/.local/lib/python3.7/site-packages/airflow/example_dags/example_latest_only.py took 0.055 seconds
[2023-06-22T06:39:55.295+0000] {processor.py:157} INFO - Started process (PID=227) to work on /home/airflow/.local/lib/python3.7/site-packages/airflow/example_dags/example_latest_only.py
[2023-06-22T06:39:55.297+0000] {processor.py:826} INFO - Processing file /home/airflow/.local/lib/python3.7/site-packages/airflow/example_dags/example_latest_only.py for tasks to queue
[2023-06-22T06:39:55.299+0000] {logging_mixin.py:149} INFO - [2023-06-22T06:39:55.298+0000] {dagbag.py:541} INFO - Filling up the DagBag from /home/airflow/.local/lib/python3.7/site-packages/airflow/example_dags/example_latest_only.py
[2023-06-22T06:39:55.304+0000] {processor.py:836} INFO - DAG(s) dict_keys(['latest_only']) retrieved from /home/airflow/.local/lib/python3.7/site-packages/airflow/example_dags/example_latest_only.py
[2023-06-22T06:39:55.322+0000] {logging_mixin.py:149} INFO - [2023-06-22T06:39:55.322+0000] {dag.py:2726} INFO - Sync 1 DAGs
[2023-06-22T06:39:55.337+0000] {logging_mixin.py:149} INFO - [2023-06-22T06:39:55.337+0000] {dag.py:3490} INFO - Setting next_dagrun for latest_only to 2023-06-22T02:39:55.337682+00:00, run_after=2023-06-22T06:39:55.337682+00:00
[2023-06-22T06:39:55.348+0000] {processor.py:179} INFO - Processing /home/airflow/.local/lib/python3.7/site-packages/airflow/example_dags/example_latest_only.py took 0.057 seconds
[2023-06-22T06:40:25.633+0000] {processor.py:157} INFO - Started process (PID=284) to work on /home/airflow/.local/lib/python3.7/site-packages/airflow/example_dags/example_latest_only.py
[2023-06-22T06:40:25.636+0000] {processor.py:826} INFO - Processing file /home/airflow/.local/lib/python3.7/site-packages/airflow/example_dags/example_latest_only.py for tasks to queue
[2023-06-22T06:40:25.637+0000] {logging_mixin.py:149} INFO - [2023-06-22T06:40:25.637+0000] {dagbag.py:541} INFO - Filling up the DagBag from /home/airflow/.local/lib/python3.7/site-packages/airflow/example_dags/example_latest_only.py
[2023-06-22T06:40:25.644+0000] {processor.py:836} INFO - DAG(s) dict_keys(['latest_only']) retrieved from /home/airflow/.local/lib/python3.7/site-packages/airflow/example_dags/example_latest_only.py
[2023-06-22T06:40:25.671+0000] {logging_mixin.py:149} INFO - [2023-06-22T06:40:25.670+0000] {dag.py:2726} INFO - Sync 1 DAGs
[2023-06-22T06:40:25.691+0000] {logging_mixin.py:149} INFO - [2023-06-22T06:40:25.691+0000] {dag.py:3490} INFO - Setting next_dagrun for latest_only to 2023-06-22T02:40:25.690897+00:00, run_after=2023-06-22T06:40:25.690897+00:00
[2023-06-22T06:40:25.707+0000] {processor.py:179} INFO - Processing /home/airflow/.local/lib/python3.7/site-packages/airflow/example_dags/example_latest_only.py took 0.077 seconds
