[2023-06-22T06:37:17.125+0000] {processor.py:157} INFO - Started process (PID=67) to work on /home/airflow/.local/lib/python3.7/site-packages/airflow/example_dags/example_branch_datetime_operator.py
[2023-06-22T06:37:17.128+0000] {processor.py:826} INFO - Processing file /home/airflow/.local/lib/python3.7/site-packages/airflow/example_dags/example_branch_datetime_operator.py for tasks to queue
[2023-06-22T06:37:17.130+0000] {logging_mixin.py:149} INFO - [2023-06-22T06:37:17.130+0000] {dagbag.py:541} INFO - Filling up the DagBag from /home/airflow/.local/lib/python3.7/site-packages/airflow/example_dags/example_branch_datetime_operator.py
[2023-06-22T06:37:17.148+0000] {processor.py:836} INFO - DAG(s) dict_keys(['example_branch_datetime_operator_3', 'example_branch_datetime_operator', 'example_branch_datetime_operator_2']) retrieved from /home/airflow/.local/lib/python3.7/site-packages/airflow/example_dags/example_branch_datetime_operator.py
[2023-06-22T06:37:17.332+0000] {logging_mixin.py:149} INFO - [2023-06-22T06:37:17.332+0000] {manager.py:504} INFO - Created Permission View: can read on DAG:example_branch_datetime_operator_3
[2023-06-22T06:37:17.361+0000] {logging_mixin.py:149} INFO - [2023-06-22T06:37:17.361+0000] {manager.py:504} INFO - Created Permission View: can delete on DAG:example_branch_datetime_operator_3
[2023-06-22T06:37:17.374+0000] {logging_mixin.py:149} INFO - [2023-06-22T06:37:17.374+0000] {manager.py:504} INFO - Created Permission View: can edit on DAG:example_branch_datetime_operator_3
[2023-06-22T06:37:17.414+0000] {logging_mixin.py:149} INFO - [2023-06-22T06:37:17.414+0000] {manager.py:504} INFO - Created Permission View: can read on DAG:example_branch_datetime_operator
[2023-06-22T06:37:17.434+0000] {logging_mixin.py:149} INFO - [2023-06-22T06:37:17.434+0000] {manager.py:504} INFO - Created Permission View: can delete on DAG:example_branch_datetime_operator
[2023-06-22T06:37:17.447+0000] {logging_mixin.py:149} INFO - [2023-06-22T06:37:17.447+0000] {manager.py:504} INFO - Created Permission View: can edit on DAG:example_branch_datetime_operator
[2023-06-22T06:37:17.495+0000] {logging_mixin.py:149} INFO - [2023-06-22T06:37:17.494+0000] {manager.py:504} INFO - Created Permission View: can read on DAG:example_branch_datetime_operator_2
[2023-06-22T06:37:17.510+0000] {logging_mixin.py:149} INFO - [2023-06-22T06:37:17.510+0000] {manager.py:504} INFO - Created Permission View: can delete on DAG:example_branch_datetime_operator_2
[2023-06-22T06:37:17.521+0000] {logging_mixin.py:149} INFO - [2023-06-22T06:37:17.521+0000] {manager.py:504} INFO - Created Permission View: can edit on DAG:example_branch_datetime_operator_2
[2023-06-22T06:37:17.535+0000] {logging_mixin.py:149} INFO - [2023-06-22T06:37:17.535+0000] {dag.py:2726} INFO - Sync 3 DAGs
[2023-06-22T06:37:17.554+0000] {logging_mixin.py:149} INFO - [2023-06-22T06:37:17.554+0000] {dag.py:2747} INFO - Creating ORM DAG for example_branch_datetime_operator
[2023-06-22T06:37:17.572+0000] {logging_mixin.py:149} INFO - [2023-06-22T06:37:17.572+0000] {dag.py:2747} INFO - Creating ORM DAG for example_branch_datetime_operator_3
[2023-06-22T06:37:17.574+0000] {logging_mixin.py:149} INFO - [2023-06-22T06:37:17.574+0000] {dag.py:2747} INFO - Creating ORM DAG for example_branch_datetime_operator_2
[2023-06-22T06:37:17.600+0000] {logging_mixin.py:149} INFO - [2023-06-22T06:37:17.599+0000] {dag.py:3490} INFO - Setting next_dagrun for example_branch_datetime_operator to 2023-06-21T00:00:00+00:00, run_after=2023-06-22T00:00:00+00:00
[2023-06-22T06:37:17.604+0000] {logging_mixin.py:149} INFO - [2023-06-22T06:37:17.604+0000] {dag.py:3490} INFO - Setting next_dagrun for example_branch_datetime_operator_2 to 2023-06-21T00:00:00+00:00, run_after=2023-06-22T00:00:00+00:00
[2023-06-22T06:37:17.608+0000] {logging_mixin.py:149} INFO - [2023-06-22T06:37:17.608+0000] {dag.py:3490} INFO - Setting next_dagrun for example_branch_datetime_operator_3 to 2023-06-21T00:00:00+00:00, run_after=2023-06-22T00:00:00+00:00
[2023-06-22T06:37:17.649+0000] {processor.py:179} INFO - Processing /home/airflow/.local/lib/python3.7/site-packages/airflow/example_dags/example_branch_datetime_operator.py took 0.530 seconds
[2023-06-22T06:38:23.990+0000] {processor.py:157} INFO - Started process (PID=60) to work on /home/airflow/.local/lib/python3.7/site-packages/airflow/example_dags/example_branch_datetime_operator.py
[2023-06-22T06:38:23.991+0000] {processor.py:826} INFO - Processing file /home/airflow/.local/lib/python3.7/site-packages/airflow/example_dags/example_branch_datetime_operator.py for tasks to queue
[2023-06-22T06:38:23.992+0000] {logging_mixin.py:149} INFO - [2023-06-22T06:38:23.992+0000] {dagbag.py:541} INFO - Filling up the DagBag from /home/airflow/.local/lib/python3.7/site-packages/airflow/example_dags/example_branch_datetime_operator.py
[2023-06-22T06:38:24.012+0000] {processor.py:836} INFO - DAG(s) dict_keys(['example_branch_datetime_operator_2', 'example_branch_datetime_operator_3', 'example_branch_datetime_operator']) retrieved from /home/airflow/.local/lib/python3.7/site-packages/airflow/example_dags/example_branch_datetime_operator.py
[2023-06-22T06:38:24.142+0000] {logging_mixin.py:149} INFO - [2023-06-22T06:38:24.142+0000] {manager.py:504} INFO - Created Permission View: can edit on DAG:example_branch_datetime_operator_2
[2023-06-22T06:38:24.151+0000] {logging_mixin.py:149} INFO - [2023-06-22T06:38:24.151+0000] {manager.py:504} INFO - Created Permission View: can read on DAG:example_branch_datetime_operator_2
[2023-06-22T06:38:24.157+0000] {logging_mixin.py:149} INFO - [2023-06-22T06:38:24.156+0000] {manager.py:504} INFO - Created Permission View: can delete on DAG:example_branch_datetime_operator_2
[2023-06-22T06:38:24.179+0000] {logging_mixin.py:149} INFO - [2023-06-22T06:38:24.179+0000] {manager.py:504} INFO - Created Permission View: can edit on DAG:example_branch_datetime_operator_3
[2023-06-22T06:38:24.184+0000] {logging_mixin.py:149} INFO - [2023-06-22T06:38:24.184+0000] {manager.py:504} INFO - Created Permission View: can read on DAG:example_branch_datetime_operator_3
[2023-06-22T06:38:24.245+0000] {logging_mixin.py:149} INFO - [2023-06-22T06:38:24.244+0000] {manager.py:504} INFO - Created Permission View: can delete on DAG:example_branch_datetime_operator_3
[2023-06-22T06:38:24.289+0000] {logging_mixin.py:149} INFO - [2023-06-22T06:38:24.289+0000] {manager.py:504} INFO - Created Permission View: can edit on DAG:example_branch_datetime_operator
[2023-06-22T06:38:24.296+0000] {logging_mixin.py:149} INFO - [2023-06-22T06:38:24.295+0000] {manager.py:504} INFO - Created Permission View: can read on DAG:example_branch_datetime_operator
[2023-06-22T06:38:24.302+0000] {logging_mixin.py:149} INFO - [2023-06-22T06:38:24.301+0000] {manager.py:504} INFO - Created Permission View: can delete on DAG:example_branch_datetime_operator
[2023-06-22T06:38:24.307+0000] {logging_mixin.py:149} INFO - [2023-06-22T06:38:24.307+0000] {dag.py:2726} INFO - Sync 3 DAGs
[2023-06-22T06:38:24.318+0000] {logging_mixin.py:149} INFO - [2023-06-22T06:38:24.318+0000] {dag.py:2747} INFO - Creating ORM DAG for example_branch_datetime_operator_3
[2023-06-22T06:38:24.319+0000] {logging_mixin.py:149} INFO - [2023-06-22T06:38:24.319+0000] {dag.py:2747} INFO - Creating ORM DAG for example_branch_datetime_operator
[2023-06-22T06:38:24.320+0000] {logging_mixin.py:149} INFO - [2023-06-22T06:38:24.320+0000] {dag.py:2747} INFO - Creating ORM DAG for example_branch_datetime_operator_2
[2023-06-22T06:38:24.331+0000] {logging_mixin.py:149} INFO - [2023-06-22T06:38:24.331+0000] {dag.py:3490} INFO - Setting next_dagrun for example_branch_datetime_operator to 2023-06-21T00:00:00+00:00, run_after=2023-06-22T00:00:00+00:00
[2023-06-22T06:38:24.333+0000] {logging_mixin.py:149} INFO - [2023-06-22T06:38:24.333+0000] {dag.py:3490} INFO - Setting next_dagrun for example_branch_datetime_operator_2 to 2023-06-21T00:00:00+00:00, run_after=2023-06-22T00:00:00+00:00
[2023-06-22T06:38:24.336+0000] {logging_mixin.py:149} INFO - [2023-06-22T06:38:24.336+0000] {dag.py:3490} INFO - Setting next_dagrun for example_branch_datetime_operator_3 to 2023-06-21T00:00:00+00:00, run_after=2023-06-22T00:00:00+00:00
[2023-06-22T06:38:24.360+0000] {processor.py:179} INFO - Processing /home/airflow/.local/lib/python3.7/site-packages/airflow/example_dags/example_branch_datetime_operator.py took 0.374 seconds
[2023-06-22T06:38:54.872+0000] {processor.py:157} INFO - Started process (PID=117) to work on /home/airflow/.local/lib/python3.7/site-packages/airflow/example_dags/example_branch_datetime_operator.py
[2023-06-22T06:38:54.873+0000] {processor.py:826} INFO - Processing file /home/airflow/.local/lib/python3.7/site-packages/airflow/example_dags/example_branch_datetime_operator.py for tasks to queue
[2023-06-22T06:38:54.874+0000] {logging_mixin.py:149} INFO - [2023-06-22T06:38:54.874+0000] {dagbag.py:541} INFO - Filling up the DagBag from /home/airflow/.local/lib/python3.7/site-packages/airflow/example_dags/example_branch_datetime_operator.py
[2023-06-22T06:38:54.881+0000] {processor.py:836} INFO - DAG(s) dict_keys(['example_branch_datetime_operator_3', 'example_branch_datetime_operator', 'example_branch_datetime_operator_2']) retrieved from /home/airflow/.local/lib/python3.7/site-packages/airflow/example_dags/example_branch_datetime_operator.py
[2023-06-22T06:38:54.906+0000] {logging_mixin.py:149} INFO - [2023-06-22T06:38:54.906+0000] {dag.py:2726} INFO - Sync 3 DAGs
[2023-06-22T06:38:54.923+0000] {logging_mixin.py:149} INFO - [2023-06-22T06:38:54.923+0000] {dag.py:3490} INFO - Setting next_dagrun for example_branch_datetime_operator to 2023-06-21T00:00:00+00:00, run_after=2023-06-22T00:00:00+00:00
[2023-06-22T06:38:54.926+0000] {logging_mixin.py:149} INFO - [2023-06-22T06:38:54.926+0000] {dag.py:3490} INFO - Setting next_dagrun for example_branch_datetime_operator_2 to 2023-06-21T00:00:00+00:00, run_after=2023-06-22T00:00:00+00:00
[2023-06-22T06:38:54.928+0000] {logging_mixin.py:149} INFO - [2023-06-22T06:38:54.928+0000] {dag.py:3490} INFO - Setting next_dagrun for example_branch_datetime_operator_3 to 2023-06-21T00:00:00+00:00, run_after=2023-06-22T00:00:00+00:00
[2023-06-22T06:38:54.939+0000] {processor.py:179} INFO - Processing /home/airflow/.local/lib/python3.7/site-packages/airflow/example_dags/example_branch_datetime_operator.py took 0.070 seconds
[2023-06-22T06:39:25.836+0000] {processor.py:157} INFO - Started process (PID=174) to work on /home/airflow/.local/lib/python3.7/site-packages/airflow/example_dags/example_branch_datetime_operator.py
[2023-06-22T06:39:25.837+0000] {processor.py:826} INFO - Processing file /home/airflow/.local/lib/python3.7/site-packages/airflow/example_dags/example_branch_datetime_operator.py for tasks to queue
[2023-06-22T06:39:25.838+0000] {logging_mixin.py:149} INFO - [2023-06-22T06:39:25.838+0000] {dagbag.py:541} INFO - Filling up the DagBag from /home/airflow/.local/lib/python3.7/site-packages/airflow/example_dags/example_branch_datetime_operator.py
[2023-06-22T06:39:25.845+0000] {processor.py:836} INFO - DAG(s) dict_keys(['example_branch_datetime_operator_2', 'example_branch_datetime_operator', 'example_branch_datetime_operator_3']) retrieved from /home/airflow/.local/lib/python3.7/site-packages/airflow/example_dags/example_branch_datetime_operator.py
[2023-06-22T06:39:25.869+0000] {logging_mixin.py:149} INFO - [2023-06-22T06:39:25.869+0000] {dag.py:2726} INFO - Sync 3 DAGs
[2023-06-22T06:39:25.885+0000] {logging_mixin.py:149} INFO - [2023-06-22T06:39:25.885+0000] {dag.py:3490} INFO - Setting next_dagrun for example_branch_datetime_operator to 2023-06-21T00:00:00+00:00, run_after=2023-06-22T00:00:00+00:00
[2023-06-22T06:39:25.889+0000] {logging_mixin.py:149} INFO - [2023-06-22T06:39:25.888+0000] {dag.py:3490} INFO - Setting next_dagrun for example_branch_datetime_operator_2 to 2023-06-21T00:00:00+00:00, run_after=2023-06-22T00:00:00+00:00
[2023-06-22T06:39:25.890+0000] {logging_mixin.py:149} INFO - [2023-06-22T06:39:25.890+0000] {dag.py:3490} INFO - Setting next_dagrun for example_branch_datetime_operator_3 to 2023-06-21T00:00:00+00:00, run_after=2023-06-22T00:00:00+00:00
[2023-06-22T06:39:25.901+0000] {processor.py:179} INFO - Processing /home/airflow/.local/lib/python3.7/site-packages/airflow/example_dags/example_branch_datetime_operator.py took 0.068 seconds
[2023-06-22T06:39:56.578+0000] {processor.py:157} INFO - Started process (PID=231) to work on /home/airflow/.local/lib/python3.7/site-packages/airflow/example_dags/example_branch_datetime_operator.py
[2023-06-22T06:39:56.581+0000] {processor.py:826} INFO - Processing file /home/airflow/.local/lib/python3.7/site-packages/airflow/example_dags/example_branch_datetime_operator.py for tasks to queue
[2023-06-22T06:39:56.583+0000] {logging_mixin.py:149} INFO - [2023-06-22T06:39:56.583+0000] {dagbag.py:541} INFO - Filling up the DagBag from /home/airflow/.local/lib/python3.7/site-packages/airflow/example_dags/example_branch_datetime_operator.py
[2023-06-22T06:39:56.591+0000] {processor.py:836} INFO - DAG(s) dict_keys(['example_branch_datetime_operator_3', 'example_branch_datetime_operator_2', 'example_branch_datetime_operator']) retrieved from /home/airflow/.local/lib/python3.7/site-packages/airflow/example_dags/example_branch_datetime_operator.py
[2023-06-22T06:39:56.621+0000] {logging_mixin.py:149} INFO - [2023-06-22T06:39:56.621+0000] {dag.py:2726} INFO - Sync 3 DAGs
[2023-06-22T06:39:56.640+0000] {logging_mixin.py:149} INFO - [2023-06-22T06:39:56.640+0000] {dag.py:3490} INFO - Setting next_dagrun for example_branch_datetime_operator to 2023-06-21T00:00:00+00:00, run_after=2023-06-22T00:00:00+00:00
[2023-06-22T06:39:56.644+0000] {logging_mixin.py:149} INFO - [2023-06-22T06:39:56.644+0000] {dag.py:3490} INFO - Setting next_dagrun for example_branch_datetime_operator_2 to 2023-06-21T00:00:00+00:00, run_after=2023-06-22T00:00:00+00:00
[2023-06-22T06:39:56.646+0000] {logging_mixin.py:149} INFO - [2023-06-22T06:39:56.646+0000] {dag.py:3490} INFO - Setting next_dagrun for example_branch_datetime_operator_3 to 2023-06-21T00:00:00+00:00, run_after=2023-06-22T00:00:00+00:00
[2023-06-22T06:39:56.660+0000] {processor.py:179} INFO - Processing /home/airflow/.local/lib/python3.7/site-packages/airflow/example_dags/example_branch_datetime_operator.py took 0.085 seconds
[2023-06-22T06:40:26.867+0000] {processor.py:157} INFO - Started process (PID=288) to work on /home/airflow/.local/lib/python3.7/site-packages/airflow/example_dags/example_branch_datetime_operator.py
[2023-06-22T06:40:26.869+0000] {processor.py:826} INFO - Processing file /home/airflow/.local/lib/python3.7/site-packages/airflow/example_dags/example_branch_datetime_operator.py for tasks to queue
[2023-06-22T06:40:26.870+0000] {logging_mixin.py:149} INFO - [2023-06-22T06:40:26.869+0000] {dagbag.py:541} INFO - Filling up the DagBag from /home/airflow/.local/lib/python3.7/site-packages/airflow/example_dags/example_branch_datetime_operator.py
[2023-06-22T06:40:26.877+0000] {processor.py:836} INFO - DAG(s) dict_keys(['example_branch_datetime_operator', 'example_branch_datetime_operator_3', 'example_branch_datetime_operator_2']) retrieved from /home/airflow/.local/lib/python3.7/site-packages/airflow/example_dags/example_branch_datetime_operator.py
[2023-06-22T06:40:26.901+0000] {logging_mixin.py:149} INFO - [2023-06-22T06:40:26.901+0000] {dag.py:2726} INFO - Sync 3 DAGs
[2023-06-22T06:40:26.918+0000] {logging_mixin.py:149} INFO - [2023-06-22T06:40:26.918+0000] {dag.py:3490} INFO - Setting next_dagrun for example_branch_datetime_operator to 2023-06-21T00:00:00+00:00, run_after=2023-06-22T00:00:00+00:00
[2023-06-22T06:40:26.922+0000] {logging_mixin.py:149} INFO - [2023-06-22T06:40:26.922+0000] {dag.py:3490} INFO - Setting next_dagrun for example_branch_datetime_operator_2 to 2023-06-21T00:00:00+00:00, run_after=2023-06-22T00:00:00+00:00
[2023-06-22T06:40:26.923+0000] {logging_mixin.py:149} INFO - [2023-06-22T06:40:26.923+0000] {dag.py:3490} INFO - Setting next_dagrun for example_branch_datetime_operator_3 to 2023-06-21T00:00:00+00:00, run_after=2023-06-22T00:00:00+00:00
[2023-06-22T06:40:26.933+0000] {processor.py:179} INFO - Processing /home/airflow/.local/lib/python3.7/site-packages/airflow/example_dags/example_branch_datetime_operator.py took 0.069 seconds
