[2023-06-22T06:37:17.208+0000] {processor.py:157} INFO - Started process (PID=68) to work on /home/airflow/.local/lib/python3.7/site-packages/airflow/example_dags/example_sla_dag.py
[2023-06-22T06:37:17.211+0000] {processor.py:826} INFO - Processing file /home/airflow/.local/lib/python3.7/site-packages/airflow/example_dags/example_sla_dag.py for tasks to queue
[2023-06-22T06:37:17.214+0000] {logging_mixin.py:149} INFO - [2023-06-22T06:37:17.213+0000] {dagbag.py:541} INFO - Filling up the DagBag from /home/airflow/.local/lib/python3.7/site-packages/airflow/example_dags/example_sla_dag.py
[2023-06-22T06:37:17.228+0000] {processor.py:836} INFO - DAG(s) dict_keys(['example_sla_dag']) retrieved from /home/airflow/.local/lib/python3.7/site-packages/airflow/example_dags/example_sla_dag.py
[2023-06-22T06:37:17.403+0000] {logging_mixin.py:149} INFO - [2023-06-22T06:37:17.403+0000] {manager.py:504} INFO - Created Permission View: can read on DAG:example_sla_dag
[2023-06-22T06:37:17.430+0000] {logging_mixin.py:149} INFO - [2023-06-22T06:37:17.430+0000] {manager.py:504} INFO - Created Permission View: can delete on DAG:example_sla_dag
[2023-06-22T06:37:17.441+0000] {logging_mixin.py:149} INFO - [2023-06-22T06:37:17.441+0000] {manager.py:504} INFO - Created Permission View: can edit on DAG:example_sla_dag
[2023-06-22T06:37:17.474+0000] {logging_mixin.py:149} INFO - [2023-06-22T06:37:17.474+0000] {dag.py:2726} INFO - Sync 1 DAGs
[2023-06-22T06:37:17.496+0000] {logging_mixin.py:149} INFO - [2023-06-22T06:37:17.495+0000] {dag.py:2747} INFO - Creating ORM DAG for example_sla_dag
[2023-06-22T06:37:17.514+0000] {logging_mixin.py:149} INFO - [2023-06-22T06:37:17.513+0000] {dag.py:3490} INFO - Setting next_dagrun for example_sla_dag to 2023-06-22T06:34:00+00:00, run_after=2023-06-22T06:36:00+00:00
[2023-06-22T06:37:17.542+0000] {processor.py:179} INFO - Processing /home/airflow/.local/lib/python3.7/site-packages/airflow/example_dags/example_sla_dag.py took 0.339 seconds
[2023-06-22T06:38:23.994+0000] {processor.py:157} INFO - Started process (PID=61) to work on /home/airflow/.local/lib/python3.7/site-packages/airflow/example_dags/example_sla_dag.py
[2023-06-22T06:38:23.996+0000] {processor.py:826} INFO - Processing file /home/airflow/.local/lib/python3.7/site-packages/airflow/example_dags/example_sla_dag.py for tasks to queue
[2023-06-22T06:38:23.998+0000] {logging_mixin.py:149} INFO - [2023-06-22T06:38:23.998+0000] {dagbag.py:541} INFO - Filling up the DagBag from /home/airflow/.local/lib/python3.7/site-packages/airflow/example_dags/example_sla_dag.py
[2023-06-22T06:38:24.015+0000] {processor.py:836} INFO - DAG(s) dict_keys(['example_sla_dag']) retrieved from /home/airflow/.local/lib/python3.7/site-packages/airflow/example_dags/example_sla_dag.py
[2023-06-22T06:38:24.119+0000] {logging_mixin.py:149} INFO - [2023-06-22T06:38:24.119+0000] {manager.py:504} INFO - Created Permission View: can edit on DAG:example_sla_dag
[2023-06-22T06:38:24.134+0000] {logging_mixin.py:149} INFO - [2023-06-22T06:38:24.134+0000] {manager.py:504} INFO - Created Permission View: can read on DAG:example_sla_dag
[2023-06-22T06:38:24.142+0000] {logging_mixin.py:149} INFO - [2023-06-22T06:38:24.142+0000] {manager.py:504} INFO - Created Permission View: can delete on DAG:example_sla_dag
[2023-06-22T06:38:24.155+0000] {logging_mixin.py:149} INFO - [2023-06-22T06:38:24.154+0000] {dag.py:2726} INFO - Sync 1 DAGs
[2023-06-22T06:38:24.166+0000] {logging_mixin.py:149} INFO - [2023-06-22T06:38:24.166+0000] {dag.py:2747} INFO - Creating ORM DAG for example_sla_dag
[2023-06-22T06:38:24.179+0000] {logging_mixin.py:149} INFO - [2023-06-22T06:38:24.179+0000] {dag.py:3490} INFO - Setting next_dagrun for example_sla_dag to 2023-06-22T06:36:00+00:00, run_after=2023-06-22T06:38:00+00:00
[2023-06-22T06:38:24.199+0000] {processor.py:179} INFO - Processing /home/airflow/.local/lib/python3.7/site-packages/airflow/example_dags/example_sla_dag.py took 0.209 seconds
[2023-06-22T06:38:54.876+0000] {processor.py:157} INFO - Started process (PID=118) to work on /home/airflow/.local/lib/python3.7/site-packages/airflow/example_dags/example_sla_dag.py
[2023-06-22T06:38:54.878+0000] {processor.py:826} INFO - Processing file /home/airflow/.local/lib/python3.7/site-packages/airflow/example_dags/example_sla_dag.py for tasks to queue
[2023-06-22T06:38:54.878+0000] {logging_mixin.py:149} INFO - [2023-06-22T06:38:54.878+0000] {dagbag.py:541} INFO - Filling up the DagBag from /home/airflow/.local/lib/python3.7/site-packages/airflow/example_dags/example_sla_dag.py
[2023-06-22T06:38:54.885+0000] {processor.py:836} INFO - DAG(s) dict_keys(['example_sla_dag']) retrieved from /home/airflow/.local/lib/python3.7/site-packages/airflow/example_dags/example_sla_dag.py
[2023-06-22T06:38:54.904+0000] {logging_mixin.py:149} INFO - [2023-06-22T06:38:54.904+0000] {dag.py:2726} INFO - Sync 1 DAGs
[2023-06-22T06:38:54.923+0000] {logging_mixin.py:149} INFO - [2023-06-22T06:38:54.923+0000] {dag.py:3490} INFO - Setting next_dagrun for example_sla_dag to 2023-06-22T06:36:00+00:00, run_after=2023-06-22T06:38:00+00:00
[2023-06-22T06:38:54.935+0000] {processor.py:179} INFO - Processing /home/airflow/.local/lib/python3.7/site-packages/airflow/example_dags/example_sla_dag.py took 0.062 seconds
[2023-06-22T06:39:25.840+0000] {processor.py:157} INFO - Started process (PID=175) to work on /home/airflow/.local/lib/python3.7/site-packages/airflow/example_dags/example_sla_dag.py
[2023-06-22T06:39:25.842+0000] {processor.py:826} INFO - Processing file /home/airflow/.local/lib/python3.7/site-packages/airflow/example_dags/example_sla_dag.py for tasks to queue
[2023-06-22T06:39:25.842+0000] {logging_mixin.py:149} INFO - [2023-06-22T06:39:25.842+0000] {dagbag.py:541} INFO - Filling up the DagBag from /home/airflow/.local/lib/python3.7/site-packages/airflow/example_dags/example_sla_dag.py
[2023-06-22T06:39:25.849+0000] {processor.py:836} INFO - DAG(s) dict_keys(['example_sla_dag']) retrieved from /home/airflow/.local/lib/python3.7/site-packages/airflow/example_dags/example_sla_dag.py
[2023-06-22T06:39:25.868+0000] {logging_mixin.py:149} INFO - [2023-06-22T06:39:25.868+0000] {dag.py:2726} INFO - Sync 1 DAGs
[2023-06-22T06:39:25.885+0000] {logging_mixin.py:149} INFO - [2023-06-22T06:39:25.885+0000] {dag.py:3490} INFO - Setting next_dagrun for example_sla_dag to 2023-06-22T06:36:00+00:00, run_after=2023-06-22T06:38:00+00:00
[2023-06-22T06:39:25.897+0000] {processor.py:179} INFO - Processing /home/airflow/.local/lib/python3.7/site-packages/airflow/example_dags/example_sla_dag.py took 0.059 seconds
[2023-06-22T06:39:56.583+0000] {processor.py:157} INFO - Started process (PID=232) to work on /home/airflow/.local/lib/python3.7/site-packages/airflow/example_dags/example_sla_dag.py
[2023-06-22T06:39:56.585+0000] {processor.py:826} INFO - Processing file /home/airflow/.local/lib/python3.7/site-packages/airflow/example_dags/example_sla_dag.py for tasks to queue
[2023-06-22T06:39:56.586+0000] {logging_mixin.py:149} INFO - [2023-06-22T06:39:56.586+0000] {dagbag.py:541} INFO - Filling up the DagBag from /home/airflow/.local/lib/python3.7/site-packages/airflow/example_dags/example_sla_dag.py
[2023-06-22T06:39:56.592+0000] {processor.py:836} INFO - DAG(s) dict_keys(['example_sla_dag']) retrieved from /home/airflow/.local/lib/python3.7/site-packages/airflow/example_dags/example_sla_dag.py
[2023-06-22T06:39:56.615+0000] {logging_mixin.py:149} INFO - [2023-06-22T06:39:56.615+0000] {dag.py:2726} INFO - Sync 1 DAGs
[2023-06-22T06:39:56.636+0000] {logging_mixin.py:149} INFO - [2023-06-22T06:39:56.636+0000] {dag.py:3490} INFO - Setting next_dagrun for example_sla_dag to 2023-06-22T06:36:00+00:00, run_after=2023-06-22T06:38:00+00:00
[2023-06-22T06:39:56.651+0000] {processor.py:179} INFO - Processing /home/airflow/.local/lib/python3.7/site-packages/airflow/example_dags/example_sla_dag.py took 0.072 seconds
[2023-06-22T06:40:26.874+0000] {processor.py:157} INFO - Started process (PID=289) to work on /home/airflow/.local/lib/python3.7/site-packages/airflow/example_dags/example_sla_dag.py
[2023-06-22T06:40:26.875+0000] {processor.py:826} INFO - Processing file /home/airflow/.local/lib/python3.7/site-packages/airflow/example_dags/example_sla_dag.py for tasks to queue
[2023-06-22T06:40:26.876+0000] {logging_mixin.py:149} INFO - [2023-06-22T06:40:26.876+0000] {dagbag.py:541} INFO - Filling up the DagBag from /home/airflow/.local/lib/python3.7/site-packages/airflow/example_dags/example_sla_dag.py
[2023-06-22T06:40:26.882+0000] {processor.py:836} INFO - DAG(s) dict_keys(['example_sla_dag']) retrieved from /home/airflow/.local/lib/python3.7/site-packages/airflow/example_dags/example_sla_dag.py
[2023-06-22T06:40:26.901+0000] {logging_mixin.py:149} INFO - [2023-06-22T06:40:26.901+0000] {dag.py:2726} INFO - Sync 1 DAGs
[2023-06-22T06:40:26.919+0000] {logging_mixin.py:149} INFO - [2023-06-22T06:40:26.919+0000] {dag.py:3490} INFO - Setting next_dagrun for example_sla_dag to 2023-06-22T06:38:00+00:00, run_after=2023-06-22T06:40:00+00:00
[2023-06-22T06:40:26.931+0000] {processor.py:179} INFO - Processing /home/airflow/.local/lib/python3.7/site-packages/airflow/example_dags/example_sla_dag.py took 0.060 seconds
