[2023-06-22T06:37:05.573+0000] {processor.py:157} INFO - Started process (PID=48) to work on /home/airflow/.local/lib/python3.7/site-packages/airflow/example_dags/example_python_operator.py
[2023-06-22T06:37:05.581+0000] {processor.py:826} INFO - Processing file /home/airflow/.local/lib/python3.7/site-packages/airflow/example_dags/example_python_operator.py for tasks to queue
[2023-06-22T06:37:05.585+0000] {logging_mixin.py:149} INFO - [2023-06-22T06:37:05.585+0000] {dagbag.py:541} INFO - Filling up the DagBag from /home/airflow/.local/lib/python3.7/site-packages/airflow/example_dags/example_python_operator.py
[2023-06-22T06:37:06.023+0000] {processor.py:836} INFO - DAG(s) dict_keys(['example_python_operator']) retrieved from /home/airflow/.local/lib/python3.7/site-packages/airflow/example_dags/example_python_operator.py
[2023-06-22T06:37:08.029+0000] {logging_mixin.py:149} INFO - [2023-06-22T06:37:08.028+0000] {manager.py:504} INFO - Created Permission View: can read on DAG:example_python_operator
[2023-06-22T06:37:08.166+0000] {logging_mixin.py:149} INFO - [2023-06-22T06:37:08.166+0000] {manager.py:504} INFO - Created Permission View: can delete on DAG:example_python_operator
[2023-06-22T06:37:08.245+0000] {logging_mixin.py:149} INFO - [2023-06-22T06:37:08.239+0000] {manager.py:504} INFO - Created Permission View: can edit on DAG:example_python_operator
[2023-06-22T06:37:08.480+0000] {logging_mixin.py:149} INFO - [2023-06-22T06:37:08.478+0000] {dag.py:2726} INFO - Sync 1 DAGs
[2023-06-22T06:37:08.685+0000] {logging_mixin.py:149} INFO - [2023-06-22T06:37:08.684+0000] {dag.py:2747} INFO - Creating ORM DAG for example_python_operator
[2023-06-22T06:37:08.806+0000] {logging_mixin.py:149} INFO - [2023-06-22T06:37:08.805+0000] {dag.py:3490} INFO - Setting next_dagrun for example_python_operator to None, run_after=None
[2023-06-22T06:37:08.895+0000] {processor.py:179} INFO - Processing /home/airflow/.local/lib/python3.7/site-packages/airflow/example_dags/example_python_operator.py took 3.523 seconds
[2023-06-22T06:38:18.863+0000] {processor.py:157} INFO - Started process (PID=41) to work on /home/airflow/.local/lib/python3.7/site-packages/airflow/example_dags/example_python_operator.py
[2023-06-22T06:38:18.865+0000] {processor.py:826} INFO - Processing file /home/airflow/.local/lib/python3.7/site-packages/airflow/example_dags/example_python_operator.py for tasks to queue
[2023-06-22T06:38:18.866+0000] {logging_mixin.py:149} INFO - [2023-06-22T06:38:18.866+0000] {dagbag.py:541} INFO - Filling up the DagBag from /home/airflow/.local/lib/python3.7/site-packages/airflow/example_dags/example_python_operator.py
[2023-06-22T06:38:18.888+0000] {processor.py:836} INFO - DAG(s) dict_keys(['example_python_operator']) retrieved from /home/airflow/.local/lib/python3.7/site-packages/airflow/example_dags/example_python_operator.py
[2023-06-22T06:38:19.053+0000] {logging_mixin.py:149} INFO - [2023-06-22T06:38:19.053+0000] {manager.py:504} INFO - Created Permission View: can edit on DAG:example_python_operator
[2023-06-22T06:38:19.063+0000] {logging_mixin.py:149} INFO - [2023-06-22T06:38:19.063+0000] {manager.py:504} INFO - Created Permission View: can read on DAG:example_python_operator
[2023-06-22T06:38:19.189+0000] {logging_mixin.py:149} INFO - [2023-06-22T06:38:19.189+0000] {manager.py:504} INFO - Created Permission View: can delete on DAG:example_python_operator
[2023-06-22T06:38:19.228+0000] {logging_mixin.py:149} INFO - [2023-06-22T06:38:19.227+0000] {dag.py:2726} INFO - Sync 1 DAGs
[2023-06-22T06:38:19.256+0000] {logging_mixin.py:149} INFO - [2023-06-22T06:38:19.256+0000] {dag.py:2747} INFO - Creating ORM DAG for example_python_operator
[2023-06-22T06:38:19.277+0000] {logging_mixin.py:149} INFO - [2023-06-22T06:38:19.277+0000] {dag.py:3490} INFO - Setting next_dagrun for example_python_operator to None, run_after=None
[2023-06-22T06:38:19.313+0000] {processor.py:179} INFO - Processing /home/airflow/.local/lib/python3.7/site-packages/airflow/example_dags/example_python_operator.py took 0.455 seconds
[2023-06-22T06:38:49.631+0000] {processor.py:157} INFO - Started process (PID=98) to work on /home/airflow/.local/lib/python3.7/site-packages/airflow/example_dags/example_python_operator.py
[2023-06-22T06:38:49.633+0000] {processor.py:826} INFO - Processing file /home/airflow/.local/lib/python3.7/site-packages/airflow/example_dags/example_python_operator.py for tasks to queue
[2023-06-22T06:38:49.634+0000] {logging_mixin.py:149} INFO - [2023-06-22T06:38:49.634+0000] {dagbag.py:541} INFO - Filling up the DagBag from /home/airflow/.local/lib/python3.7/site-packages/airflow/example_dags/example_python_operator.py
[2023-06-22T06:38:49.647+0000] {processor.py:836} INFO - DAG(s) dict_keys(['example_python_operator']) retrieved from /home/airflow/.local/lib/python3.7/site-packages/airflow/example_dags/example_python_operator.py
[2023-06-22T06:38:49.671+0000] {logging_mixin.py:149} INFO - [2023-06-22T06:38:49.671+0000] {dag.py:2726} INFO - Sync 1 DAGs
[2023-06-22T06:38:49.689+0000] {logging_mixin.py:149} INFO - [2023-06-22T06:38:49.689+0000] {dag.py:3490} INFO - Setting next_dagrun for example_python_operator to None, run_after=None
[2023-06-22T06:38:49.703+0000] {processor.py:179} INFO - Processing /home/airflow/.local/lib/python3.7/site-packages/airflow/example_dags/example_python_operator.py took 0.075 seconds
[2023-06-22T06:39:20.519+0000] {processor.py:157} INFO - Started process (PID=155) to work on /home/airflow/.local/lib/python3.7/site-packages/airflow/example_dags/example_python_operator.py
[2023-06-22T06:39:20.520+0000] {processor.py:826} INFO - Processing file /home/airflow/.local/lib/python3.7/site-packages/airflow/example_dags/example_python_operator.py for tasks to queue
[2023-06-22T06:39:20.522+0000] {logging_mixin.py:149} INFO - [2023-06-22T06:39:20.521+0000] {dagbag.py:541} INFO - Filling up the DagBag from /home/airflow/.local/lib/python3.7/site-packages/airflow/example_dags/example_python_operator.py
[2023-06-22T06:39:20.531+0000] {processor.py:836} INFO - DAG(s) dict_keys(['example_python_operator']) retrieved from /home/airflow/.local/lib/python3.7/site-packages/airflow/example_dags/example_python_operator.py
[2023-06-22T06:39:20.555+0000] {logging_mixin.py:149} INFO - [2023-06-22T06:39:20.555+0000] {dag.py:2726} INFO - Sync 1 DAGs
[2023-06-22T06:39:20.570+0000] {logging_mixin.py:149} INFO - [2023-06-22T06:39:20.570+0000] {dag.py:3490} INFO - Setting next_dagrun for example_python_operator to None, run_after=None
[2023-06-22T06:39:20.582+0000] {processor.py:179} INFO - Processing /home/airflow/.local/lib/python3.7/site-packages/airflow/example_dags/example_python_operator.py took 0.067 seconds
[2023-06-22T06:39:51.275+0000] {processor.py:157} INFO - Started process (PID=212) to work on /home/airflow/.local/lib/python3.7/site-packages/airflow/example_dags/example_python_operator.py
[2023-06-22T06:39:51.276+0000] {processor.py:826} INFO - Processing file /home/airflow/.local/lib/python3.7/site-packages/airflow/example_dags/example_python_operator.py for tasks to queue
[2023-06-22T06:39:51.277+0000] {logging_mixin.py:149} INFO - [2023-06-22T06:39:51.277+0000] {dagbag.py:541} INFO - Filling up the DagBag from /home/airflow/.local/lib/python3.7/site-packages/airflow/example_dags/example_python_operator.py
[2023-06-22T06:39:51.287+0000] {processor.py:836} INFO - DAG(s) dict_keys(['example_python_operator']) retrieved from /home/airflow/.local/lib/python3.7/site-packages/airflow/example_dags/example_python_operator.py
[2023-06-22T06:39:51.311+0000] {logging_mixin.py:149} INFO - [2023-06-22T06:39:51.311+0000] {dag.py:2726} INFO - Sync 1 DAGs
[2023-06-22T06:39:51.330+0000] {logging_mixin.py:149} INFO - [2023-06-22T06:39:51.330+0000] {dag.py:3490} INFO - Setting next_dagrun for example_python_operator to None, run_after=None
[2023-06-22T06:39:51.342+0000] {processor.py:179} INFO - Processing /home/airflow/.local/lib/python3.7/site-packages/airflow/example_dags/example_python_operator.py took 0.071 seconds
[2023-06-22T06:40:21.620+0000] {processor.py:157} INFO - Started process (PID=269) to work on /home/airflow/.local/lib/python3.7/site-packages/airflow/example_dags/example_python_operator.py
[2023-06-22T06:40:21.622+0000] {processor.py:826} INFO - Processing file /home/airflow/.local/lib/python3.7/site-packages/airflow/example_dags/example_python_operator.py for tasks to queue
[2023-06-22T06:40:21.622+0000] {logging_mixin.py:149} INFO - [2023-06-22T06:40:21.622+0000] {dagbag.py:541} INFO - Filling up the DagBag from /home/airflow/.local/lib/python3.7/site-packages/airflow/example_dags/example_python_operator.py
[2023-06-22T06:40:21.633+0000] {processor.py:836} INFO - DAG(s) dict_keys(['example_python_operator']) retrieved from /home/airflow/.local/lib/python3.7/site-packages/airflow/example_dags/example_python_operator.py
[2023-06-22T06:40:21.658+0000] {logging_mixin.py:149} INFO - [2023-06-22T06:40:21.658+0000] {dag.py:2726} INFO - Sync 1 DAGs
[2023-06-22T06:40:21.676+0000] {logging_mixin.py:149} INFO - [2023-06-22T06:40:21.676+0000] {dag.py:3490} INFO - Setting next_dagrun for example_python_operator to None, run_after=None
[2023-06-22T06:40:21.690+0000] {processor.py:179} INFO - Processing /home/airflow/.local/lib/python3.7/site-packages/airflow/example_dags/example_python_operator.py took 0.074 seconds
