[2023-06-22T06:37:15.399+0000] {processor.py:157} INFO - Started process (PID=60) to work on /home/airflow/.local/lib/python3.7/site-packages/airflow/example_dags/example_dynamic_task_mapping_with_no_taskflow_operators.py
[2023-06-22T06:37:15.402+0000] {processor.py:826} INFO - Processing file /home/airflow/.local/lib/python3.7/site-packages/airflow/example_dags/example_dynamic_task_mapping_with_no_taskflow_operators.py for tasks to queue
[2023-06-22T06:37:15.405+0000] {logging_mixin.py:149} INFO - [2023-06-22T06:37:15.404+0000] {dagbag.py:541} INFO - Filling up the DagBag from /home/airflow/.local/lib/python3.7/site-packages/airflow/example_dags/example_dynamic_task_mapping_with_no_taskflow_operators.py
[2023-06-22T06:37:15.429+0000] {processor.py:836} INFO - DAG(s) dict_keys(['example_dynamic_task_mapping_with_no_taskflow_operators']) retrieved from /home/airflow/.local/lib/python3.7/site-packages/airflow/example_dags/example_dynamic_task_mapping_with_no_taskflow_operators.py
[2023-06-22T06:37:15.625+0000] {logging_mixin.py:149} INFO - [2023-06-22T06:37:15.625+0000] {manager.py:504} INFO - Created Permission View: can read on DAG:example_dynamic_task_mapping_with_no_taskflow_operators
[2023-06-22T06:37:15.640+0000] {logging_mixin.py:149} INFO - [2023-06-22T06:37:15.639+0000] {manager.py:504} INFO - Created Permission View: can delete on DAG:example_dynamic_task_mapping_with_no_taskflow_operators
[2023-06-22T06:37:15.667+0000] {logging_mixin.py:149} INFO - [2023-06-22T06:37:15.666+0000] {manager.py:504} INFO - Created Permission View: can edit on DAG:example_dynamic_task_mapping_with_no_taskflow_operators
[2023-06-22T06:37:15.690+0000] {logging_mixin.py:149} INFO - [2023-06-22T06:37:15.690+0000] {dag.py:2726} INFO - Sync 1 DAGs
[2023-06-22T06:37:15.702+0000] {logging_mixin.py:149} INFO - [2023-06-22T06:37:15.702+0000] {dag.py:2747} INFO - Creating ORM DAG for example_dynamic_task_mapping_with_no_taskflow_operators
[2023-06-22T06:37:15.718+0000] {logging_mixin.py:149} INFO - [2023-06-22T06:37:15.718+0000] {dag.py:3490} INFO - Setting next_dagrun for example_dynamic_task_mapping_with_no_taskflow_operators to 2023-06-21T06:37:15.718352+00:00, run_after=2023-06-22T06:37:15.718352+00:00
[2023-06-22T06:37:15.742+0000] {processor.py:179} INFO - Processing /home/airflow/.local/lib/python3.7/site-packages/airflow/example_dags/example_dynamic_task_mapping_with_no_taskflow_operators.py took 0.348 seconds
[2023-06-22T06:38:22.829+0000] {processor.py:157} INFO - Started process (PID=53) to work on /home/airflow/.local/lib/python3.7/site-packages/airflow/example_dags/example_dynamic_task_mapping_with_no_taskflow_operators.py
[2023-06-22T06:38:22.839+0000] {processor.py:826} INFO - Processing file /home/airflow/.local/lib/python3.7/site-packages/airflow/example_dags/example_dynamic_task_mapping_with_no_taskflow_operators.py for tasks to queue
[2023-06-22T06:38:22.840+0000] {logging_mixin.py:149} INFO - [2023-06-22T06:38:22.840+0000] {dagbag.py:541} INFO - Filling up the DagBag from /home/airflow/.local/lib/python3.7/site-packages/airflow/example_dags/example_dynamic_task_mapping_with_no_taskflow_operators.py
[2023-06-22T06:38:22.853+0000] {processor.py:836} INFO - DAG(s) dict_keys(['example_dynamic_task_mapping_with_no_taskflow_operators']) retrieved from /home/airflow/.local/lib/python3.7/site-packages/airflow/example_dags/example_dynamic_task_mapping_with_no_taskflow_operators.py
[2023-06-22T06:38:23.004+0000] {logging_mixin.py:149} INFO - [2023-06-22T06:38:23.003+0000] {manager.py:504} INFO - Created Permission View: can edit on DAG:example_dynamic_task_mapping_with_no_taskflow_operators
[2023-06-22T06:38:23.022+0000] {logging_mixin.py:149} INFO - [2023-06-22T06:38:23.022+0000] {manager.py:504} INFO - Created Permission View: can read on DAG:example_dynamic_task_mapping_with_no_taskflow_operators
[2023-06-22T06:38:23.031+0000] {logging_mixin.py:149} INFO - [2023-06-22T06:38:23.031+0000] {manager.py:504} INFO - Created Permission View: can delete on DAG:example_dynamic_task_mapping_with_no_taskflow_operators
[2023-06-22T06:38:23.047+0000] {logging_mixin.py:149} INFO - [2023-06-22T06:38:23.047+0000] {dag.py:2726} INFO - Sync 1 DAGs
[2023-06-22T06:38:23.068+0000] {logging_mixin.py:149} INFO - [2023-06-22T06:38:23.068+0000] {dag.py:2747} INFO - Creating ORM DAG for example_dynamic_task_mapping_with_no_taskflow_operators
[2023-06-22T06:38:23.080+0000] {logging_mixin.py:149} INFO - [2023-06-22T06:38:23.080+0000] {dag.py:3490} INFO - Setting next_dagrun for example_dynamic_task_mapping_with_no_taskflow_operators to 2023-06-21T06:38:23.079962+00:00, run_after=2023-06-22T06:38:23.079962+00:00
[2023-06-22T06:38:23.134+0000] {processor.py:179} INFO - Processing /home/airflow/.local/lib/python3.7/site-packages/airflow/example_dags/example_dynamic_task_mapping_with_no_taskflow_operators.py took 0.322 seconds
[2023-06-22T06:38:53.451+0000] {processor.py:157} INFO - Started process (PID=110) to work on /home/airflow/.local/lib/python3.7/site-packages/airflow/example_dags/example_dynamic_task_mapping_with_no_taskflow_operators.py
[2023-06-22T06:38:53.454+0000] {processor.py:826} INFO - Processing file /home/airflow/.local/lib/python3.7/site-packages/airflow/example_dags/example_dynamic_task_mapping_with_no_taskflow_operators.py for tasks to queue
[2023-06-22T06:38:53.455+0000] {logging_mixin.py:149} INFO - [2023-06-22T06:38:53.455+0000] {dagbag.py:541} INFO - Filling up the DagBag from /home/airflow/.local/lib/python3.7/site-packages/airflow/example_dags/example_dynamic_task_mapping_with_no_taskflow_operators.py
[2023-06-22T06:38:53.463+0000] {processor.py:836} INFO - DAG(s) dict_keys(['example_dynamic_task_mapping_with_no_taskflow_operators']) retrieved from /home/airflow/.local/lib/python3.7/site-packages/airflow/example_dags/example_dynamic_task_mapping_with_no_taskflow_operators.py
[2023-06-22T06:38:53.495+0000] {logging_mixin.py:149} INFO - [2023-06-22T06:38:53.495+0000] {dag.py:2726} INFO - Sync 1 DAGs
[2023-06-22T06:38:53.515+0000] {logging_mixin.py:149} INFO - [2023-06-22T06:38:53.515+0000] {dag.py:3490} INFO - Setting next_dagrun for example_dynamic_task_mapping_with_no_taskflow_operators to 2023-06-21T06:38:53.514793+00:00, run_after=2023-06-22T06:38:53.514793+00:00
[2023-06-22T06:38:53.529+0000] {processor.py:179} INFO - Processing /home/airflow/.local/lib/python3.7/site-packages/airflow/example_dags/example_dynamic_task_mapping_with_no_taskflow_operators.py took 0.080 seconds
[2023-06-22T06:39:24.450+0000] {processor.py:157} INFO - Started process (PID=167) to work on /home/airflow/.local/lib/python3.7/site-packages/airflow/example_dags/example_dynamic_task_mapping_with_no_taskflow_operators.py
[2023-06-22T06:39:24.452+0000] {processor.py:826} INFO - Processing file /home/airflow/.local/lib/python3.7/site-packages/airflow/example_dags/example_dynamic_task_mapping_with_no_taskflow_operators.py for tasks to queue
[2023-06-22T06:39:24.452+0000] {logging_mixin.py:149} INFO - [2023-06-22T06:39:24.452+0000] {dagbag.py:541} INFO - Filling up the DagBag from /home/airflow/.local/lib/python3.7/site-packages/airflow/example_dags/example_dynamic_task_mapping_with_no_taskflow_operators.py
[2023-06-22T06:39:24.458+0000] {processor.py:836} INFO - DAG(s) dict_keys(['example_dynamic_task_mapping_with_no_taskflow_operators']) retrieved from /home/airflow/.local/lib/python3.7/site-packages/airflow/example_dags/example_dynamic_task_mapping_with_no_taskflow_operators.py
[2023-06-22T06:39:24.479+0000] {logging_mixin.py:149} INFO - [2023-06-22T06:39:24.479+0000] {dag.py:2726} INFO - Sync 1 DAGs
[2023-06-22T06:39:24.499+0000] {logging_mixin.py:149} INFO - [2023-06-22T06:39:24.499+0000] {dag.py:3490} INFO - Setting next_dagrun for example_dynamic_task_mapping_with_no_taskflow_operators to 2023-06-21T06:39:24.499464+00:00, run_after=2023-06-22T06:39:24.499464+00:00
[2023-06-22T06:39:24.514+0000] {processor.py:179} INFO - Processing /home/airflow/.local/lib/python3.7/site-packages/airflow/example_dags/example_dynamic_task_mapping_with_no_taskflow_operators.py took 0.066 seconds
[2023-06-22T06:39:55.075+0000] {processor.py:157} INFO - Started process (PID=224) to work on /home/airflow/.local/lib/python3.7/site-packages/airflow/example_dags/example_dynamic_task_mapping_with_no_taskflow_operators.py
[2023-06-22T06:39:55.077+0000] {processor.py:826} INFO - Processing file /home/airflow/.local/lib/python3.7/site-packages/airflow/example_dags/example_dynamic_task_mapping_with_no_taskflow_operators.py for tasks to queue
[2023-06-22T06:39:55.078+0000] {logging_mixin.py:149} INFO - [2023-06-22T06:39:55.078+0000] {dagbag.py:541} INFO - Filling up the DagBag from /home/airflow/.local/lib/python3.7/site-packages/airflow/example_dags/example_dynamic_task_mapping_with_no_taskflow_operators.py
[2023-06-22T06:39:55.086+0000] {processor.py:836} INFO - DAG(s) dict_keys(['example_dynamic_task_mapping_with_no_taskflow_operators']) retrieved from /home/airflow/.local/lib/python3.7/site-packages/airflow/example_dags/example_dynamic_task_mapping_with_no_taskflow_operators.py
[2023-06-22T06:39:55.113+0000] {logging_mixin.py:149} INFO - [2023-06-22T06:39:55.112+0000] {dag.py:2726} INFO - Sync 1 DAGs
[2023-06-22T06:39:55.141+0000] {logging_mixin.py:149} INFO - [2023-06-22T06:39:55.141+0000] {dag.py:3490} INFO - Setting next_dagrun for example_dynamic_task_mapping_with_no_taskflow_operators to 2023-06-21T06:39:55.141207+00:00, run_after=2023-06-22T06:39:55.141207+00:00
[2023-06-22T06:39:55.159+0000] {processor.py:179} INFO - Processing /home/airflow/.local/lib/python3.7/site-packages/airflow/example_dags/example_dynamic_task_mapping_with_no_taskflow_operators.py took 0.088 seconds
[2023-06-22T06:40:25.359+0000] {processor.py:157} INFO - Started process (PID=281) to work on /home/airflow/.local/lib/python3.7/site-packages/airflow/example_dags/example_dynamic_task_mapping_with_no_taskflow_operators.py
[2023-06-22T06:40:25.360+0000] {processor.py:826} INFO - Processing file /home/airflow/.local/lib/python3.7/site-packages/airflow/example_dags/example_dynamic_task_mapping_with_no_taskflow_operators.py for tasks to queue
[2023-06-22T06:40:25.361+0000] {logging_mixin.py:149} INFO - [2023-06-22T06:40:25.361+0000] {dagbag.py:541} INFO - Filling up the DagBag from /home/airflow/.local/lib/python3.7/site-packages/airflow/example_dags/example_dynamic_task_mapping_with_no_taskflow_operators.py
[2023-06-22T06:40:25.367+0000] {processor.py:836} INFO - DAG(s) dict_keys(['example_dynamic_task_mapping_with_no_taskflow_operators']) retrieved from /home/airflow/.local/lib/python3.7/site-packages/airflow/example_dags/example_dynamic_task_mapping_with_no_taskflow_operators.py
[2023-06-22T06:40:25.389+0000] {logging_mixin.py:149} INFO - [2023-06-22T06:40:25.389+0000] {dag.py:2726} INFO - Sync 1 DAGs
[2023-06-22T06:40:25.408+0000] {logging_mixin.py:149} INFO - [2023-06-22T06:40:25.407+0000] {dag.py:3490} INFO - Setting next_dagrun for example_dynamic_task_mapping_with_no_taskflow_operators to 2023-06-21T06:40:25.407746+00:00, run_after=2023-06-22T06:40:25.407746+00:00
[2023-06-22T06:40:25.423+0000] {processor.py:179} INFO - Processing /home/airflow/.local/lib/python3.7/site-packages/airflow/example_dags/example_dynamic_task_mapping_with_no_taskflow_operators.py took 0.067 seconds
