[2023-06-22T06:37:18.765+0000] {processor.py:157} INFO - Started process (PID=75) to work on /home/airflow/.local/lib/python3.7/site-packages/airflow/example_dags/example_xcom.py
[2023-06-22T06:37:18.767+0000] {processor.py:826} INFO - Processing file /home/airflow/.local/lib/python3.7/site-packages/airflow/example_dags/example_xcom.py for tasks to queue
[2023-06-22T06:37:18.770+0000] {logging_mixin.py:149} INFO - [2023-06-22T06:37:18.770+0000] {dagbag.py:541} INFO - Filling up the DagBag from /home/airflow/.local/lib/python3.7/site-packages/airflow/example_dags/example_xcom.py
[2023-06-22T06:37:18.783+0000] {processor.py:836} INFO - DAG(s) dict_keys(['example_xcom']) retrieved from /home/airflow/.local/lib/python3.7/site-packages/airflow/example_dags/example_xcom.py
[2023-06-22T06:37:18.911+0000] {logging_mixin.py:149} INFO - [2023-06-22T06:37:18.910+0000] {manager.py:504} INFO - Created Permission View: can read on DAG:example_xcom
[2023-06-22T06:37:18.933+0000] {logging_mixin.py:149} INFO - [2023-06-22T06:37:18.933+0000] {manager.py:504} INFO - Created Permission View: can delete on DAG:example_xcom
[2023-06-22T06:37:18.953+0000] {logging_mixin.py:149} INFO - [2023-06-22T06:37:18.953+0000] {manager.py:504} INFO - Created Permission View: can edit on DAG:example_xcom
[2023-06-22T06:37:18.980+0000] {logging_mixin.py:149} INFO - [2023-06-22T06:37:18.980+0000] {dag.py:2726} INFO - Sync 1 DAGs
[2023-06-22T06:37:18.997+0000] {logging_mixin.py:149} INFO - [2023-06-22T06:37:18.997+0000] {dag.py:2747} INFO - Creating ORM DAG for example_xcom
[2023-06-22T06:37:19.014+0000] {logging_mixin.py:149} INFO - [2023-06-22T06:37:19.014+0000] {dag.py:3490} INFO - Setting next_dagrun for example_xcom to 2021-01-01T00:00:00+00:00, run_after=2021-01-01T00:00:00+00:00
[2023-06-22T06:37:19.047+0000] {processor.py:179} INFO - Processing /home/airflow/.local/lib/python3.7/site-packages/airflow/example_dags/example_xcom.py took 0.289 seconds
[2023-06-22T06:38:25.062+0000] {processor.py:157} INFO - Started process (PID=68) to work on /home/airflow/.local/lib/python3.7/site-packages/airflow/example_dags/example_xcom.py
[2023-06-22T06:38:25.064+0000] {processor.py:826} INFO - Processing file /home/airflow/.local/lib/python3.7/site-packages/airflow/example_dags/example_xcom.py for tasks to queue
[2023-06-22T06:38:25.065+0000] {logging_mixin.py:149} INFO - [2023-06-22T06:38:25.065+0000] {dagbag.py:541} INFO - Filling up the DagBag from /home/airflow/.local/lib/python3.7/site-packages/airflow/example_dags/example_xcom.py
[2023-06-22T06:38:25.075+0000] {processor.py:836} INFO - DAG(s) dict_keys(['example_xcom']) retrieved from /home/airflow/.local/lib/python3.7/site-packages/airflow/example_dags/example_xcom.py
[2023-06-22T06:38:25.204+0000] {logging_mixin.py:149} INFO - [2023-06-22T06:38:25.204+0000] {manager.py:504} INFO - Created Permission View: can edit on DAG:example_xcom
[2023-06-22T06:38:25.214+0000] {logging_mixin.py:149} INFO - [2023-06-22T06:38:25.214+0000] {manager.py:504} INFO - Created Permission View: can read on DAG:example_xcom
[2023-06-22T06:38:25.221+0000] {logging_mixin.py:149} INFO - [2023-06-22T06:38:25.220+0000] {manager.py:504} INFO - Created Permission View: can delete on DAG:example_xcom
[2023-06-22T06:38:25.235+0000] {logging_mixin.py:149} INFO - [2023-06-22T06:38:25.235+0000] {dag.py:2726} INFO - Sync 1 DAGs
[2023-06-22T06:38:25.248+0000] {logging_mixin.py:149} INFO - [2023-06-22T06:38:25.248+0000] {dag.py:2747} INFO - Creating ORM DAG for example_xcom
[2023-06-22T06:38:25.260+0000] {logging_mixin.py:149} INFO - [2023-06-22T06:38:25.260+0000] {dag.py:3490} INFO - Setting next_dagrun for example_xcom to 2021-01-01T00:00:00+00:00, run_after=2021-01-01T00:00:00+00:00
[2023-06-22T06:38:25.276+0000] {processor.py:179} INFO - Processing /home/airflow/.local/lib/python3.7/site-packages/airflow/example_dags/example_xcom.py took 0.217 seconds
[2023-06-22T06:38:56.279+0000] {processor.py:157} INFO - Started process (PID=125) to work on /home/airflow/.local/lib/python3.7/site-packages/airflow/example_dags/example_xcom.py
[2023-06-22T06:38:56.280+0000] {processor.py:826} INFO - Processing file /home/airflow/.local/lib/python3.7/site-packages/airflow/example_dags/example_xcom.py for tasks to queue
[2023-06-22T06:38:56.282+0000] {logging_mixin.py:149} INFO - [2023-06-22T06:38:56.282+0000] {dagbag.py:541} INFO - Filling up the DagBag from /home/airflow/.local/lib/python3.7/site-packages/airflow/example_dags/example_xcom.py
[2023-06-22T06:38:56.292+0000] {processor.py:836} INFO - DAG(s) dict_keys(['example_xcom']) retrieved from /home/airflow/.local/lib/python3.7/site-packages/airflow/example_dags/example_xcom.py
[2023-06-22T06:38:56.324+0000] {logging_mixin.py:149} INFO - [2023-06-22T06:38:56.323+0000] {dag.py:2726} INFO - Sync 1 DAGs
[2023-06-22T06:38:56.345+0000] {logging_mixin.py:149} INFO - [2023-06-22T06:38:56.345+0000] {dag.py:3490} INFO - Setting next_dagrun for example_xcom to 2021-01-01T00:00:00+00:00, run_after=2021-01-01T00:00:00+00:00
[2023-06-22T06:38:56.362+0000] {processor.py:179} INFO - Processing /home/airflow/.local/lib/python3.7/site-packages/airflow/example_dags/example_xcom.py took 0.096 seconds
[2023-06-22T06:39:27.172+0000] {processor.py:157} INFO - Started process (PID=182) to work on /home/airflow/.local/lib/python3.7/site-packages/airflow/example_dags/example_xcom.py
[2023-06-22T06:39:27.174+0000] {processor.py:826} INFO - Processing file /home/airflow/.local/lib/python3.7/site-packages/airflow/example_dags/example_xcom.py for tasks to queue
[2023-06-22T06:39:27.179+0000] {logging_mixin.py:149} INFO - [2023-06-22T06:39:27.179+0000] {dagbag.py:541} INFO - Filling up the DagBag from /home/airflow/.local/lib/python3.7/site-packages/airflow/example_dags/example_xcom.py
[2023-06-22T06:39:27.208+0000] {processor.py:836} INFO - DAG(s) dict_keys(['example_xcom']) retrieved from /home/airflow/.local/lib/python3.7/site-packages/airflow/example_dags/example_xcom.py
[2023-06-22T06:39:27.258+0000] {logging_mixin.py:149} INFO - [2023-06-22T06:39:27.258+0000] {dag.py:2726} INFO - Sync 1 DAGs
[2023-06-22T06:39:27.296+0000] {logging_mixin.py:149} INFO - [2023-06-22T06:39:27.296+0000] {dag.py:3490} INFO - Setting next_dagrun for example_xcom to 2021-01-01T00:00:00+00:00, run_after=2021-01-01T00:00:00+00:00
[2023-06-22T06:39:27.316+0000] {processor.py:179} INFO - Processing /home/airflow/.local/lib/python3.7/site-packages/airflow/example_dags/example_xcom.py took 0.149 seconds
[2023-06-22T06:39:57.954+0000] {processor.py:157} INFO - Started process (PID=239) to work on /home/airflow/.local/lib/python3.7/site-packages/airflow/example_dags/example_xcom.py
[2023-06-22T06:39:57.962+0000] {processor.py:826} INFO - Processing file /home/airflow/.local/lib/python3.7/site-packages/airflow/example_dags/example_xcom.py for tasks to queue
[2023-06-22T06:39:57.967+0000] {logging_mixin.py:149} INFO - [2023-06-22T06:39:57.966+0000] {dagbag.py:541} INFO - Filling up the DagBag from /home/airflow/.local/lib/python3.7/site-packages/airflow/example_dags/example_xcom.py
[2023-06-22T06:39:57.988+0000] {processor.py:836} INFO - DAG(s) dict_keys(['example_xcom']) retrieved from /home/airflow/.local/lib/python3.7/site-packages/airflow/example_dags/example_xcom.py
[2023-06-22T06:39:58.019+0000] {logging_mixin.py:149} INFO - [2023-06-22T06:39:58.018+0000] {dag.py:2726} INFO - Sync 1 DAGs
[2023-06-22T06:39:58.054+0000] {logging_mixin.py:149} INFO - [2023-06-22T06:39:58.054+0000] {dag.py:3490} INFO - Setting next_dagrun for example_xcom to 2021-01-01T00:00:00+00:00, run_after=2021-01-01T00:00:00+00:00
[2023-06-22T06:39:58.075+0000] {processor.py:179} INFO - Processing /home/airflow/.local/lib/python3.7/site-packages/airflow/example_dags/example_xcom.py took 0.132 seconds
[2023-06-22T06:40:28.280+0000] {processor.py:157} INFO - Started process (PID=296) to work on /home/airflow/.local/lib/python3.7/site-packages/airflow/example_dags/example_xcom.py
[2023-06-22T06:40:28.282+0000] {processor.py:826} INFO - Processing file /home/airflow/.local/lib/python3.7/site-packages/airflow/example_dags/example_xcom.py for tasks to queue
[2023-06-22T06:40:28.283+0000] {logging_mixin.py:149} INFO - [2023-06-22T06:40:28.283+0000] {dagbag.py:541} INFO - Filling up the DagBag from /home/airflow/.local/lib/python3.7/site-packages/airflow/example_dags/example_xcom.py
[2023-06-22T06:40:28.296+0000] {processor.py:836} INFO - DAG(s) dict_keys(['example_xcom']) retrieved from /home/airflow/.local/lib/python3.7/site-packages/airflow/example_dags/example_xcom.py
[2023-06-22T06:40:28.351+0000] {logging_mixin.py:149} INFO - [2023-06-22T06:40:28.351+0000] {dag.py:2726} INFO - Sync 1 DAGs
[2023-06-22T06:40:28.376+0000] {logging_mixin.py:149} INFO - [2023-06-22T06:40:28.376+0000] {dag.py:3490} INFO - Setting next_dagrun for example_xcom to 2021-01-01T00:00:00+00:00, run_after=2021-01-01T00:00:00+00:00
[2023-06-22T06:40:28.397+0000] {processor.py:179} INFO - Processing /home/airflow/.local/lib/python3.7/site-packages/airflow/example_dags/example_xcom.py took 0.122 seconds
