[2023-06-22T06:36:51.727+0000] {processor.py:157} INFO - Started process (PID=38) to work on /home/airflow/.local/lib/python3.7/site-packages/airflow/example_dags/example_time_delta_sensor_async.py
[2023-06-22T06:36:51.737+0000] {processor.py:826} INFO - Processing file /home/airflow/.local/lib/python3.7/site-packages/airflow/example_dags/example_time_delta_sensor_async.py for tasks to queue
[2023-06-22T06:36:51.743+0000] {logging_mixin.py:149} INFO - [2023-06-22T06:36:51.742+0000] {dagbag.py:541} INFO - Filling up the DagBag from /home/airflow/.local/lib/python3.7/site-packages/airflow/example_dags/example_time_delta_sensor_async.py
[2023-06-22T06:36:51.782+0000] {processor.py:836} INFO - DAG(s) dict_keys(['example_time_delta_sensor_async']) retrieved from /home/airflow/.local/lib/python3.7/site-packages/airflow/example_dags/example_time_delta_sensor_async.py
[2023-06-22T06:36:53.313+0000] {logging_mixin.py:149} INFO - [2023-06-22T06:36:53.313+0000] {manager.py:504} INFO - Created Permission View: can read on DAG:example_time_delta_sensor_async
[2023-06-22T06:36:53.393+0000] {logging_mixin.py:149} INFO - [2023-06-22T06:36:53.393+0000] {manager.py:504} INFO - Created Permission View: can delete on DAG:example_time_delta_sensor_async
[2023-06-22T06:36:53.618+0000] {logging_mixin.py:149} INFO - [2023-06-22T06:36:53.615+0000] {manager.py:504} INFO - Created Permission View: can edit on DAG:example_time_delta_sensor_async
[2023-06-22T06:36:53.747+0000] {logging_mixin.py:149} INFO - [2023-06-22T06:36:53.747+0000] {dag.py:2726} INFO - Sync 1 DAGs
[2023-06-22T06:36:54.143+0000] {logging_mixin.py:149} INFO - [2023-06-22T06:36:54.142+0000] {dag.py:2747} INFO - Creating ORM DAG for example_time_delta_sensor_async
[2023-06-22T06:36:54.432+0000] {logging_mixin.py:149} INFO - [2023-06-22T06:36:54.432+0000] {dag.py:3490} INFO - Setting next_dagrun for example_time_delta_sensor_async to None, run_after=None
[2023-06-22T06:36:54.788+0000] {processor.py:179} INFO - Processing /home/airflow/.local/lib/python3.7/site-packages/airflow/example_dags/example_time_delta_sensor_async.py took 3.096 seconds
[2023-06-22T06:37:26.196+0000] {processor.py:157} INFO - Started process (PID=94) to work on /home/airflow/.local/lib/python3.7/site-packages/airflow/example_dags/example_time_delta_sensor_async.py
[2023-06-22T06:37:26.200+0000] {processor.py:826} INFO - Processing file /home/airflow/.local/lib/python3.7/site-packages/airflow/example_dags/example_time_delta_sensor_async.py for tasks to queue
[2023-06-22T06:37:26.203+0000] {logging_mixin.py:149} INFO - [2023-06-22T06:37:26.203+0000] {dagbag.py:541} INFO - Filling up the DagBag from /home/airflow/.local/lib/python3.7/site-packages/airflow/example_dags/example_time_delta_sensor_async.py
[2023-06-22T06:37:26.211+0000] {processor.py:836} INFO - DAG(s) dict_keys(['example_time_delta_sensor_async']) retrieved from /home/airflow/.local/lib/python3.7/site-packages/airflow/example_dags/example_time_delta_sensor_async.py
[2023-06-22T06:37:26.251+0000] {logging_mixin.py:149} INFO - [2023-06-22T06:37:26.251+0000] {dag.py:2726} INFO - Sync 1 DAGs
[2023-06-22T06:37:26.287+0000] {logging_mixin.py:149} INFO - [2023-06-22T06:37:26.287+0000] {dag.py:3490} INFO - Setting next_dagrun for example_time_delta_sensor_async to None, run_after=None
[2023-06-22T06:37:26.323+0000] {processor.py:179} INFO - Processing /home/airflow/.local/lib/python3.7/site-packages/airflow/example_dags/example_time_delta_sensor_async.py took 0.136 seconds
[2023-06-22T06:38:18.260+0000] {processor.py:157} INFO - Started process (PID=38) to work on /home/airflow/.local/lib/python3.7/site-packages/airflow/example_dags/example_time_delta_sensor_async.py
[2023-06-22T06:38:18.262+0000] {processor.py:826} INFO - Processing file /home/airflow/.local/lib/python3.7/site-packages/airflow/example_dags/example_time_delta_sensor_async.py for tasks to queue
[2023-06-22T06:38:18.264+0000] {logging_mixin.py:149} INFO - [2023-06-22T06:38:18.264+0000] {dagbag.py:541} INFO - Filling up the DagBag from /home/airflow/.local/lib/python3.7/site-packages/airflow/example_dags/example_time_delta_sensor_async.py
[2023-06-22T06:38:18.283+0000] {processor.py:836} INFO - DAG(s) dict_keys(['example_time_delta_sensor_async']) retrieved from /home/airflow/.local/lib/python3.7/site-packages/airflow/example_dags/example_time_delta_sensor_async.py
[2023-06-22T06:38:18.560+0000] {logging_mixin.py:149} INFO - [2023-06-22T06:38:18.560+0000] {manager.py:504} INFO - Created Permission View: can edit on DAG:example_time_delta_sensor_async
[2023-06-22T06:38:18.628+0000] {logging_mixin.py:149} INFO - [2023-06-22T06:38:18.628+0000] {manager.py:504} INFO - Created Permission View: can read on DAG:example_time_delta_sensor_async
[2023-06-22T06:38:18.646+0000] {logging_mixin.py:149} INFO - [2023-06-22T06:38:18.646+0000] {manager.py:504} INFO - Created Permission View: can delete on DAG:example_time_delta_sensor_async
[2023-06-22T06:38:18.679+0000] {logging_mixin.py:149} INFO - [2023-06-22T06:38:18.679+0000] {dag.py:2726} INFO - Sync 1 DAGs
[2023-06-22T06:38:18.719+0000] {logging_mixin.py:149} INFO - [2023-06-22T06:38:18.719+0000] {dag.py:2747} INFO - Creating ORM DAG for example_time_delta_sensor_async
[2023-06-22T06:38:18.745+0000] {logging_mixin.py:149} INFO - [2023-06-22T06:38:18.745+0000] {dag.py:3490} INFO - Setting next_dagrun for example_time_delta_sensor_async to None, run_after=None
[2023-06-22T06:38:18.776+0000] {processor.py:179} INFO - Processing /home/airflow/.local/lib/python3.7/site-packages/airflow/example_dags/example_time_delta_sensor_async.py took 0.523 seconds
[2023-06-22T06:38:49.525+0000] {processor.py:157} INFO - Started process (PID=95) to work on /home/airflow/.local/lib/python3.7/site-packages/airflow/example_dags/example_time_delta_sensor_async.py
[2023-06-22T06:38:49.528+0000] {processor.py:826} INFO - Processing file /home/airflow/.local/lib/python3.7/site-packages/airflow/example_dags/example_time_delta_sensor_async.py for tasks to queue
[2023-06-22T06:38:49.529+0000] {logging_mixin.py:149} INFO - [2023-06-22T06:38:49.529+0000] {dagbag.py:541} INFO - Filling up the DagBag from /home/airflow/.local/lib/python3.7/site-packages/airflow/example_dags/example_time_delta_sensor_async.py
[2023-06-22T06:38:49.536+0000] {processor.py:836} INFO - DAG(s) dict_keys(['example_time_delta_sensor_async']) retrieved from /home/airflow/.local/lib/python3.7/site-packages/airflow/example_dags/example_time_delta_sensor_async.py
[2023-06-22T06:38:49.564+0000] {logging_mixin.py:149} INFO - [2023-06-22T06:38:49.564+0000] {dag.py:2726} INFO - Sync 1 DAGs
[2023-06-22T06:38:49.582+0000] {logging_mixin.py:149} INFO - [2023-06-22T06:38:49.582+0000] {dag.py:3490} INFO - Setting next_dagrun for example_time_delta_sensor_async to None, run_after=None
[2023-06-22T06:38:49.594+0000] {processor.py:179} INFO - Processing /home/airflow/.local/lib/python3.7/site-packages/airflow/example_dags/example_time_delta_sensor_async.py took 0.074 seconds
[2023-06-22T06:39:20.403+0000] {processor.py:157} INFO - Started process (PID=152) to work on /home/airflow/.local/lib/python3.7/site-packages/airflow/example_dags/example_time_delta_sensor_async.py
[2023-06-22T06:39:20.406+0000] {processor.py:826} INFO - Processing file /home/airflow/.local/lib/python3.7/site-packages/airflow/example_dags/example_time_delta_sensor_async.py for tasks to queue
[2023-06-22T06:39:20.407+0000] {logging_mixin.py:149} INFO - [2023-06-22T06:39:20.407+0000] {dagbag.py:541} INFO - Filling up the DagBag from /home/airflow/.local/lib/python3.7/site-packages/airflow/example_dags/example_time_delta_sensor_async.py
[2023-06-22T06:39:20.414+0000] {processor.py:836} INFO - DAG(s) dict_keys(['example_time_delta_sensor_async']) retrieved from /home/airflow/.local/lib/python3.7/site-packages/airflow/example_dags/example_time_delta_sensor_async.py
[2023-06-22T06:39:20.440+0000] {logging_mixin.py:149} INFO - [2023-06-22T06:39:20.440+0000] {dag.py:2726} INFO - Sync 1 DAGs
[2023-06-22T06:39:20.461+0000] {logging_mixin.py:149} INFO - [2023-06-22T06:39:20.461+0000] {dag.py:3490} INFO - Setting next_dagrun for example_time_delta_sensor_async to None, run_after=None
[2023-06-22T06:39:20.475+0000] {processor.py:179} INFO - Processing /home/airflow/.local/lib/python3.7/site-packages/airflow/example_dags/example_time_delta_sensor_async.py took 0.078 seconds
[2023-06-22T06:39:50.985+0000] {processor.py:157} INFO - Started process (PID=209) to work on /home/airflow/.local/lib/python3.7/site-packages/airflow/example_dags/example_time_delta_sensor_async.py
[2023-06-22T06:39:50.987+0000] {processor.py:826} INFO - Processing file /home/airflow/.local/lib/python3.7/site-packages/airflow/example_dags/example_time_delta_sensor_async.py for tasks to queue
[2023-06-22T06:39:50.990+0000] {logging_mixin.py:149} INFO - [2023-06-22T06:39:50.989+0000] {dagbag.py:541} INFO - Filling up the DagBag from /home/airflow/.local/lib/python3.7/site-packages/airflow/example_dags/example_time_delta_sensor_async.py
[2023-06-22T06:39:50.996+0000] {processor.py:836} INFO - DAG(s) dict_keys(['example_time_delta_sensor_async']) retrieved from /home/airflow/.local/lib/python3.7/site-packages/airflow/example_dags/example_time_delta_sensor_async.py
[2023-06-22T06:39:51.029+0000] {logging_mixin.py:149} INFO - [2023-06-22T06:39:51.029+0000] {dag.py:2726} INFO - Sync 1 DAGs
[2023-06-22T06:39:51.054+0000] {logging_mixin.py:149} INFO - [2023-06-22T06:39:51.053+0000] {dag.py:3490} INFO - Setting next_dagrun for example_time_delta_sensor_async to None, run_after=None
[2023-06-22T06:39:51.077+0000] {processor.py:179} INFO - Processing /home/airflow/.local/lib/python3.7/site-packages/airflow/example_dags/example_time_delta_sensor_async.py took 0.095 seconds
[2023-06-22T06:40:21.385+0000] {processor.py:157} INFO - Started process (PID=266) to work on /home/airflow/.local/lib/python3.7/site-packages/airflow/example_dags/example_time_delta_sensor_async.py
[2023-06-22T06:40:21.387+0000] {processor.py:826} INFO - Processing file /home/airflow/.local/lib/python3.7/site-packages/airflow/example_dags/example_time_delta_sensor_async.py for tasks to queue
[2023-06-22T06:40:21.389+0000] {logging_mixin.py:149} INFO - [2023-06-22T06:40:21.389+0000] {dagbag.py:541} INFO - Filling up the DagBag from /home/airflow/.local/lib/python3.7/site-packages/airflow/example_dags/example_time_delta_sensor_async.py
[2023-06-22T06:40:21.397+0000] {processor.py:836} INFO - DAG(s) dict_keys(['example_time_delta_sensor_async']) retrieved from /home/airflow/.local/lib/python3.7/site-packages/airflow/example_dags/example_time_delta_sensor_async.py
[2023-06-22T06:40:21.430+0000] {logging_mixin.py:149} INFO - [2023-06-22T06:40:21.430+0000] {dag.py:2726} INFO - Sync 1 DAGs
[2023-06-22T06:40:21.452+0000] {logging_mixin.py:149} INFO - [2023-06-22T06:40:21.452+0000] {dag.py:3490} INFO - Setting next_dagrun for example_time_delta_sensor_async to None, run_after=None
[2023-06-22T06:40:21.467+0000] {processor.py:179} INFO - Processing /home/airflow/.local/lib/python3.7/site-packages/airflow/example_dags/example_time_delta_sensor_async.py took 0.089 seconds
