[2023-06-22T06:37:11.256+0000] {processor.py:157} INFO - Started process (PID=53) to work on /home/airflow/.local/lib/python3.7/site-packages/airflow/example_dags/example_branch_python_dop_operator_3.py
[2023-06-22T06:37:11.287+0000] {processor.py:826} INFO - Processing file /home/airflow/.local/lib/python3.7/site-packages/airflow/example_dags/example_branch_python_dop_operator_3.py for tasks to queue
[2023-06-22T06:37:11.301+0000] {logging_mixin.py:149} INFO - [2023-06-22T06:37:11.301+0000] {dagbag.py:541} INFO - Filling up the DagBag from /home/airflow/.local/lib/python3.7/site-packages/airflow/example_dags/example_branch_python_dop_operator_3.py
[2023-06-22T06:37:11.331+0000] {processor.py:836} INFO - DAG(s) dict_keys(['example_branch_dop_operator_v3']) retrieved from /home/airflow/.local/lib/python3.7/site-packages/airflow/example_dags/example_branch_python_dop_operator_3.py
[2023-06-22T06:37:11.725+0000] {logging_mixin.py:149} INFO - [2023-06-22T06:37:11.725+0000] {manager.py:504} INFO - Created Permission View: can read on DAG:example_branch_dop_operator_v3
[2023-06-22T06:37:11.768+0000] {logging_mixin.py:149} INFO - [2023-06-22T06:37:11.765+0000] {manager.py:504} INFO - Created Permission View: can delete on DAG:example_branch_dop_operator_v3
[2023-06-22T06:37:11.776+0000] {logging_mixin.py:149} INFO - [2023-06-22T06:37:11.776+0000] {manager.py:504} INFO - Created Permission View: can edit on DAG:example_branch_dop_operator_v3
[2023-06-22T06:37:11.820+0000] {logging_mixin.py:149} INFO - [2023-06-22T06:37:11.820+0000] {dag.py:2726} INFO - Sync 1 DAGs
[2023-06-22T06:37:11.856+0000] {logging_mixin.py:149} INFO - [2023-06-22T06:37:11.856+0000] {dag.py:2747} INFO - Creating ORM DAG for example_branch_dop_operator_v3
[2023-06-22T06:37:11.941+0000] {logging_mixin.py:149} INFO - [2023-06-22T06:37:11.941+0000] {dag.py:3490} INFO - Setting next_dagrun for example_branch_dop_operator_v3 to 2023-06-22T06:36:00+00:00, run_after=2023-06-22T06:37:00+00:00
[2023-06-22T06:37:12.000+0000] {processor.py:179} INFO - Processing /home/airflow/.local/lib/python3.7/site-packages/airflow/example_dags/example_branch_python_dop_operator_3.py took 0.762 seconds
[2023-06-22T06:38:20.243+0000] {processor.py:157} INFO - Started process (PID=46) to work on /home/airflow/.local/lib/python3.7/site-packages/airflow/example_dags/example_branch_python_dop_operator_3.py
[2023-06-22T06:38:20.246+0000] {processor.py:826} INFO - Processing file /home/airflow/.local/lib/python3.7/site-packages/airflow/example_dags/example_branch_python_dop_operator_3.py for tasks to queue
[2023-06-22T06:38:20.249+0000] {logging_mixin.py:149} INFO - [2023-06-22T06:38:20.249+0000] {dagbag.py:541} INFO - Filling up the DagBag from /home/airflow/.local/lib/python3.7/site-packages/airflow/example_dags/example_branch_python_dop_operator_3.py
[2023-06-22T06:38:20.264+0000] {processor.py:836} INFO - DAG(s) dict_keys(['example_branch_dop_operator_v3']) retrieved from /home/airflow/.local/lib/python3.7/site-packages/airflow/example_dags/example_branch_python_dop_operator_3.py
[2023-06-22T06:38:20.492+0000] {logging_mixin.py:149} INFO - [2023-06-22T06:38:20.492+0000] {manager.py:504} INFO - Created Permission View: can edit on DAG:example_branch_dop_operator_v3
[2023-06-22T06:38:20.514+0000] {logging_mixin.py:149} INFO - [2023-06-22T06:38:20.514+0000] {manager.py:504} INFO - Created Permission View: can read on DAG:example_branch_dop_operator_v3
[2023-06-22T06:38:20.522+0000] {logging_mixin.py:149} INFO - [2023-06-22T06:38:20.521+0000] {manager.py:504} INFO - Created Permission View: can delete on DAG:example_branch_dop_operator_v3
[2023-06-22T06:38:20.562+0000] {logging_mixin.py:149} INFO - [2023-06-22T06:38:20.562+0000] {dag.py:2726} INFO - Sync 1 DAGs
[2023-06-22T06:38:20.580+0000] {logging_mixin.py:149} INFO - [2023-06-22T06:38:20.580+0000] {dag.py:2747} INFO - Creating ORM DAG for example_branch_dop_operator_v3
[2023-06-22T06:38:20.614+0000] {logging_mixin.py:149} INFO - [2023-06-22T06:38:20.614+0000] {dag.py:3490} INFO - Setting next_dagrun for example_branch_dop_operator_v3 to 2023-06-22T06:37:00+00:00, run_after=2023-06-22T06:38:00+00:00
[2023-06-22T06:38:20.650+0000] {processor.py:179} INFO - Processing /home/airflow/.local/lib/python3.7/site-packages/airflow/example_dags/example_branch_python_dop_operator_3.py took 0.411 seconds
[2023-06-22T06:38:50.941+0000] {processor.py:157} INFO - Started process (PID=103) to work on /home/airflow/.local/lib/python3.7/site-packages/airflow/example_dags/example_branch_python_dop_operator_3.py
[2023-06-22T06:38:50.943+0000] {processor.py:826} INFO - Processing file /home/airflow/.local/lib/python3.7/site-packages/airflow/example_dags/example_branch_python_dop_operator_3.py for tasks to queue
[2023-06-22T06:38:50.943+0000] {logging_mixin.py:149} INFO - [2023-06-22T06:38:50.943+0000] {dagbag.py:541} INFO - Filling up the DagBag from /home/airflow/.local/lib/python3.7/site-packages/airflow/example_dags/example_branch_python_dop_operator_3.py
[2023-06-22T06:38:50.949+0000] {processor.py:836} INFO - DAG(s) dict_keys(['example_branch_dop_operator_v3']) retrieved from /home/airflow/.local/lib/python3.7/site-packages/airflow/example_dags/example_branch_python_dop_operator_3.py
[2023-06-22T06:38:50.970+0000] {logging_mixin.py:149} INFO - [2023-06-22T06:38:50.969+0000] {dag.py:2726} INFO - Sync 1 DAGs
[2023-06-22T06:38:50.988+0000] {logging_mixin.py:149} INFO - [2023-06-22T06:38:50.988+0000] {dag.py:3490} INFO - Setting next_dagrun for example_branch_dop_operator_v3 to 2023-06-22T06:37:00+00:00, run_after=2023-06-22T06:38:00+00:00
[2023-06-22T06:38:51.000+0000] {processor.py:179} INFO - Processing /home/airflow/.local/lib/python3.7/site-packages/airflow/example_dags/example_branch_python_dop_operator_3.py took 0.062 seconds
[2023-06-22T06:39:21.961+0000] {processor.py:157} INFO - Started process (PID=160) to work on /home/airflow/.local/lib/python3.7/site-packages/airflow/example_dags/example_branch_python_dop_operator_3.py
[2023-06-22T06:39:21.963+0000] {processor.py:826} INFO - Processing file /home/airflow/.local/lib/python3.7/site-packages/airflow/example_dags/example_branch_python_dop_operator_3.py for tasks to queue
[2023-06-22T06:39:21.964+0000] {logging_mixin.py:149} INFO - [2023-06-22T06:39:21.963+0000] {dagbag.py:541} INFO - Filling up the DagBag from /home/airflow/.local/lib/python3.7/site-packages/airflow/example_dags/example_branch_python_dop_operator_3.py
[2023-06-22T06:39:21.971+0000] {processor.py:836} INFO - DAG(s) dict_keys(['example_branch_dop_operator_v3']) retrieved from /home/airflow/.local/lib/python3.7/site-packages/airflow/example_dags/example_branch_python_dop_operator_3.py
[2023-06-22T06:39:21.992+0000] {logging_mixin.py:149} INFO - [2023-06-22T06:39:21.992+0000] {dag.py:2726} INFO - Sync 1 DAGs
[2023-06-22T06:39:22.010+0000] {logging_mixin.py:149} INFO - [2023-06-22T06:39:22.010+0000] {dag.py:3490} INFO - Setting next_dagrun for example_branch_dop_operator_v3 to 2023-06-22T06:38:00+00:00, run_after=2023-06-22T06:39:00+00:00
[2023-06-22T06:39:22.023+0000] {processor.py:179} INFO - Processing /home/airflow/.local/lib/python3.7/site-packages/airflow/example_dags/example_branch_python_dop_operator_3.py took 0.065 seconds
[2023-06-22T06:39:52.496+0000] {processor.py:157} INFO - Started process (PID=217) to work on /home/airflow/.local/lib/python3.7/site-packages/airflow/example_dags/example_branch_python_dop_operator_3.py
[2023-06-22T06:39:52.498+0000] {processor.py:826} INFO - Processing file /home/airflow/.local/lib/python3.7/site-packages/airflow/example_dags/example_branch_python_dop_operator_3.py for tasks to queue
[2023-06-22T06:39:52.499+0000] {logging_mixin.py:149} INFO - [2023-06-22T06:39:52.499+0000] {dagbag.py:541} INFO - Filling up the DagBag from /home/airflow/.local/lib/python3.7/site-packages/airflow/example_dags/example_branch_python_dop_operator_3.py
[2023-06-22T06:39:52.506+0000] {processor.py:836} INFO - DAG(s) dict_keys(['example_branch_dop_operator_v3']) retrieved from /home/airflow/.local/lib/python3.7/site-packages/airflow/example_dags/example_branch_python_dop_operator_3.py
[2023-06-22T06:39:52.537+0000] {logging_mixin.py:149} INFO - [2023-06-22T06:39:52.537+0000] {dag.py:2726} INFO - Sync 1 DAGs
[2023-06-22T06:39:52.560+0000] {logging_mixin.py:149} INFO - [2023-06-22T06:39:52.560+0000] {dag.py:3490} INFO - Setting next_dagrun for example_branch_dop_operator_v3 to 2023-06-22T06:38:00+00:00, run_after=2023-06-22T06:39:00+00:00
[2023-06-22T06:39:52.582+0000] {processor.py:179} INFO - Processing /home/airflow/.local/lib/python3.7/site-packages/airflow/example_dags/example_branch_python_dop_operator_3.py took 0.089 seconds
[2023-06-22T06:40:22.858+0000] {processor.py:157} INFO - Started process (PID=274) to work on /home/airflow/.local/lib/python3.7/site-packages/airflow/example_dags/example_branch_python_dop_operator_3.py
[2023-06-22T06:40:22.859+0000] {processor.py:826} INFO - Processing file /home/airflow/.local/lib/python3.7/site-packages/airflow/example_dags/example_branch_python_dop_operator_3.py for tasks to queue
[2023-06-22T06:40:22.860+0000] {logging_mixin.py:149} INFO - [2023-06-22T06:40:22.860+0000] {dagbag.py:541} INFO - Filling up the DagBag from /home/airflow/.local/lib/python3.7/site-packages/airflow/example_dags/example_branch_python_dop_operator_3.py
[2023-06-22T06:40:22.866+0000] {processor.py:836} INFO - DAG(s) dict_keys(['example_branch_dop_operator_v3']) retrieved from /home/airflow/.local/lib/python3.7/site-packages/airflow/example_dags/example_branch_python_dop_operator_3.py
[2023-06-22T06:40:22.886+0000] {logging_mixin.py:149} INFO - [2023-06-22T06:40:22.886+0000] {dag.py:2726} INFO - Sync 1 DAGs
[2023-06-22T06:40:22.904+0000] {logging_mixin.py:149} INFO - [2023-06-22T06:40:22.904+0000] {dag.py:3490} INFO - Setting next_dagrun for example_branch_dop_operator_v3 to 2023-06-22T06:39:00+00:00, run_after=2023-06-22T06:40:00+00:00
[2023-06-22T06:40:22.916+0000] {processor.py:179} INFO - Processing /home/airflow/.local/lib/python3.7/site-packages/airflow/example_dags/example_branch_python_dop_operator_3.py took 0.061 seconds
