[2023-06-22T06:36:42.276+0000] {processor.py:157} INFO - Started process (PID=32) to work on /home/airflow/.local/lib/python3.7/site-packages/airflow/example_dags/example_branch_operator_decorator.py
[2023-06-22T06:36:42.303+0000] {processor.py:826} INFO - Processing file /home/airflow/.local/lib/python3.7/site-packages/airflow/example_dags/example_branch_operator_decorator.py for tasks to queue
[2023-06-22T06:36:42.320+0000] {logging_mixin.py:149} INFO - [2023-06-22T06:36:42.319+0000] {dagbag.py:541} INFO - Filling up the DagBag from /home/airflow/.local/lib/python3.7/site-packages/airflow/example_dags/example_branch_operator_decorator.py
[2023-06-22T06:36:42.613+0000] {processor.py:836} INFO - DAG(s) dict_keys(['example_branch_python_operator_decorator']) retrieved from /home/airflow/.local/lib/python3.7/site-packages/airflow/example_dags/example_branch_operator_decorator.py
[2023-06-22T06:36:44.932+0000] {logging_mixin.py:149} INFO - [2023-06-22T06:36:44.931+0000] {manager.py:504} INFO - Created Permission View: can read on DAG:example_branch_python_operator_decorator
[2023-06-22T06:36:44.987+0000] {logging_mixin.py:149} INFO - [2023-06-22T06:36:44.987+0000] {manager.py:504} INFO - Created Permission View: can delete on DAG:example_branch_python_operator_decorator
[2023-06-22T06:36:45.149+0000] {logging_mixin.py:149} INFO - [2023-06-22T06:36:45.149+0000] {manager.py:504} INFO - Created Permission View: can edit on DAG:example_branch_python_operator_decorator
[2023-06-22T06:36:45.214+0000] {logging_mixin.py:149} INFO - [2023-06-22T06:36:45.214+0000] {dag.py:2726} INFO - Sync 1 DAGs
[2023-06-22T06:36:45.301+0000] {logging_mixin.py:149} INFO - [2023-06-22T06:36:45.301+0000] {dag.py:2747} INFO - Creating ORM DAG for example_branch_python_operator_decorator
[2023-06-22T06:36:45.481+0000] {logging_mixin.py:149} INFO - [2023-06-22T06:36:45.481+0000] {dag.py:3490} INFO - Setting next_dagrun for example_branch_python_operator_decorator to 2023-06-21T00:00:00+00:00, run_after=2023-06-22T00:00:00+00:00
[2023-06-22T06:36:45.873+0000] {processor.py:179} INFO - Processing /home/airflow/.local/lib/python3.7/site-packages/airflow/example_dags/example_branch_operator_decorator.py took 3.723 seconds
[2023-06-22T06:37:20.359+0000] {processor.py:157} INFO - Started process (PID=88) to work on /home/airflow/.local/lib/python3.7/site-packages/airflow/example_dags/example_branch_operator_decorator.py
[2023-06-22T06:37:20.362+0000] {processor.py:826} INFO - Processing file /home/airflow/.local/lib/python3.7/site-packages/airflow/example_dags/example_branch_operator_decorator.py for tasks to queue
[2023-06-22T06:37:20.364+0000] {logging_mixin.py:149} INFO - [2023-06-22T06:37:20.364+0000] {dagbag.py:541} INFO - Filling up the DagBag from /home/airflow/.local/lib/python3.7/site-packages/airflow/example_dags/example_branch_operator_decorator.py
[2023-06-22T06:37:20.378+0000] {processor.py:836} INFO - DAG(s) dict_keys(['example_branch_python_operator_decorator']) retrieved from /home/airflow/.local/lib/python3.7/site-packages/airflow/example_dags/example_branch_operator_decorator.py
[2023-06-22T06:37:20.420+0000] {logging_mixin.py:149} INFO - [2023-06-22T06:37:20.420+0000] {dag.py:2726} INFO - Sync 1 DAGs
[2023-06-22T06:37:20.447+0000] {logging_mixin.py:149} INFO - [2023-06-22T06:37:20.447+0000] {dag.py:3490} INFO - Setting next_dagrun for example_branch_python_operator_decorator to 2023-06-21T00:00:00+00:00, run_after=2023-06-22T00:00:00+00:00
[2023-06-22T06:37:20.478+0000] {processor.py:179} INFO - Processing /home/airflow/.local/lib/python3.7/site-packages/airflow/example_dags/example_branch_operator_decorator.py took 0.123 seconds
[2023-06-22T06:38:17.077+0000] {processor.py:157} INFO - Started process (PID=32) to work on /home/airflow/.local/lib/python3.7/site-packages/airflow/example_dags/example_branch_operator_decorator.py
[2023-06-22T06:38:17.088+0000] {processor.py:826} INFO - Processing file /home/airflow/.local/lib/python3.7/site-packages/airflow/example_dags/example_branch_operator_decorator.py for tasks to queue
[2023-06-22T06:38:17.090+0000] {logging_mixin.py:149} INFO - [2023-06-22T06:38:17.090+0000] {dagbag.py:541} INFO - Filling up the DagBag from /home/airflow/.local/lib/python3.7/site-packages/airflow/example_dags/example_branch_operator_decorator.py
[2023-06-22T06:38:17.116+0000] {processor.py:836} INFO - DAG(s) dict_keys(['example_branch_python_operator_decorator']) retrieved from /home/airflow/.local/lib/python3.7/site-packages/airflow/example_dags/example_branch_operator_decorator.py
[2023-06-22T06:38:17.389+0000] {logging_mixin.py:149} INFO - [2023-06-22T06:38:17.389+0000] {manager.py:504} INFO - Created Permission View: can edit on DAG:example_branch_python_operator_decorator
[2023-06-22T06:38:17.398+0000] {logging_mixin.py:149} INFO - [2023-06-22T06:38:17.398+0000] {manager.py:504} INFO - Created Permission View: can read on DAG:example_branch_python_operator_decorator
[2023-06-22T06:38:17.410+0000] {logging_mixin.py:149} INFO - [2023-06-22T06:38:17.410+0000] {manager.py:504} INFO - Created Permission View: can delete on DAG:example_branch_python_operator_decorator
[2023-06-22T06:38:17.431+0000] {logging_mixin.py:149} INFO - [2023-06-22T06:38:17.431+0000] {dag.py:2726} INFO - Sync 1 DAGs
[2023-06-22T06:38:17.467+0000] {logging_mixin.py:149} INFO - [2023-06-22T06:38:17.467+0000] {dag.py:2747} INFO - Creating ORM DAG for example_branch_python_operator_decorator
[2023-06-22T06:38:17.489+0000] {logging_mixin.py:149} INFO - [2023-06-22T06:38:17.489+0000] {dag.py:3490} INFO - Setting next_dagrun for example_branch_python_operator_decorator to 2023-06-21T00:00:00+00:00, run_after=2023-06-22T00:00:00+00:00
[2023-06-22T06:38:17.525+0000] {processor.py:179} INFO - Processing /home/airflow/.local/lib/python3.7/site-packages/airflow/example_dags/example_branch_operator_decorator.py took 0.451 seconds
[2023-06-22T06:38:48.165+0000] {processor.py:157} INFO - Started process (PID=89) to work on /home/airflow/.local/lib/python3.7/site-packages/airflow/example_dags/example_branch_operator_decorator.py
[2023-06-22T06:38:48.167+0000] {processor.py:826} INFO - Processing file /home/airflow/.local/lib/python3.7/site-packages/airflow/example_dags/example_branch_operator_decorator.py for tasks to queue
[2023-06-22T06:38:48.168+0000] {logging_mixin.py:149} INFO - [2023-06-22T06:38:48.168+0000] {dagbag.py:541} INFO - Filling up the DagBag from /home/airflow/.local/lib/python3.7/site-packages/airflow/example_dags/example_branch_operator_decorator.py
[2023-06-22T06:38:48.179+0000] {processor.py:836} INFO - DAG(s) dict_keys(['example_branch_python_operator_decorator']) retrieved from /home/airflow/.local/lib/python3.7/site-packages/airflow/example_dags/example_branch_operator_decorator.py
[2023-06-22T06:38:48.207+0000] {logging_mixin.py:149} INFO - [2023-06-22T06:38:48.206+0000] {dag.py:2726} INFO - Sync 1 DAGs
[2023-06-22T06:38:48.229+0000] {logging_mixin.py:149} INFO - [2023-06-22T06:38:48.229+0000] {dag.py:3490} INFO - Setting next_dagrun for example_branch_python_operator_decorator to 2023-06-21T00:00:00+00:00, run_after=2023-06-22T00:00:00+00:00
[2023-06-22T06:38:48.241+0000] {processor.py:179} INFO - Processing /home/airflow/.local/lib/python3.7/site-packages/airflow/example_dags/example_branch_operator_decorator.py took 0.081 seconds
[2023-06-22T06:39:19.029+0000] {processor.py:157} INFO - Started process (PID=146) to work on /home/airflow/.local/lib/python3.7/site-packages/airflow/example_dags/example_branch_operator_decorator.py
[2023-06-22T06:39:19.031+0000] {processor.py:826} INFO - Processing file /home/airflow/.local/lib/python3.7/site-packages/airflow/example_dags/example_branch_operator_decorator.py for tasks to queue
[2023-06-22T06:39:19.032+0000] {logging_mixin.py:149} INFO - [2023-06-22T06:39:19.032+0000] {dagbag.py:541} INFO - Filling up the DagBag from /home/airflow/.local/lib/python3.7/site-packages/airflow/example_dags/example_branch_operator_decorator.py
[2023-06-22T06:39:19.045+0000] {processor.py:836} INFO - DAG(s) dict_keys(['example_branch_python_operator_decorator']) retrieved from /home/airflow/.local/lib/python3.7/site-packages/airflow/example_dags/example_branch_operator_decorator.py
[2023-06-22T06:39:19.075+0000] {logging_mixin.py:149} INFO - [2023-06-22T06:39:19.075+0000] {dag.py:2726} INFO - Sync 1 DAGs
[2023-06-22T06:39:19.104+0000] {logging_mixin.py:149} INFO - [2023-06-22T06:39:19.104+0000] {dag.py:3490} INFO - Setting next_dagrun for example_branch_python_operator_decorator to 2023-06-21T00:00:00+00:00, run_after=2023-06-22T00:00:00+00:00
[2023-06-22T06:39:19.119+0000] {processor.py:179} INFO - Processing /home/airflow/.local/lib/python3.7/site-packages/airflow/example_dags/example_branch_operator_decorator.py took 0.096 seconds
[2023-06-22T06:39:49.505+0000] {processor.py:157} INFO - Started process (PID=203) to work on /home/airflow/.local/lib/python3.7/site-packages/airflow/example_dags/example_branch_operator_decorator.py
[2023-06-22T06:39:49.507+0000] {processor.py:826} INFO - Processing file /home/airflow/.local/lib/python3.7/site-packages/airflow/example_dags/example_branch_operator_decorator.py for tasks to queue
[2023-06-22T06:39:49.509+0000] {logging_mixin.py:149} INFO - [2023-06-22T06:39:49.508+0000] {dagbag.py:541} INFO - Filling up the DagBag from /home/airflow/.local/lib/python3.7/site-packages/airflow/example_dags/example_branch_operator_decorator.py
[2023-06-22T06:39:49.525+0000] {processor.py:836} INFO - DAG(s) dict_keys(['example_branch_python_operator_decorator']) retrieved from /home/airflow/.local/lib/python3.7/site-packages/airflow/example_dags/example_branch_operator_decorator.py
[2023-06-22T06:39:49.577+0000] {logging_mixin.py:149} INFO - [2023-06-22T06:39:49.577+0000] {dag.py:2726} INFO - Sync 1 DAGs
[2023-06-22T06:39:49.619+0000] {logging_mixin.py:149} INFO - [2023-06-22T06:39:49.619+0000] {dag.py:3490} INFO - Setting next_dagrun for example_branch_python_operator_decorator to 2023-06-21T00:00:00+00:00, run_after=2023-06-22T00:00:00+00:00
[2023-06-22T06:39:49.648+0000] {processor.py:179} INFO - Processing /home/airflow/.local/lib/python3.7/site-packages/airflow/example_dags/example_branch_operator_decorator.py took 0.149 seconds
[2023-06-22T06:40:20.018+0000] {processor.py:157} INFO - Started process (PID=260) to work on /home/airflow/.local/lib/python3.7/site-packages/airflow/example_dags/example_branch_operator_decorator.py
[2023-06-22T06:40:20.020+0000] {processor.py:826} INFO - Processing file /home/airflow/.local/lib/python3.7/site-packages/airflow/example_dags/example_branch_operator_decorator.py for tasks to queue
[2023-06-22T06:40:20.021+0000] {logging_mixin.py:149} INFO - [2023-06-22T06:40:20.021+0000] {dagbag.py:541} INFO - Filling up the DagBag from /home/airflow/.local/lib/python3.7/site-packages/airflow/example_dags/example_branch_operator_decorator.py
[2023-06-22T06:40:20.035+0000] {processor.py:836} INFO - DAG(s) dict_keys(['example_branch_python_operator_decorator']) retrieved from /home/airflow/.local/lib/python3.7/site-packages/airflow/example_dags/example_branch_operator_decorator.py
[2023-06-22T06:40:20.064+0000] {logging_mixin.py:149} INFO - [2023-06-22T06:40:20.063+0000] {dag.py:2726} INFO - Sync 1 DAGs
[2023-06-22T06:40:20.084+0000] {logging_mixin.py:149} INFO - [2023-06-22T06:40:20.084+0000] {dag.py:3490} INFO - Setting next_dagrun for example_branch_python_operator_decorator to 2023-06-21T00:00:00+00:00, run_after=2023-06-22T00:00:00+00:00
[2023-06-22T06:40:20.103+0000] {processor.py:179} INFO - Processing /home/airflow/.local/lib/python3.7/site-packages/airflow/example_dags/example_branch_operator_decorator.py took 0.091 seconds
