[2023-06-22T06:36:42.286+0000] {processor.py:157} INFO - Started process (PID=31) to work on /home/airflow/.local/lib/python3.7/site-packages/airflow/example_dags/example_task_group_decorator.py
[2023-06-22T06:36:42.293+0000] {processor.py:826} INFO - Processing file /home/airflow/.local/lib/python3.7/site-packages/airflow/example_dags/example_task_group_decorator.py for tasks to queue
[2023-06-22T06:36:42.327+0000] {logging_mixin.py:149} INFO - [2023-06-22T06:36:42.320+0000] {dagbag.py:541} INFO - Filling up the DagBag from /home/airflow/.local/lib/python3.7/site-packages/airflow/example_dags/example_task_group_decorator.py
[2023-06-22T06:36:42.735+0000] {processor.py:836} INFO - DAG(s) dict_keys(['example_task_group_decorator']) retrieved from /home/airflow/.local/lib/python3.7/site-packages/airflow/example_dags/example_task_group_decorator.py
[2023-06-22T06:36:44.905+0000] {logging_mixin.py:149} INFO - [2023-06-22T06:36:44.904+0000] {manager.py:504} INFO - Created Permission View: can read on DAG:example_task_group_decorator
[2023-06-22T06:36:44.942+0000] {logging_mixin.py:149} INFO - [2023-06-22T06:36:44.942+0000] {manager.py:504} INFO - Created Permission View: can delete on DAG:example_task_group_decorator
[2023-06-22T06:36:44.970+0000] {logging_mixin.py:149} INFO - [2023-06-22T06:36:44.970+0000] {manager.py:504} INFO - Created Permission View: can edit on DAG:example_task_group_decorator
[2023-06-22T06:36:45.136+0000] {logging_mixin.py:149} INFO - [2023-06-22T06:36:45.135+0000] {dag.py:2726} INFO - Sync 1 DAGs
[2023-06-22T06:36:45.229+0000] {logging_mixin.py:149} INFO - [2023-06-22T06:36:45.229+0000] {dag.py:2747} INFO - Creating ORM DAG for example_task_group_decorator
[2023-06-22T06:36:45.299+0000] {logging_mixin.py:149} INFO - [2023-06-22T06:36:45.299+0000] {dag.py:3490} INFO - Setting next_dagrun for example_task_group_decorator to 2023-06-21T06:36:45.299196+00:00, run_after=2023-06-22T06:36:45.299196+00:00
[2023-06-22T06:36:45.619+0000] {processor.py:179} INFO - Processing /home/airflow/.local/lib/python3.7/site-packages/airflow/example_dags/example_task_group_decorator.py took 3.429 seconds
[2023-06-22T06:37:20.133+0000] {processor.py:157} INFO - Started process (PID=87) to work on /home/airflow/.local/lib/python3.7/site-packages/airflow/example_dags/example_task_group_decorator.py
[2023-06-22T06:37:20.136+0000] {processor.py:826} INFO - Processing file /home/airflow/.local/lib/python3.7/site-packages/airflow/example_dags/example_task_group_decorator.py for tasks to queue
[2023-06-22T06:37:20.138+0000] {logging_mixin.py:149} INFO - [2023-06-22T06:37:20.138+0000] {dagbag.py:541} INFO - Filling up the DagBag from /home/airflow/.local/lib/python3.7/site-packages/airflow/example_dags/example_task_group_decorator.py
[2023-06-22T06:37:20.156+0000] {processor.py:836} INFO - DAG(s) dict_keys(['example_task_group_decorator']) retrieved from /home/airflow/.local/lib/python3.7/site-packages/airflow/example_dags/example_task_group_decorator.py
[2023-06-22T06:37:20.200+0000] {logging_mixin.py:149} INFO - [2023-06-22T06:37:20.200+0000] {dag.py:2726} INFO - Sync 1 DAGs
[2023-06-22T06:37:20.238+0000] {logging_mixin.py:149} INFO - [2023-06-22T06:37:20.238+0000] {dag.py:3490} INFO - Setting next_dagrun for example_task_group_decorator to 2023-06-21T06:37:20.238518+00:00, run_after=2023-06-22T06:37:20.238518+00:00
[2023-06-22T06:37:20.281+0000] {processor.py:179} INFO - Processing /home/airflow/.local/lib/python3.7/site-packages/airflow/example_dags/example_task_group_decorator.py took 0.155 seconds
[2023-06-22T06:38:17.064+0000] {processor.py:157} INFO - Started process (PID=31) to work on /home/airflow/.local/lib/python3.7/site-packages/airflow/example_dags/example_task_group_decorator.py
[2023-06-22T06:38:17.067+0000] {processor.py:826} INFO - Processing file /home/airflow/.local/lib/python3.7/site-packages/airflow/example_dags/example_task_group_decorator.py for tasks to queue
[2023-06-22T06:38:17.070+0000] {logging_mixin.py:149} INFO - [2023-06-22T06:38:17.069+0000] {dagbag.py:541} INFO - Filling up the DagBag from /home/airflow/.local/lib/python3.7/site-packages/airflow/example_dags/example_task_group_decorator.py
[2023-06-22T06:38:17.115+0000] {processor.py:836} INFO - DAG(s) dict_keys(['example_task_group_decorator']) retrieved from /home/airflow/.local/lib/python3.7/site-packages/airflow/example_dags/example_task_group_decorator.py
[2023-06-22T06:38:17.401+0000] {logging_mixin.py:149} INFO - [2023-06-22T06:38:17.401+0000] {manager.py:504} INFO - Created Permission View: can edit on DAG:example_task_group_decorator
[2023-06-22T06:38:17.420+0000] {logging_mixin.py:149} INFO - [2023-06-22T06:38:17.419+0000] {manager.py:504} INFO - Created Permission View: can read on DAG:example_task_group_decorator
[2023-06-22T06:38:17.436+0000] {logging_mixin.py:149} INFO - [2023-06-22T06:38:17.436+0000] {manager.py:504} INFO - Created Permission View: can delete on DAG:example_task_group_decorator
[2023-06-22T06:38:17.482+0000] {logging_mixin.py:149} INFO - [2023-06-22T06:38:17.481+0000] {dag.py:2726} INFO - Sync 1 DAGs
[2023-06-22T06:38:17.499+0000] {logging_mixin.py:149} INFO - [2023-06-22T06:38:17.499+0000] {dag.py:2747} INFO - Creating ORM DAG for example_task_group_decorator
[2023-06-22T06:38:17.514+0000] {logging_mixin.py:149} INFO - [2023-06-22T06:38:17.514+0000] {dag.py:3490} INFO - Setting next_dagrun for example_task_group_decorator to 2023-06-21T06:38:17.514445+00:00, run_after=2023-06-22T06:38:17.514445+00:00
[2023-06-22T06:38:17.545+0000] {processor.py:179} INFO - Processing /home/airflow/.local/lib/python3.7/site-packages/airflow/example_dags/example_task_group_decorator.py took 0.492 seconds
[2023-06-22T06:38:48.159+0000] {processor.py:157} INFO - Started process (PID=88) to work on /home/airflow/.local/lib/python3.7/site-packages/airflow/example_dags/example_task_group_decorator.py
[2023-06-22T06:38:48.161+0000] {processor.py:826} INFO - Processing file /home/airflow/.local/lib/python3.7/site-packages/airflow/example_dags/example_task_group_decorator.py for tasks to queue
[2023-06-22T06:38:48.163+0000] {logging_mixin.py:149} INFO - [2023-06-22T06:38:48.163+0000] {dagbag.py:541} INFO - Filling up the DagBag from /home/airflow/.local/lib/python3.7/site-packages/airflow/example_dags/example_task_group_decorator.py
[2023-06-22T06:38:48.180+0000] {processor.py:836} INFO - DAG(s) dict_keys(['example_task_group_decorator']) retrieved from /home/airflow/.local/lib/python3.7/site-packages/airflow/example_dags/example_task_group_decorator.py
[2023-06-22T06:38:48.208+0000] {logging_mixin.py:149} INFO - [2023-06-22T06:38:48.208+0000] {dag.py:2726} INFO - Sync 1 DAGs
[2023-06-22T06:38:48.228+0000] {logging_mixin.py:149} INFO - [2023-06-22T06:38:48.228+0000] {dag.py:3490} INFO - Setting next_dagrun for example_task_group_decorator to 2023-06-21T06:38:48.228456+00:00, run_after=2023-06-22T06:38:48.228456+00:00
[2023-06-22T06:38:48.242+0000] {processor.py:179} INFO - Processing /home/airflow/.local/lib/python3.7/site-packages/airflow/example_dags/example_task_group_decorator.py took 0.089 seconds
[2023-06-22T06:39:19.023+0000] {processor.py:157} INFO - Started process (PID=145) to work on /home/airflow/.local/lib/python3.7/site-packages/airflow/example_dags/example_task_group_decorator.py
[2023-06-22T06:39:19.026+0000] {processor.py:826} INFO - Processing file /home/airflow/.local/lib/python3.7/site-packages/airflow/example_dags/example_task_group_decorator.py for tasks to queue
[2023-06-22T06:39:19.027+0000] {logging_mixin.py:149} INFO - [2023-06-22T06:39:19.027+0000] {dagbag.py:541} INFO - Filling up the DagBag from /home/airflow/.local/lib/python3.7/site-packages/airflow/example_dags/example_task_group_decorator.py
[2023-06-22T06:39:19.047+0000] {processor.py:836} INFO - DAG(s) dict_keys(['example_task_group_decorator']) retrieved from /home/airflow/.local/lib/python3.7/site-packages/airflow/example_dags/example_task_group_decorator.py
[2023-06-22T06:39:19.076+0000] {logging_mixin.py:149} INFO - [2023-06-22T06:39:19.076+0000] {dag.py:2726} INFO - Sync 1 DAGs
[2023-06-22T06:39:19.105+0000] {logging_mixin.py:149} INFO - [2023-06-22T06:39:19.105+0000] {dag.py:3490} INFO - Setting next_dagrun for example_task_group_decorator to 2023-06-21T06:39:19.105022+00:00, run_after=2023-06-22T06:39:19.105022+00:00
[2023-06-22T06:39:19.118+0000] {processor.py:179} INFO - Processing /home/airflow/.local/lib/python3.7/site-packages/airflow/example_dags/example_task_group_decorator.py took 0.101 seconds
[2023-06-22T06:39:49.500+0000] {processor.py:157} INFO - Started process (PID=202) to work on /home/airflow/.local/lib/python3.7/site-packages/airflow/example_dags/example_task_group_decorator.py
[2023-06-22T06:39:49.502+0000] {processor.py:826} INFO - Processing file /home/airflow/.local/lib/python3.7/site-packages/airflow/example_dags/example_task_group_decorator.py for tasks to queue
[2023-06-22T06:39:49.504+0000] {logging_mixin.py:149} INFO - [2023-06-22T06:39:49.504+0000] {dagbag.py:541} INFO - Filling up the DagBag from /home/airflow/.local/lib/python3.7/site-packages/airflow/example_dags/example_task_group_decorator.py
[2023-06-22T06:39:49.527+0000] {processor.py:836} INFO - DAG(s) dict_keys(['example_task_group_decorator']) retrieved from /home/airflow/.local/lib/python3.7/site-packages/airflow/example_dags/example_task_group_decorator.py
[2023-06-22T06:39:49.577+0000] {logging_mixin.py:149} INFO - [2023-06-22T06:39:49.577+0000] {dag.py:2726} INFO - Sync 1 DAGs
[2023-06-22T06:39:49.618+0000] {logging_mixin.py:149} INFO - [2023-06-22T06:39:49.618+0000] {dag.py:3490} INFO - Setting next_dagrun for example_task_group_decorator to 2023-06-21T06:39:49.618244+00:00, run_after=2023-06-22T06:39:49.618244+00:00
[2023-06-22T06:39:49.648+0000] {processor.py:179} INFO - Processing /home/airflow/.local/lib/python3.7/site-packages/airflow/example_dags/example_task_group_decorator.py took 0.154 seconds
[2023-06-22T06:40:20.014+0000] {processor.py:157} INFO - Started process (PID=259) to work on /home/airflow/.local/lib/python3.7/site-packages/airflow/example_dags/example_task_group_decorator.py
[2023-06-22T06:40:20.017+0000] {processor.py:826} INFO - Processing file /home/airflow/.local/lib/python3.7/site-packages/airflow/example_dags/example_task_group_decorator.py for tasks to queue
[2023-06-22T06:40:20.018+0000] {logging_mixin.py:149} INFO - [2023-06-22T06:40:20.018+0000] {dagbag.py:541} INFO - Filling up the DagBag from /home/airflow/.local/lib/python3.7/site-packages/airflow/example_dags/example_task_group_decorator.py
[2023-06-22T06:40:20.037+0000] {processor.py:836} INFO - DAG(s) dict_keys(['example_task_group_decorator']) retrieved from /home/airflow/.local/lib/python3.7/site-packages/airflow/example_dags/example_task_group_decorator.py
[2023-06-22T06:40:20.064+0000] {logging_mixin.py:149} INFO - [2023-06-22T06:40:20.064+0000] {dag.py:2726} INFO - Sync 1 DAGs
[2023-06-22T06:40:20.083+0000] {logging_mixin.py:149} INFO - [2023-06-22T06:40:20.083+0000] {dag.py:3490} INFO - Setting next_dagrun for example_task_group_decorator to 2023-06-21T06:40:20.083117+00:00, run_after=2023-06-22T06:40:20.083117+00:00
[2023-06-22T06:40:20.103+0000] {processor.py:179} INFO - Processing /home/airflow/.local/lib/python3.7/site-packages/airflow/example_dags/example_task_group_decorator.py took 0.097 seconds
