[2023-06-22T06:37:18.631+0000] {processor.py:157} INFO - Started process (PID=74) to work on /home/airflow/.local/lib/python3.7/site-packages/airflow/example_dags/example_trigger_target_dag.py
[2023-06-22T06:37:18.633+0000] {processor.py:826} INFO - Processing file /home/airflow/.local/lib/python3.7/site-packages/airflow/example_dags/example_trigger_target_dag.py for tasks to queue
[2023-06-22T06:37:18.635+0000] {logging_mixin.py:149} INFO - [2023-06-22T06:37:18.635+0000] {dagbag.py:541} INFO - Filling up the DagBag from /home/airflow/.local/lib/python3.7/site-packages/airflow/example_dags/example_trigger_target_dag.py
[2023-06-22T06:37:18.647+0000] {processor.py:836} INFO - DAG(s) dict_keys(['example_trigger_target_dag']) retrieved from /home/airflow/.local/lib/python3.7/site-packages/airflow/example_dags/example_trigger_target_dag.py
[2023-06-22T06:37:18.784+0000] {logging_mixin.py:149} INFO - [2023-06-22T06:37:18.783+0000] {manager.py:504} INFO - Created Permission View: can read on DAG:example_trigger_target_dag
[2023-06-22T06:37:18.803+0000] {logging_mixin.py:149} INFO - [2023-06-22T06:37:18.803+0000] {manager.py:504} INFO - Created Permission View: can delete on DAG:example_trigger_target_dag
[2023-06-22T06:37:18.814+0000] {logging_mixin.py:149} INFO - [2023-06-22T06:37:18.814+0000] {manager.py:504} INFO - Created Permission View: can edit on DAG:example_trigger_target_dag
[2023-06-22T06:37:18.834+0000] {logging_mixin.py:149} INFO - [2023-06-22T06:37:18.834+0000] {dag.py:2726} INFO - Sync 1 DAGs
[2023-06-22T06:37:18.845+0000] {logging_mixin.py:149} INFO - [2023-06-22T06:37:18.845+0000] {dag.py:2747} INFO - Creating ORM DAG for example_trigger_target_dag
[2023-06-22T06:37:18.863+0000] {logging_mixin.py:149} INFO - [2023-06-22T06:37:18.863+0000] {dag.py:3490} INFO - Setting next_dagrun for example_trigger_target_dag to None, run_after=None
[2023-06-22T06:37:18.896+0000] {processor.py:179} INFO - Processing /home/airflow/.local/lib/python3.7/site-packages/airflow/example_dags/example_trigger_target_dag.py took 0.270 seconds
[2023-06-22T06:38:25.034+0000] {processor.py:157} INFO - Started process (PID=67) to work on /home/airflow/.local/lib/python3.7/site-packages/airflow/example_dags/example_trigger_target_dag.py
[2023-06-22T06:38:25.036+0000] {processor.py:826} INFO - Processing file /home/airflow/.local/lib/python3.7/site-packages/airflow/example_dags/example_trigger_target_dag.py for tasks to queue
[2023-06-22T06:38:25.038+0000] {logging_mixin.py:149} INFO - [2023-06-22T06:38:25.037+0000] {dagbag.py:541} INFO - Filling up the DagBag from /home/airflow/.local/lib/python3.7/site-packages/airflow/example_dags/example_trigger_target_dag.py
[2023-06-22T06:38:25.047+0000] {processor.py:836} INFO - DAG(s) dict_keys(['example_trigger_target_dag']) retrieved from /home/airflow/.local/lib/python3.7/site-packages/airflow/example_dags/example_trigger_target_dag.py
[2023-06-22T06:38:25.171+0000] {logging_mixin.py:149} INFO - [2023-06-22T06:38:25.171+0000] {manager.py:504} INFO - Created Permission View: can edit on DAG:example_trigger_target_dag
[2023-06-22T06:38:25.183+0000] {logging_mixin.py:149} INFO - [2023-06-22T06:38:25.183+0000] {manager.py:504} INFO - Created Permission View: can read on DAG:example_trigger_target_dag
[2023-06-22T06:38:25.190+0000] {logging_mixin.py:149} INFO - [2023-06-22T06:38:25.190+0000] {manager.py:504} INFO - Created Permission View: can delete on DAG:example_trigger_target_dag
[2023-06-22T06:38:25.203+0000] {logging_mixin.py:149} INFO - [2023-06-22T06:38:25.203+0000] {dag.py:2726} INFO - Sync 1 DAGs
[2023-06-22T06:38:25.215+0000] {logging_mixin.py:149} INFO - [2023-06-22T06:38:25.214+0000] {dag.py:2747} INFO - Creating ORM DAG for example_trigger_target_dag
[2023-06-22T06:38:25.223+0000] {logging_mixin.py:149} INFO - [2023-06-22T06:38:25.223+0000] {dag.py:3490} INFO - Setting next_dagrun for example_trigger_target_dag to None, run_after=None
[2023-06-22T06:38:25.238+0000] {processor.py:179} INFO - Processing /home/airflow/.local/lib/python3.7/site-packages/airflow/example_dags/example_trigger_target_dag.py took 0.209 seconds
[2023-06-22T06:38:56.255+0000] {processor.py:157} INFO - Started process (PID=124) to work on /home/airflow/.local/lib/python3.7/site-packages/airflow/example_dags/example_trigger_target_dag.py
[2023-06-22T06:38:56.263+0000] {processor.py:826} INFO - Processing file /home/airflow/.local/lib/python3.7/site-packages/airflow/example_dags/example_trigger_target_dag.py for tasks to queue
[2023-06-22T06:38:56.266+0000] {logging_mixin.py:149} INFO - [2023-06-22T06:38:56.265+0000] {dagbag.py:541} INFO - Filling up the DagBag from /home/airflow/.local/lib/python3.7/site-packages/airflow/example_dags/example_trigger_target_dag.py
[2023-06-22T06:38:56.283+0000] {processor.py:836} INFO - DAG(s) dict_keys(['example_trigger_target_dag']) retrieved from /home/airflow/.local/lib/python3.7/site-packages/airflow/example_dags/example_trigger_target_dag.py
[2023-06-22T06:38:56.314+0000] {logging_mixin.py:149} INFO - [2023-06-22T06:38:56.314+0000] {dag.py:2726} INFO - Sync 1 DAGs
[2023-06-22T06:38:56.341+0000] {logging_mixin.py:149} INFO - [2023-06-22T06:38:56.341+0000] {dag.py:3490} INFO - Setting next_dagrun for example_trigger_target_dag to None, run_after=None
[2023-06-22T06:38:56.367+0000] {processor.py:179} INFO - Processing /home/airflow/.local/lib/python3.7/site-packages/airflow/example_dags/example_trigger_target_dag.py took 0.141 seconds
[2023-06-22T06:39:27.172+0000] {processor.py:157} INFO - Started process (PID=181) to work on /home/airflow/.local/lib/python3.7/site-packages/airflow/example_dags/example_trigger_target_dag.py
[2023-06-22T06:39:27.174+0000] {processor.py:826} INFO - Processing file /home/airflow/.local/lib/python3.7/site-packages/airflow/example_dags/example_trigger_target_dag.py for tasks to queue
[2023-06-22T06:39:27.175+0000] {logging_mixin.py:149} INFO - [2023-06-22T06:39:27.175+0000] {dagbag.py:541} INFO - Filling up the DagBag from /home/airflow/.local/lib/python3.7/site-packages/airflow/example_dags/example_trigger_target_dag.py
[2023-06-22T06:39:27.188+0000] {processor.py:836} INFO - DAG(s) dict_keys(['example_trigger_target_dag']) retrieved from /home/airflow/.local/lib/python3.7/site-packages/airflow/example_dags/example_trigger_target_dag.py
[2023-06-22T06:39:27.250+0000] {logging_mixin.py:149} INFO - [2023-06-22T06:39:27.250+0000] {dag.py:2726} INFO - Sync 1 DAGs
[2023-06-22T06:39:27.290+0000] {logging_mixin.py:149} INFO - [2023-06-22T06:39:27.290+0000] {dag.py:3490} INFO - Setting next_dagrun for example_trigger_target_dag to None, run_after=None
[2023-06-22T06:39:27.311+0000] {processor.py:179} INFO - Processing /home/airflow/.local/lib/python3.7/site-packages/airflow/example_dags/example_trigger_target_dag.py took 0.143 seconds
[2023-06-22T06:39:57.943+0000] {processor.py:157} INFO - Started process (PID=238) to work on /home/airflow/.local/lib/python3.7/site-packages/airflow/example_dags/example_trigger_target_dag.py
[2023-06-22T06:39:57.946+0000] {processor.py:826} INFO - Processing file /home/airflow/.local/lib/python3.7/site-packages/airflow/example_dags/example_trigger_target_dag.py for tasks to queue
[2023-06-22T06:39:57.947+0000] {logging_mixin.py:149} INFO - [2023-06-22T06:39:57.947+0000] {dagbag.py:541} INFO - Filling up the DagBag from /home/airflow/.local/lib/python3.7/site-packages/airflow/example_dags/example_trigger_target_dag.py
[2023-06-22T06:39:57.977+0000] {processor.py:836} INFO - DAG(s) dict_keys(['example_trigger_target_dag']) retrieved from /home/airflow/.local/lib/python3.7/site-packages/airflow/example_dags/example_trigger_target_dag.py
[2023-06-22T06:39:58.013+0000] {logging_mixin.py:149} INFO - [2023-06-22T06:39:58.013+0000] {dag.py:2726} INFO - Sync 1 DAGs
[2023-06-22T06:39:58.044+0000] {logging_mixin.py:149} INFO - [2023-06-22T06:39:58.044+0000] {dag.py:3490} INFO - Setting next_dagrun for example_trigger_target_dag to None, run_after=None
[2023-06-22T06:39:58.062+0000] {processor.py:179} INFO - Processing /home/airflow/.local/lib/python3.7/site-packages/airflow/example_dags/example_trigger_target_dag.py took 0.128 seconds
[2023-06-22T06:40:28.266+0000] {processor.py:157} INFO - Started process (PID=295) to work on /home/airflow/.local/lib/python3.7/site-packages/airflow/example_dags/example_trigger_target_dag.py
[2023-06-22T06:40:28.271+0000] {processor.py:826} INFO - Processing file /home/airflow/.local/lib/python3.7/site-packages/airflow/example_dags/example_trigger_target_dag.py for tasks to queue
[2023-06-22T06:40:28.273+0000] {logging_mixin.py:149} INFO - [2023-06-22T06:40:28.273+0000] {dagbag.py:541} INFO - Filling up the DagBag from /home/airflow/.local/lib/python3.7/site-packages/airflow/example_dags/example_trigger_target_dag.py
[2023-06-22T06:40:28.283+0000] {processor.py:836} INFO - DAG(s) dict_keys(['example_trigger_target_dag']) retrieved from /home/airflow/.local/lib/python3.7/site-packages/airflow/example_dags/example_trigger_target_dag.py
[2023-06-22T06:40:28.323+0000] {logging_mixin.py:149} INFO - [2023-06-22T06:40:28.322+0000] {dag.py:2726} INFO - Sync 1 DAGs
[2023-06-22T06:40:28.361+0000] {logging_mixin.py:149} INFO - [2023-06-22T06:40:28.361+0000] {dag.py:3490} INFO - Setting next_dagrun for example_trigger_target_dag to None, run_after=None
[2023-06-22T06:40:28.379+0000] {processor.py:179} INFO - Processing /home/airflow/.local/lib/python3.7/site-packages/airflow/example_dags/example_trigger_target_dag.py took 0.120 seconds
