[2023-06-22T06:37:16.876+0000] {processor.py:157} INFO - Started process (PID=66) to work on /home/airflow/.local/lib/python3.7/site-packages/airflow/example_dags/example_latest_only_with_trigger.py
[2023-06-22T06:37:16.879+0000] {processor.py:826} INFO - Processing file /home/airflow/.local/lib/python3.7/site-packages/airflow/example_dags/example_latest_only_with_trigger.py for tasks to queue
[2023-06-22T06:37:16.881+0000] {logging_mixin.py:149} INFO - [2023-06-22T06:37:16.881+0000] {dagbag.py:541} INFO - Filling up the DagBag from /home/airflow/.local/lib/python3.7/site-packages/airflow/example_dags/example_latest_only_with_trigger.py
[2023-06-22T06:37:16.896+0000] {processor.py:836} INFO - DAG(s) dict_keys(['latest_only_with_trigger']) retrieved from /home/airflow/.local/lib/python3.7/site-packages/airflow/example_dags/example_latest_only_with_trigger.py
[2023-06-22T06:37:17.001+0000] {logging_mixin.py:149} INFO - [2023-06-22T06:37:17.001+0000] {manager.py:504} INFO - Created Permission View: can read on DAG:latest_only_with_trigger
[2023-06-22T06:37:17.035+0000] {logging_mixin.py:149} INFO - [2023-06-22T06:37:17.035+0000] {manager.py:504} INFO - Created Permission View: can delete on DAG:latest_only_with_trigger
[2023-06-22T06:37:17.047+0000] {logging_mixin.py:149} INFO - [2023-06-22T06:37:17.047+0000] {manager.py:504} INFO - Created Permission View: can edit on DAG:latest_only_with_trigger
[2023-06-22T06:37:17.063+0000] {logging_mixin.py:149} INFO - [2023-06-22T06:37:17.063+0000] {dag.py:2726} INFO - Sync 1 DAGs
[2023-06-22T06:37:17.079+0000] {logging_mixin.py:149} INFO - [2023-06-22T06:37:17.079+0000] {dag.py:2747} INFO - Creating ORM DAG for latest_only_with_trigger
[2023-06-22T06:37:17.093+0000] {logging_mixin.py:149} INFO - [2023-06-22T06:37:17.093+0000] {dag.py:3490} INFO - Setting next_dagrun for latest_only_with_trigger to 2023-06-22T02:37:17.092885+00:00, run_after=2023-06-22T06:37:17.092885+00:00
[2023-06-22T06:37:17.131+0000] {processor.py:179} INFO - Processing /home/airflow/.local/lib/python3.7/site-packages/airflow/example_dags/example_latest_only_with_trigger.py took 0.260 seconds
[2023-06-22T06:38:23.735+0000] {processor.py:157} INFO - Started process (PID=59) to work on /home/airflow/.local/lib/python3.7/site-packages/airflow/example_dags/example_latest_only_with_trigger.py
[2023-06-22T06:38:23.737+0000] {processor.py:826} INFO - Processing file /home/airflow/.local/lib/python3.7/site-packages/airflow/example_dags/example_latest_only_with_trigger.py for tasks to queue
[2023-06-22T06:38:23.738+0000] {logging_mixin.py:149} INFO - [2023-06-22T06:38:23.738+0000] {dagbag.py:541} INFO - Filling up the DagBag from /home/airflow/.local/lib/python3.7/site-packages/airflow/example_dags/example_latest_only_with_trigger.py
[2023-06-22T06:38:23.747+0000] {processor.py:836} INFO - DAG(s) dict_keys(['latest_only_with_trigger']) retrieved from /home/airflow/.local/lib/python3.7/site-packages/airflow/example_dags/example_latest_only_with_trigger.py
[2023-06-22T06:38:23.860+0000] {logging_mixin.py:149} INFO - [2023-06-22T06:38:23.860+0000] {manager.py:504} INFO - Created Permission View: can edit on DAG:latest_only_with_trigger
[2023-06-22T06:38:23.878+0000] {logging_mixin.py:149} INFO - [2023-06-22T06:38:23.877+0000] {manager.py:504} INFO - Created Permission View: can read on DAG:latest_only_with_trigger
[2023-06-22T06:38:23.885+0000] {logging_mixin.py:149} INFO - [2023-06-22T06:38:23.885+0000] {manager.py:504} INFO - Created Permission View: can delete on DAG:latest_only_with_trigger
[2023-06-22T06:38:23.899+0000] {logging_mixin.py:149} INFO - [2023-06-22T06:38:23.899+0000] {dag.py:2726} INFO - Sync 1 DAGs
[2023-06-22T06:38:23.922+0000] {logging_mixin.py:149} INFO - [2023-06-22T06:38:23.922+0000] {dag.py:2747} INFO - Creating ORM DAG for latest_only_with_trigger
[2023-06-22T06:38:23.937+0000] {logging_mixin.py:149} INFO - [2023-06-22T06:38:23.937+0000] {dag.py:3490} INFO - Setting next_dagrun for latest_only_with_trigger to 2023-06-22T02:38:23.936653+00:00, run_after=2023-06-22T06:38:23.936653+00:00
[2023-06-22T06:38:23.952+0000] {processor.py:179} INFO - Processing /home/airflow/.local/lib/python3.7/site-packages/airflow/example_dags/example_latest_only_with_trigger.py took 0.220 seconds
[2023-06-22T06:38:54.793+0000] {processor.py:157} INFO - Started process (PID=116) to work on /home/airflow/.local/lib/python3.7/site-packages/airflow/example_dags/example_latest_only_with_trigger.py
[2023-06-22T06:38:54.794+0000] {processor.py:826} INFO - Processing file /home/airflow/.local/lib/python3.7/site-packages/airflow/example_dags/example_latest_only_with_trigger.py for tasks to queue
[2023-06-22T06:38:54.795+0000] {logging_mixin.py:149} INFO - [2023-06-22T06:38:54.795+0000] {dagbag.py:541} INFO - Filling up the DagBag from /home/airflow/.local/lib/python3.7/site-packages/airflow/example_dags/example_latest_only_with_trigger.py
[2023-06-22T06:38:54.800+0000] {processor.py:836} INFO - DAG(s) dict_keys(['latest_only_with_trigger']) retrieved from /home/airflow/.local/lib/python3.7/site-packages/airflow/example_dags/example_latest_only_with_trigger.py
[2023-06-22T06:38:54.820+0000] {logging_mixin.py:149} INFO - [2023-06-22T06:38:54.820+0000] {dag.py:2726} INFO - Sync 1 DAGs
[2023-06-22T06:38:54.836+0000] {logging_mixin.py:149} INFO - [2023-06-22T06:38:54.836+0000] {dag.py:3490} INFO - Setting next_dagrun for latest_only_with_trigger to 2023-06-22T02:38:54.836504+00:00, run_after=2023-06-22T06:38:54.836504+00:00
[2023-06-22T06:38:54.847+0000] {processor.py:179} INFO - Processing /home/airflow/.local/lib/python3.7/site-packages/airflow/example_dags/example_latest_only_with_trigger.py took 0.057 seconds
[2023-06-22T06:39:25.752+0000] {processor.py:157} INFO - Started process (PID=173) to work on /home/airflow/.local/lib/python3.7/site-packages/airflow/example_dags/example_latest_only_with_trigger.py
[2023-06-22T06:39:25.753+0000] {processor.py:826} INFO - Processing file /home/airflow/.local/lib/python3.7/site-packages/airflow/example_dags/example_latest_only_with_trigger.py for tasks to queue
[2023-06-22T06:39:25.754+0000] {logging_mixin.py:149} INFO - [2023-06-22T06:39:25.754+0000] {dagbag.py:541} INFO - Filling up the DagBag from /home/airflow/.local/lib/python3.7/site-packages/airflow/example_dags/example_latest_only_with_trigger.py
[2023-06-22T06:39:25.760+0000] {processor.py:836} INFO - DAG(s) dict_keys(['latest_only_with_trigger']) retrieved from /home/airflow/.local/lib/python3.7/site-packages/airflow/example_dags/example_latest_only_with_trigger.py
[2023-06-22T06:39:25.784+0000] {logging_mixin.py:149} INFO - [2023-06-22T06:39:25.784+0000] {dag.py:2726} INFO - Sync 1 DAGs
[2023-06-22T06:39:25.802+0000] {logging_mixin.py:149} INFO - [2023-06-22T06:39:25.802+0000] {dag.py:3490} INFO - Setting next_dagrun for latest_only_with_trigger to 2023-06-22T02:39:25.802197+00:00, run_after=2023-06-22T06:39:25.802197+00:00
[2023-06-22T06:39:25.813+0000] {processor.py:179} INFO - Processing /home/airflow/.local/lib/python3.7/site-packages/airflow/example_dags/example_latest_only_with_trigger.py took 0.064 seconds
[2023-06-22T06:39:56.488+0000] {processor.py:157} INFO - Started process (PID=230) to work on /home/airflow/.local/lib/python3.7/site-packages/airflow/example_dags/example_latest_only_with_trigger.py
[2023-06-22T06:39:56.489+0000] {processor.py:826} INFO - Processing file /home/airflow/.local/lib/python3.7/site-packages/airflow/example_dags/example_latest_only_with_trigger.py for tasks to queue
[2023-06-22T06:39:56.490+0000] {logging_mixin.py:149} INFO - [2023-06-22T06:39:56.490+0000] {dagbag.py:541} INFO - Filling up the DagBag from /home/airflow/.local/lib/python3.7/site-packages/airflow/example_dags/example_latest_only_with_trigger.py
[2023-06-22T06:39:56.495+0000] {processor.py:836} INFO - DAG(s) dict_keys(['latest_only_with_trigger']) retrieved from /home/airflow/.local/lib/python3.7/site-packages/airflow/example_dags/example_latest_only_with_trigger.py
[2023-06-22T06:39:56.518+0000] {logging_mixin.py:149} INFO - [2023-06-22T06:39:56.518+0000] {dag.py:2726} INFO - Sync 1 DAGs
[2023-06-22T06:39:56.536+0000] {logging_mixin.py:149} INFO - [2023-06-22T06:39:56.536+0000] {dag.py:3490} INFO - Setting next_dagrun for latest_only_with_trigger to 2023-06-22T02:39:56.536606+00:00, run_after=2023-06-22T06:39:56.536606+00:00
[2023-06-22T06:39:56.550+0000] {processor.py:179} INFO - Processing /home/airflow/.local/lib/python3.7/site-packages/airflow/example_dags/example_latest_only_with_trigger.py took 0.066 seconds
[2023-06-22T06:40:26.792+0000] {processor.py:157} INFO - Started process (PID=287) to work on /home/airflow/.local/lib/python3.7/site-packages/airflow/example_dags/example_latest_only_with_trigger.py
[2023-06-22T06:40:26.793+0000] {processor.py:826} INFO - Processing file /home/airflow/.local/lib/python3.7/site-packages/airflow/example_dags/example_latest_only_with_trigger.py for tasks to queue
[2023-06-22T06:40:26.794+0000] {logging_mixin.py:149} INFO - [2023-06-22T06:40:26.794+0000] {dagbag.py:541} INFO - Filling up the DagBag from /home/airflow/.local/lib/python3.7/site-packages/airflow/example_dags/example_latest_only_with_trigger.py
[2023-06-22T06:40:26.799+0000] {processor.py:836} INFO - DAG(s) dict_keys(['latest_only_with_trigger']) retrieved from /home/airflow/.local/lib/python3.7/site-packages/airflow/example_dags/example_latest_only_with_trigger.py
[2023-06-22T06:40:26.818+0000] {logging_mixin.py:149} INFO - [2023-06-22T06:40:26.818+0000] {dag.py:2726} INFO - Sync 1 DAGs
[2023-06-22T06:40:26.834+0000] {logging_mixin.py:149} INFO - [2023-06-22T06:40:26.834+0000] {dag.py:3490} INFO - Setting next_dagrun for latest_only_with_trigger to 2023-06-22T02:40:26.834394+00:00, run_after=2023-06-22T06:40:26.834394+00:00
[2023-06-22T06:40:26.845+0000] {processor.py:179} INFO - Processing /home/airflow/.local/lib/python3.7/site-packages/airflow/example_dags/example_latest_only_with_trigger.py took 0.056 seconds
