[2023-06-22T06:37:16.244+0000] {processor.py:157} INFO - Started process (PID=64) to work on /home/airflow/.local/lib/python3.7/site-packages/airflow/example_dags/example_task_group.py
[2023-06-22T06:37:16.246+0000] {processor.py:826} INFO - Processing file /home/airflow/.local/lib/python3.7/site-packages/airflow/example_dags/example_task_group.py for tasks to queue
[2023-06-22T06:37:16.248+0000] {logging_mixin.py:149} INFO - [2023-06-22T06:37:16.248+0000] {dagbag.py:541} INFO - Filling up the DagBag from /home/airflow/.local/lib/python3.7/site-packages/airflow/example_dags/example_task_group.py
[2023-06-22T06:37:16.261+0000] {processor.py:836} INFO - DAG(s) dict_keys(['example_task_group']) retrieved from /home/airflow/.local/lib/python3.7/site-packages/airflow/example_dags/example_task_group.py
[2023-06-22T06:37:16.502+0000] {logging_mixin.py:149} INFO - [2023-06-22T06:37:16.501+0000] {manager.py:504} INFO - Created Permission View: can read on DAG:example_task_group
[2023-06-22T06:37:16.515+0000] {logging_mixin.py:149} INFO - [2023-06-22T06:37:16.514+0000] {manager.py:504} INFO - Created Permission View: can delete on DAG:example_task_group
[2023-06-22T06:37:16.535+0000] {logging_mixin.py:149} INFO - [2023-06-22T06:37:16.534+0000] {manager.py:504} INFO - Created Permission View: can edit on DAG:example_task_group
[2023-06-22T06:37:16.666+0000] {logging_mixin.py:149} INFO - [2023-06-22T06:37:16.665+0000] {dag.py:2726} INFO - Sync 1 DAGs
[2023-06-22T06:37:16.722+0000] {logging_mixin.py:149} INFO - [2023-06-22T06:37:16.721+0000] {dag.py:2747} INFO - Creating ORM DAG for example_task_group
[2023-06-22T06:37:16.751+0000] {logging_mixin.py:149} INFO - [2023-06-22T06:37:16.751+0000] {dag.py:3490} INFO - Setting next_dagrun for example_task_group to 2023-06-21T06:37:16.750784+00:00, run_after=2023-06-22T06:37:16.750784+00:00
[2023-06-22T06:37:16.795+0000] {processor.py:179} INFO - Processing /home/airflow/.local/lib/python3.7/site-packages/airflow/example_dags/example_task_group.py took 0.555 seconds
[2023-06-22T06:38:23.518+0000] {processor.py:157} INFO - Started process (PID=57) to work on /home/airflow/.local/lib/python3.7/site-packages/airflow/example_dags/example_task_group.py
[2023-06-22T06:38:23.519+0000] {processor.py:826} INFO - Processing file /home/airflow/.local/lib/python3.7/site-packages/airflow/example_dags/example_task_group.py for tasks to queue
[2023-06-22T06:38:23.520+0000] {logging_mixin.py:149} INFO - [2023-06-22T06:38:23.520+0000] {dagbag.py:541} INFO - Filling up the DagBag from /home/airflow/.local/lib/python3.7/site-packages/airflow/example_dags/example_task_group.py
[2023-06-22T06:38:23.531+0000] {processor.py:836} INFO - DAG(s) dict_keys(['example_task_group']) retrieved from /home/airflow/.local/lib/python3.7/site-packages/airflow/example_dags/example_task_group.py
[2023-06-22T06:38:23.625+0000] {logging_mixin.py:149} INFO - [2023-06-22T06:38:23.625+0000] {manager.py:504} INFO - Created Permission View: can edit on DAG:example_task_group
[2023-06-22T06:38:23.634+0000] {logging_mixin.py:149} INFO - [2023-06-22T06:38:23.633+0000] {manager.py:504} INFO - Created Permission View: can read on DAG:example_task_group
[2023-06-22T06:38:23.640+0000] {logging_mixin.py:149} INFO - [2023-06-22T06:38:23.640+0000] {manager.py:504} INFO - Created Permission View: can delete on DAG:example_task_group
[2023-06-22T06:38:23.656+0000] {logging_mixin.py:149} INFO - [2023-06-22T06:38:23.656+0000] {dag.py:2726} INFO - Sync 1 DAGs
[2023-06-22T06:38:23.669+0000] {logging_mixin.py:149} INFO - [2023-06-22T06:38:23.669+0000] {dag.py:2747} INFO - Creating ORM DAG for example_task_group
[2023-06-22T06:38:23.679+0000] {logging_mixin.py:149} INFO - [2023-06-22T06:38:23.679+0000] {dag.py:3490} INFO - Setting next_dagrun for example_task_group to 2023-06-21T06:38:23.678802+00:00, run_after=2023-06-22T06:38:23.678802+00:00
[2023-06-22T06:38:23.695+0000] {processor.py:179} INFO - Processing /home/airflow/.local/lib/python3.7/site-packages/airflow/example_dags/example_task_group.py took 0.180 seconds
[2023-06-22T06:38:54.685+0000] {processor.py:157} INFO - Started process (PID=114) to work on /home/airflow/.local/lib/python3.7/site-packages/airflow/example_dags/example_task_group.py
[2023-06-22T06:38:54.689+0000] {processor.py:826} INFO - Processing file /home/airflow/.local/lib/python3.7/site-packages/airflow/example_dags/example_task_group.py for tasks to queue
[2023-06-22T06:38:54.692+0000] {logging_mixin.py:149} INFO - [2023-06-22T06:38:54.692+0000] {dagbag.py:541} INFO - Filling up the DagBag from /home/airflow/.local/lib/python3.7/site-packages/airflow/example_dags/example_task_group.py
[2023-06-22T06:38:54.703+0000] {processor.py:836} INFO - DAG(s) dict_keys(['example_task_group']) retrieved from /home/airflow/.local/lib/python3.7/site-packages/airflow/example_dags/example_task_group.py
[2023-06-22T06:38:54.730+0000] {logging_mixin.py:149} INFO - [2023-06-22T06:38:54.730+0000] {dag.py:2726} INFO - Sync 1 DAGs
[2023-06-22T06:38:54.759+0000] {logging_mixin.py:149} INFO - [2023-06-22T06:38:54.758+0000] {dag.py:3490} INFO - Setting next_dagrun for example_task_group to 2023-06-21T06:38:54.758598+00:00, run_after=2023-06-22T06:38:54.758598+00:00
[2023-06-22T06:38:54.772+0000] {processor.py:179} INFO - Processing /home/airflow/.local/lib/python3.7/site-packages/airflow/example_dags/example_task_group.py took 0.092 seconds
[2023-06-22T06:39:25.651+0000] {processor.py:157} INFO - Started process (PID=171) to work on /home/airflow/.local/lib/python3.7/site-packages/airflow/example_dags/example_task_group.py
[2023-06-22T06:39:25.654+0000] {processor.py:826} INFO - Processing file /home/airflow/.local/lib/python3.7/site-packages/airflow/example_dags/example_task_group.py for tasks to queue
[2023-06-22T06:39:25.655+0000] {logging_mixin.py:149} INFO - [2023-06-22T06:39:25.655+0000] {dagbag.py:541} INFO - Filling up the DagBag from /home/airflow/.local/lib/python3.7/site-packages/airflow/example_dags/example_task_group.py
[2023-06-22T06:39:25.667+0000] {processor.py:836} INFO - DAG(s) dict_keys(['example_task_group']) retrieved from /home/airflow/.local/lib/python3.7/site-packages/airflow/example_dags/example_task_group.py
[2023-06-22T06:39:25.695+0000] {logging_mixin.py:149} INFO - [2023-06-22T06:39:25.694+0000] {dag.py:2726} INFO - Sync 1 DAGs
[2023-06-22T06:39:25.712+0000] {logging_mixin.py:149} INFO - [2023-06-22T06:39:25.712+0000] {dag.py:3490} INFO - Setting next_dagrun for example_task_group to 2023-06-21T06:39:25.712517+00:00, run_after=2023-06-22T06:39:25.712517+00:00
[2023-06-22T06:39:25.723+0000] {processor.py:179} INFO - Processing /home/airflow/.local/lib/python3.7/site-packages/airflow/example_dags/example_task_group.py took 0.079 seconds
[2023-06-22T06:39:56.352+0000] {processor.py:157} INFO - Started process (PID=228) to work on /home/airflow/.local/lib/python3.7/site-packages/airflow/example_dags/example_task_group.py
[2023-06-22T06:39:56.356+0000] {processor.py:826} INFO - Processing file /home/airflow/.local/lib/python3.7/site-packages/airflow/example_dags/example_task_group.py for tasks to queue
[2023-06-22T06:39:56.358+0000] {logging_mixin.py:149} INFO - [2023-06-22T06:39:56.358+0000] {dagbag.py:541} INFO - Filling up the DagBag from /home/airflow/.local/lib/python3.7/site-packages/airflow/example_dags/example_task_group.py
[2023-06-22T06:39:56.372+0000] {processor.py:836} INFO - DAG(s) dict_keys(['example_task_group']) retrieved from /home/airflow/.local/lib/python3.7/site-packages/airflow/example_dags/example_task_group.py
[2023-06-22T06:39:56.411+0000] {logging_mixin.py:149} INFO - [2023-06-22T06:39:56.411+0000] {dag.py:2726} INFO - Sync 1 DAGs
[2023-06-22T06:39:56.437+0000] {logging_mixin.py:149} INFO - [2023-06-22T06:39:56.437+0000] {dag.py:3490} INFO - Setting next_dagrun for example_task_group to 2023-06-21T06:39:56.437250+00:00, run_after=2023-06-22T06:39:56.437250+00:00
[2023-06-22T06:39:56.456+0000] {processor.py:179} INFO - Processing /home/airflow/.local/lib/python3.7/site-packages/airflow/example_dags/example_task_group.py took 0.111 seconds
[2023-06-22T06:40:26.695+0000] {processor.py:157} INFO - Started process (PID=285) to work on /home/airflow/.local/lib/python3.7/site-packages/airflow/example_dags/example_task_group.py
[2023-06-22T06:40:26.698+0000] {processor.py:826} INFO - Processing file /home/airflow/.local/lib/python3.7/site-packages/airflow/example_dags/example_task_group.py for tasks to queue
[2023-06-22T06:40:26.700+0000] {logging_mixin.py:149} INFO - [2023-06-22T06:40:26.700+0000] {dagbag.py:541} INFO - Filling up the DagBag from /home/airflow/.local/lib/python3.7/site-packages/airflow/example_dags/example_task_group.py
[2023-06-22T06:40:26.710+0000] {processor.py:836} INFO - DAG(s) dict_keys(['example_task_group']) retrieved from /home/airflow/.local/lib/python3.7/site-packages/airflow/example_dags/example_task_group.py
[2023-06-22T06:40:26.736+0000] {logging_mixin.py:149} INFO - [2023-06-22T06:40:26.736+0000] {dag.py:2726} INFO - Sync 1 DAGs
[2023-06-22T06:40:26.754+0000] {logging_mixin.py:149} INFO - [2023-06-22T06:40:26.754+0000] {dag.py:3490} INFO - Setting next_dagrun for example_task_group to 2023-06-21T06:40:26.754031+00:00, run_after=2023-06-22T06:40:26.754031+00:00
[2023-06-22T06:40:26.767+0000] {processor.py:179} INFO - Processing /home/airflow/.local/lib/python3.7/site-packages/airflow/example_dags/example_task_group.py took 0.079 seconds
