[2023-06-22T06:37:09.646+0000] {processor.py:157} INFO - Started process (PID=51) to work on /home/airflow/.local/lib/python3.7/site-packages/airflow/example_dags/tutorial_dag.py
[2023-06-22T06:37:09.657+0000] {processor.py:826} INFO - Processing file /home/airflow/.local/lib/python3.7/site-packages/airflow/example_dags/tutorial_dag.py for tasks to queue
[2023-06-22T06:37:09.671+0000] {logging_mixin.py:149} INFO - [2023-06-22T06:37:09.670+0000] {dagbag.py:541} INFO - Filling up the DagBag from /home/airflow/.local/lib/python3.7/site-packages/airflow/example_dags/tutorial_dag.py
[2023-06-22T06:37:09.700+0000] {processor.py:836} INFO - DAG(s) dict_keys(['tutorial_dag']) retrieved from /home/airflow/.local/lib/python3.7/site-packages/airflow/example_dags/tutorial_dag.py
[2023-06-22T06:37:10.580+0000] {logging_mixin.py:149} INFO - [2023-06-22T06:37:10.579+0000] {manager.py:504} INFO - Created Permission View: can read on DAG:tutorial_dag
[2023-06-22T06:37:10.629+0000] {logging_mixin.py:149} INFO - [2023-06-22T06:37:10.629+0000] {manager.py:504} INFO - Created Permission View: can delete on DAG:tutorial_dag
[2023-06-22T06:37:10.678+0000] {logging_mixin.py:149} INFO - [2023-06-22T06:37:10.669+0000] {manager.py:504} INFO - Created Permission View: can edit on DAG:tutorial_dag
[2023-06-22T06:37:10.751+0000] {logging_mixin.py:149} INFO - [2023-06-22T06:37:10.750+0000] {dag.py:2726} INFO - Sync 1 DAGs
[2023-06-22T06:37:10.799+0000] {logging_mixin.py:149} INFO - [2023-06-22T06:37:10.798+0000] {dag.py:2747} INFO - Creating ORM DAG for tutorial_dag
[2023-06-22T06:37:10.855+0000] {logging_mixin.py:149} INFO - [2023-06-22T06:37:10.854+0000] {dag.py:3490} INFO - Setting next_dagrun for tutorial_dag to None, run_after=None
[2023-06-22T06:37:10.906+0000] {processor.py:179} INFO - Processing /home/airflow/.local/lib/python3.7/site-packages/airflow/example_dags/tutorial_dag.py took 1.263 seconds
[2023-06-22T06:38:19.822+0000] {processor.py:157} INFO - Started process (PID=44) to work on /home/airflow/.local/lib/python3.7/site-packages/airflow/example_dags/tutorial_dag.py
[2023-06-22T06:38:19.828+0000] {processor.py:826} INFO - Processing file /home/airflow/.local/lib/python3.7/site-packages/airflow/example_dags/tutorial_dag.py for tasks to queue
[2023-06-22T06:38:19.831+0000] {logging_mixin.py:149} INFO - [2023-06-22T06:38:19.831+0000] {dagbag.py:541} INFO - Filling up the DagBag from /home/airflow/.local/lib/python3.7/site-packages/airflow/example_dags/tutorial_dag.py
[2023-06-22T06:38:19.855+0000] {processor.py:836} INFO - DAG(s) dict_keys(['tutorial_dag']) retrieved from /home/airflow/.local/lib/python3.7/site-packages/airflow/example_dags/tutorial_dag.py
[2023-06-22T06:38:20.031+0000] {logging_mixin.py:149} INFO - [2023-06-22T06:38:20.031+0000] {manager.py:504} INFO - Created Permission View: can edit on DAG:tutorial_dag
[2023-06-22T06:38:20.045+0000] {logging_mixin.py:149} INFO - [2023-06-22T06:38:20.045+0000] {manager.py:504} INFO - Created Permission View: can read on DAG:tutorial_dag
[2023-06-22T06:38:20.052+0000] {logging_mixin.py:149} INFO - [2023-06-22T06:38:20.052+0000] {manager.py:504} INFO - Created Permission View: can delete on DAG:tutorial_dag
[2023-06-22T06:38:20.082+0000] {logging_mixin.py:149} INFO - [2023-06-22T06:38:20.082+0000] {dag.py:2726} INFO - Sync 1 DAGs
[2023-06-22T06:38:20.098+0000] {logging_mixin.py:149} INFO - [2023-06-22T06:38:20.097+0000] {dag.py:2747} INFO - Creating ORM DAG for tutorial_dag
[2023-06-22T06:38:20.124+0000] {logging_mixin.py:149} INFO - [2023-06-22T06:38:20.124+0000] {dag.py:3490} INFO - Setting next_dagrun for tutorial_dag to None, run_after=None
[2023-06-22T06:38:20.193+0000] {processor.py:179} INFO - Processing /home/airflow/.local/lib/python3.7/site-packages/airflow/example_dags/tutorial_dag.py took 0.377 seconds
[2023-06-22T06:38:50.863+0000] {processor.py:157} INFO - Started process (PID=101) to work on /home/airflow/.local/lib/python3.7/site-packages/airflow/example_dags/tutorial_dag.py
[2023-06-22T06:38:50.864+0000] {processor.py:826} INFO - Processing file /home/airflow/.local/lib/python3.7/site-packages/airflow/example_dags/tutorial_dag.py for tasks to queue
[2023-06-22T06:38:50.865+0000] {logging_mixin.py:149} INFO - [2023-06-22T06:38:50.865+0000] {dagbag.py:541} INFO - Filling up the DagBag from /home/airflow/.local/lib/python3.7/site-packages/airflow/example_dags/tutorial_dag.py
[2023-06-22T06:38:50.869+0000] {processor.py:836} INFO - DAG(s) dict_keys(['tutorial_dag']) retrieved from /home/airflow/.local/lib/python3.7/site-packages/airflow/example_dags/tutorial_dag.py
[2023-06-22T06:38:50.889+0000] {logging_mixin.py:149} INFO - [2023-06-22T06:38:50.889+0000] {dag.py:2726} INFO - Sync 1 DAGs
[2023-06-22T06:38:50.905+0000] {logging_mixin.py:149} INFO - [2023-06-22T06:38:50.905+0000] {dag.py:3490} INFO - Setting next_dagrun for tutorial_dag to None, run_after=None
[2023-06-22T06:38:50.917+0000] {processor.py:179} INFO - Processing /home/airflow/.local/lib/python3.7/site-packages/airflow/example_dags/tutorial_dag.py took 0.057 seconds
[2023-06-22T06:39:21.843+0000] {processor.py:157} INFO - Started process (PID=158) to work on /home/airflow/.local/lib/python3.7/site-packages/airflow/example_dags/tutorial_dag.py
[2023-06-22T06:39:21.845+0000] {processor.py:826} INFO - Processing file /home/airflow/.local/lib/python3.7/site-packages/airflow/example_dags/tutorial_dag.py for tasks to queue
[2023-06-22T06:39:21.847+0000] {logging_mixin.py:149} INFO - [2023-06-22T06:39:21.847+0000] {dagbag.py:541} INFO - Filling up the DagBag from /home/airflow/.local/lib/python3.7/site-packages/airflow/example_dags/tutorial_dag.py
[2023-06-22T06:39:21.855+0000] {processor.py:836} INFO - DAG(s) dict_keys(['tutorial_dag']) retrieved from /home/airflow/.local/lib/python3.7/site-packages/airflow/example_dags/tutorial_dag.py
[2023-06-22T06:39:21.900+0000] {logging_mixin.py:149} INFO - [2023-06-22T06:39:21.900+0000] {dag.py:2726} INFO - Sync 1 DAGs
[2023-06-22T06:39:21.921+0000] {logging_mixin.py:149} INFO - [2023-06-22T06:39:21.920+0000] {dag.py:3490} INFO - Setting next_dagrun for tutorial_dag to None, run_after=None
[2023-06-22T06:39:21.934+0000] {processor.py:179} INFO - Processing /home/airflow/.local/lib/python3.7/site-packages/airflow/example_dags/tutorial_dag.py took 0.099 seconds
[2023-06-22T06:39:52.401+0000] {processor.py:157} INFO - Started process (PID=215) to work on /home/airflow/.local/lib/python3.7/site-packages/airflow/example_dags/tutorial_dag.py
[2023-06-22T06:39:52.402+0000] {processor.py:826} INFO - Processing file /home/airflow/.local/lib/python3.7/site-packages/airflow/example_dags/tutorial_dag.py for tasks to queue
[2023-06-22T06:39:52.403+0000] {logging_mixin.py:149} INFO - [2023-06-22T06:39:52.403+0000] {dagbag.py:541} INFO - Filling up the DagBag from /home/airflow/.local/lib/python3.7/site-packages/airflow/example_dags/tutorial_dag.py
[2023-06-22T06:39:52.408+0000] {processor.py:836} INFO - DAG(s) dict_keys(['tutorial_dag']) retrieved from /home/airflow/.local/lib/python3.7/site-packages/airflow/example_dags/tutorial_dag.py
[2023-06-22T06:39:52.429+0000] {logging_mixin.py:149} INFO - [2023-06-22T06:39:52.429+0000] {dag.py:2726} INFO - Sync 1 DAGs
[2023-06-22T06:39:52.449+0000] {logging_mixin.py:149} INFO - [2023-06-22T06:39:52.448+0000] {dag.py:3490} INFO - Setting next_dagrun for tutorial_dag to None, run_after=None
[2023-06-22T06:39:52.462+0000] {processor.py:179} INFO - Processing /home/airflow/.local/lib/python3.7/site-packages/airflow/example_dags/tutorial_dag.py took 0.063 seconds
[2023-06-22T06:40:22.776+0000] {processor.py:157} INFO - Started process (PID=272) to work on /home/airflow/.local/lib/python3.7/site-packages/airflow/example_dags/tutorial_dag.py
[2023-06-22T06:40:22.778+0000] {processor.py:826} INFO - Processing file /home/airflow/.local/lib/python3.7/site-packages/airflow/example_dags/tutorial_dag.py for tasks to queue
[2023-06-22T06:40:22.778+0000] {logging_mixin.py:149} INFO - [2023-06-22T06:40:22.778+0000] {dagbag.py:541} INFO - Filling up the DagBag from /home/airflow/.local/lib/python3.7/site-packages/airflow/example_dags/tutorial_dag.py
[2023-06-22T06:40:22.783+0000] {processor.py:836} INFO - DAG(s) dict_keys(['tutorial_dag']) retrieved from /home/airflow/.local/lib/python3.7/site-packages/airflow/example_dags/tutorial_dag.py
[2023-06-22T06:40:22.802+0000] {logging_mixin.py:149} INFO - [2023-06-22T06:40:22.802+0000] {dag.py:2726} INFO - Sync 1 DAGs
[2023-06-22T06:40:22.818+0000] {logging_mixin.py:149} INFO - [2023-06-22T06:40:22.817+0000] {dag.py:3490} INFO - Setting next_dagrun for tutorial_dag to None, run_after=None
[2023-06-22T06:40:22.829+0000] {processor.py:179} INFO - Processing /home/airflow/.local/lib/python3.7/site-packages/airflow/example_dags/tutorial_dag.py took 0.055 seconds
