[2023-06-22T06:36:50.541+0000] {processor.py:157} INFO - Started process (PID=37) to work on /home/airflow/.local/lib/python3.7/site-packages/airflow/example_dags/tutorial_taskflow_api_virtualenv.py
[2023-06-22T06:36:50.543+0000] {processor.py:826} INFO - Processing file /home/airflow/.local/lib/python3.7/site-packages/airflow/example_dags/tutorial_taskflow_api_virtualenv.py for tasks to queue
[2023-06-22T06:36:50.546+0000] {logging_mixin.py:149} INFO - [2023-06-22T06:36:50.545+0000] {dagbag.py:541} INFO - Filling up the DagBag from /home/airflow/.local/lib/python3.7/site-packages/airflow/example_dags/tutorial_taskflow_api_virtualenv.py
[2023-06-22T06:36:50.670+0000] {processor.py:836} INFO - DAG(s) dict_keys(['tutorial_taskflow_api_virtualenv']) retrieved from /home/airflow/.local/lib/python3.7/site-packages/airflow/example_dags/tutorial_taskflow_api_virtualenv.py
[2023-06-22T06:36:53.291+0000] {logging_mixin.py:149} INFO - [2023-06-22T06:36:53.290+0000] {manager.py:504} INFO - Created Permission View: can read on DAG:tutorial_taskflow_api_virtualenv
[2023-06-22T06:36:53.485+0000] {logging_mixin.py:149} INFO - [2023-06-22T06:36:53.484+0000] {manager.py:504} INFO - Created Permission View: can delete on DAG:tutorial_taskflow_api_virtualenv
[2023-06-22T06:36:53.621+0000] {logging_mixin.py:149} INFO - [2023-06-22T06:36:53.620+0000] {manager.py:504} INFO - Created Permission View: can edit on DAG:tutorial_taskflow_api_virtualenv
[2023-06-22T06:36:53.760+0000] {logging_mixin.py:149} INFO - [2023-06-22T06:36:53.759+0000] {dag.py:2726} INFO - Sync 1 DAGs
[2023-06-22T06:36:54.544+0000] {logging_mixin.py:149} INFO - [2023-06-22T06:36:54.544+0000] {dag.py:2747} INFO - Creating ORM DAG for tutorial_taskflow_api_virtualenv
[2023-06-22T06:36:54.788+0000] {logging_mixin.py:149} INFO - [2023-06-22T06:36:54.788+0000] {dag.py:3490} INFO - Setting next_dagrun for tutorial_taskflow_api_virtualenv to None, run_after=None
[2023-06-22T06:36:55.238+0000] {processor.py:179} INFO - Processing /home/airflow/.local/lib/python3.7/site-packages/airflow/example_dags/tutorial_taskflow_api_virtualenv.py took 4.703 seconds
[2023-06-22T06:37:27.404+0000] {processor.py:157} INFO - Started process (PID=95) to work on /home/airflow/.local/lib/python3.7/site-packages/airflow/example_dags/tutorial_taskflow_api_virtualenv.py
[2023-06-22T06:37:27.407+0000] {processor.py:826} INFO - Processing file /home/airflow/.local/lib/python3.7/site-packages/airflow/example_dags/tutorial_taskflow_api_virtualenv.py for tasks to queue
[2023-06-22T06:37:27.410+0000] {logging_mixin.py:149} INFO - [2023-06-22T06:37:27.410+0000] {dagbag.py:541} INFO - Filling up the DagBag from /home/airflow/.local/lib/python3.7/site-packages/airflow/example_dags/tutorial_taskflow_api_virtualenv.py
[2023-06-22T06:37:27.424+0000] {processor.py:836} INFO - DAG(s) dict_keys(['tutorial_taskflow_api_virtualenv']) retrieved from /home/airflow/.local/lib/python3.7/site-packages/airflow/example_dags/tutorial_taskflow_api_virtualenv.py
[2023-06-22T06:37:27.474+0000] {logging_mixin.py:149} INFO - [2023-06-22T06:37:27.474+0000] {dag.py:2726} INFO - Sync 1 DAGs
[2023-06-22T06:37:27.516+0000] {logging_mixin.py:149} INFO - [2023-06-22T06:37:27.515+0000] {dag.py:3490} INFO - Setting next_dagrun for tutorial_taskflow_api_virtualenv to None, run_after=None
[2023-06-22T06:37:27.556+0000] {processor.py:179} INFO - Processing /home/airflow/.local/lib/python3.7/site-packages/airflow/example_dags/tutorial_taskflow_api_virtualenv.py took 0.158 seconds
[2023-06-22T06:38:18.081+0000] {processor.py:157} INFO - Started process (PID=37) to work on /home/airflow/.local/lib/python3.7/site-packages/airflow/example_dags/tutorial_taskflow_api_virtualenv.py
[2023-06-22T06:38:18.084+0000] {processor.py:826} INFO - Processing file /home/airflow/.local/lib/python3.7/site-packages/airflow/example_dags/tutorial_taskflow_api_virtualenv.py for tasks to queue
[2023-06-22T06:38:18.085+0000] {logging_mixin.py:149} INFO - [2023-06-22T06:38:18.085+0000] {dagbag.py:541} INFO - Filling up the DagBag from /home/airflow/.local/lib/python3.7/site-packages/airflow/example_dags/tutorial_taskflow_api_virtualenv.py
[2023-06-22T06:38:18.096+0000] {processor.py:836} INFO - DAG(s) dict_keys(['tutorial_taskflow_api_virtualenv']) retrieved from /home/airflow/.local/lib/python3.7/site-packages/airflow/example_dags/tutorial_taskflow_api_virtualenv.py
[2023-06-22T06:38:18.320+0000] {logging_mixin.py:149} INFO - [2023-06-22T06:38:18.319+0000] {manager.py:504} INFO - Created Permission View: can edit on DAG:tutorial_taskflow_api_virtualenv
[2023-06-22T06:38:18.336+0000] {logging_mixin.py:149} INFO - [2023-06-22T06:38:18.336+0000] {manager.py:504} INFO - Created Permission View: can read on DAG:tutorial_taskflow_api_virtualenv
[2023-06-22T06:38:18.345+0000] {logging_mixin.py:149} INFO - [2023-06-22T06:38:18.345+0000] {manager.py:504} INFO - Created Permission View: can delete on DAG:tutorial_taskflow_api_virtualenv
[2023-06-22T06:38:18.363+0000] {logging_mixin.py:149} INFO - [2023-06-22T06:38:18.363+0000] {dag.py:2726} INFO - Sync 1 DAGs
[2023-06-22T06:38:18.379+0000] {logging_mixin.py:149} INFO - [2023-06-22T06:38:18.379+0000] {dag.py:2747} INFO - Creating ORM DAG for tutorial_taskflow_api_virtualenv
[2023-06-22T06:38:18.394+0000] {logging_mixin.py:149} INFO - [2023-06-22T06:38:18.393+0000] {dag.py:3490} INFO - Setting next_dagrun for tutorial_taskflow_api_virtualenv to None, run_after=None
[2023-06-22T06:38:18.411+0000] {processor.py:179} INFO - Processing /home/airflow/.local/lib/python3.7/site-packages/airflow/example_dags/tutorial_taskflow_api_virtualenv.py took 0.333 seconds
[2023-06-22T06:38:48.450+0000] {processor.py:157} INFO - Started process (PID=94) to work on /home/airflow/.local/lib/python3.7/site-packages/airflow/example_dags/tutorial_taskflow_api_virtualenv.py
[2023-06-22T06:38:48.451+0000] {processor.py:826} INFO - Processing file /home/airflow/.local/lib/python3.7/site-packages/airflow/example_dags/tutorial_taskflow_api_virtualenv.py for tasks to queue
[2023-06-22T06:38:48.452+0000] {logging_mixin.py:149} INFO - [2023-06-22T06:38:48.452+0000] {dagbag.py:541} INFO - Filling up the DagBag from /home/airflow/.local/lib/python3.7/site-packages/airflow/example_dags/tutorial_taskflow_api_virtualenv.py
[2023-06-22T06:38:48.458+0000] {processor.py:836} INFO - DAG(s) dict_keys(['tutorial_taskflow_api_virtualenv']) retrieved from /home/airflow/.local/lib/python3.7/site-packages/airflow/example_dags/tutorial_taskflow_api_virtualenv.py
[2023-06-22T06:38:48.478+0000] {logging_mixin.py:149} INFO - [2023-06-22T06:38:48.478+0000] {dag.py:2726} INFO - Sync 1 DAGs
[2023-06-22T06:38:48.493+0000] {logging_mixin.py:149} INFO - [2023-06-22T06:38:48.493+0000] {dag.py:3490} INFO - Setting next_dagrun for tutorial_taskflow_api_virtualenv to None, run_after=None
[2023-06-22T06:38:48.503+0000] {processor.py:179} INFO - Processing /home/airflow/.local/lib/python3.7/site-packages/airflow/example_dags/tutorial_taskflow_api_virtualenv.py took 0.056 seconds
[2023-06-22T06:39:19.324+0000] {processor.py:157} INFO - Started process (PID=151) to work on /home/airflow/.local/lib/python3.7/site-packages/airflow/example_dags/tutorial_taskflow_api_virtualenv.py
[2023-06-22T06:39:19.325+0000] {processor.py:826} INFO - Processing file /home/airflow/.local/lib/python3.7/site-packages/airflow/example_dags/tutorial_taskflow_api_virtualenv.py for tasks to queue
[2023-06-22T06:39:19.326+0000] {logging_mixin.py:149} INFO - [2023-06-22T06:39:19.326+0000] {dagbag.py:541} INFO - Filling up the DagBag from /home/airflow/.local/lib/python3.7/site-packages/airflow/example_dags/tutorial_taskflow_api_virtualenv.py
[2023-06-22T06:39:19.332+0000] {processor.py:836} INFO - DAG(s) dict_keys(['tutorial_taskflow_api_virtualenv']) retrieved from /home/airflow/.local/lib/python3.7/site-packages/airflow/example_dags/tutorial_taskflow_api_virtualenv.py
[2023-06-22T06:39:19.352+0000] {logging_mixin.py:149} INFO - [2023-06-22T06:39:19.352+0000] {dag.py:2726} INFO - Sync 1 DAGs
[2023-06-22T06:39:19.366+0000] {logging_mixin.py:149} INFO - [2023-06-22T06:39:19.366+0000] {dag.py:3490} INFO - Setting next_dagrun for tutorial_taskflow_api_virtualenv to None, run_after=None
[2023-06-22T06:39:19.378+0000] {processor.py:179} INFO - Processing /home/airflow/.local/lib/python3.7/site-packages/airflow/example_dags/tutorial_taskflow_api_virtualenv.py took 0.056 seconds
[2023-06-22T06:39:49.927+0000] {processor.py:157} INFO - Started process (PID=208) to work on /home/airflow/.local/lib/python3.7/site-packages/airflow/example_dags/tutorial_taskflow_api_virtualenv.py
[2023-06-22T06:39:49.929+0000] {processor.py:826} INFO - Processing file /home/airflow/.local/lib/python3.7/site-packages/airflow/example_dags/tutorial_taskflow_api_virtualenv.py for tasks to queue
[2023-06-22T06:39:49.930+0000] {logging_mixin.py:149} INFO - [2023-06-22T06:39:49.930+0000] {dagbag.py:541} INFO - Filling up the DagBag from /home/airflow/.local/lib/python3.7/site-packages/airflow/example_dags/tutorial_taskflow_api_virtualenv.py
[2023-06-22T06:39:49.940+0000] {processor.py:836} INFO - DAG(s) dict_keys(['tutorial_taskflow_api_virtualenv']) retrieved from /home/airflow/.local/lib/python3.7/site-packages/airflow/example_dags/tutorial_taskflow_api_virtualenv.py
[2023-06-22T06:39:49.967+0000] {logging_mixin.py:149} INFO - [2023-06-22T06:39:49.967+0000] {dag.py:2726} INFO - Sync 1 DAGs
[2023-06-22T06:39:49.985+0000] {logging_mixin.py:149} INFO - [2023-06-22T06:39:49.985+0000] {dag.py:3490} INFO - Setting next_dagrun for tutorial_taskflow_api_virtualenv to None, run_after=None
[2023-06-22T06:39:49.997+0000] {processor.py:179} INFO - Processing /home/airflow/.local/lib/python3.7/site-packages/airflow/example_dags/tutorial_taskflow_api_virtualenv.py took 0.074 seconds
[2023-06-22T06:40:20.316+0000] {processor.py:157} INFO - Started process (PID=265) to work on /home/airflow/.local/lib/python3.7/site-packages/airflow/example_dags/tutorial_taskflow_api_virtualenv.py
[2023-06-22T06:40:20.317+0000] {processor.py:826} INFO - Processing file /home/airflow/.local/lib/python3.7/site-packages/airflow/example_dags/tutorial_taskflow_api_virtualenv.py for tasks to queue
[2023-06-22T06:40:20.318+0000] {logging_mixin.py:149} INFO - [2023-06-22T06:40:20.318+0000] {dagbag.py:541} INFO - Filling up the DagBag from /home/airflow/.local/lib/python3.7/site-packages/airflow/example_dags/tutorial_taskflow_api_virtualenv.py
[2023-06-22T06:40:20.323+0000] {processor.py:836} INFO - DAG(s) dict_keys(['tutorial_taskflow_api_virtualenv']) retrieved from /home/airflow/.local/lib/python3.7/site-packages/airflow/example_dags/tutorial_taskflow_api_virtualenv.py
[2023-06-22T06:40:20.344+0000] {logging_mixin.py:149} INFO - [2023-06-22T06:40:20.344+0000] {dag.py:2726} INFO - Sync 1 DAGs
[2023-06-22T06:40:20.359+0000] {logging_mixin.py:149} INFO - [2023-06-22T06:40:20.359+0000] {dag.py:3490} INFO - Setting next_dagrun for tutorial_taskflow_api_virtualenv to None, run_after=None
[2023-06-22T06:40:20.369+0000] {processor.py:179} INFO - Processing /home/airflow/.local/lib/python3.7/site-packages/airflow/example_dags/tutorial_taskflow_api_virtualenv.py took 0.056 seconds
