[2023-06-22T06:37:12.646+0000] {processor.py:157} INFO - Started process (PID=55) to work on /home/airflow/.local/lib/python3.7/site-packages/airflow/example_dags/tutorial_taskflow_api.py
[2023-06-22T06:37:12.672+0000] {processor.py:826} INFO - Processing file /home/airflow/.local/lib/python3.7/site-packages/airflow/example_dags/tutorial_taskflow_api.py for tasks to queue
[2023-06-22T06:37:12.687+0000] {logging_mixin.py:149} INFO - [2023-06-22T06:37:12.687+0000] {dagbag.py:541} INFO - Filling up the DagBag from /home/airflow/.local/lib/python3.7/site-packages/airflow/example_dags/tutorial_taskflow_api.py
[2023-06-22T06:37:12.705+0000] {processor.py:836} INFO - DAG(s) dict_keys(['tutorial_taskflow_api']) retrieved from /home/airflow/.local/lib/python3.7/site-packages/airflow/example_dags/tutorial_taskflow_api.py
[2023-06-22T06:37:12.953+0000] {logging_mixin.py:149} INFO - [2023-06-22T06:37:12.953+0000] {manager.py:504} INFO - Created Permission View: can read on DAG:tutorial_taskflow_api
[2023-06-22T06:37:12.967+0000] {logging_mixin.py:149} INFO - [2023-06-22T06:37:12.966+0000] {manager.py:504} INFO - Created Permission View: can delete on DAG:tutorial_taskflow_api
[2023-06-22T06:37:12.987+0000] {logging_mixin.py:149} INFO - [2023-06-22T06:37:12.987+0000] {manager.py:504} INFO - Created Permission View: can edit on DAG:tutorial_taskflow_api
[2023-06-22T06:37:13.011+0000] {logging_mixin.py:149} INFO - [2023-06-22T06:37:13.011+0000] {dag.py:2726} INFO - Sync 1 DAGs
[2023-06-22T06:37:13.037+0000] {logging_mixin.py:149} INFO - [2023-06-22T06:37:13.037+0000] {dag.py:2747} INFO - Creating ORM DAG for tutorial_taskflow_api
[2023-06-22T06:37:13.053+0000] {logging_mixin.py:149} INFO - [2023-06-22T06:37:13.053+0000] {dag.py:3490} INFO - Setting next_dagrun for tutorial_taskflow_api to None, run_after=None
[2023-06-22T06:37:13.106+0000] {processor.py:179} INFO - Processing /home/airflow/.local/lib/python3.7/site-packages/airflow/example_dags/tutorial_taskflow_api.py took 0.497 seconds
[2023-06-22T06:38:20.720+0000] {processor.py:157} INFO - Started process (PID=48) to work on /home/airflow/.local/lib/python3.7/site-packages/airflow/example_dags/tutorial_taskflow_api.py
[2023-06-22T06:38:20.722+0000] {processor.py:826} INFO - Processing file /home/airflow/.local/lib/python3.7/site-packages/airflow/example_dags/tutorial_taskflow_api.py for tasks to queue
[2023-06-22T06:38:20.724+0000] {logging_mixin.py:149} INFO - [2023-06-22T06:38:20.724+0000] {dagbag.py:541} INFO - Filling up the DagBag from /home/airflow/.local/lib/python3.7/site-packages/airflow/example_dags/tutorial_taskflow_api.py
[2023-06-22T06:38:20.743+0000] {processor.py:836} INFO - DAG(s) dict_keys(['tutorial_taskflow_api']) retrieved from /home/airflow/.local/lib/python3.7/site-packages/airflow/example_dags/tutorial_taskflow_api.py
[2023-06-22T06:38:20.914+0000] {logging_mixin.py:149} INFO - [2023-06-22T06:38:20.911+0000] {manager.py:504} INFO - Created Permission View: can edit on DAG:tutorial_taskflow_api
[2023-06-22T06:38:20.940+0000] {logging_mixin.py:149} INFO - [2023-06-22T06:38:20.940+0000] {manager.py:504} INFO - Created Permission View: can read on DAG:tutorial_taskflow_api
[2023-06-22T06:38:20.955+0000] {logging_mixin.py:149} INFO - [2023-06-22T06:38:20.955+0000] {manager.py:504} INFO - Created Permission View: can delete on DAG:tutorial_taskflow_api
[2023-06-22T06:38:20.984+0000] {logging_mixin.py:149} INFO - [2023-06-22T06:38:20.983+0000] {dag.py:2726} INFO - Sync 1 DAGs
[2023-06-22T06:38:21.004+0000] {logging_mixin.py:149} INFO - [2023-06-22T06:38:21.004+0000] {dag.py:2747} INFO - Creating ORM DAG for tutorial_taskflow_api
[2023-06-22T06:38:21.048+0000] {logging_mixin.py:149} INFO - [2023-06-22T06:38:21.048+0000] {dag.py:3490} INFO - Setting next_dagrun for tutorial_taskflow_api to None, run_after=None
[2023-06-22T06:38:21.141+0000] {processor.py:179} INFO - Processing /home/airflow/.local/lib/python3.7/site-packages/airflow/example_dags/tutorial_taskflow_api.py took 0.425 seconds
[2023-06-22T06:38:52.056+0000] {processor.py:157} INFO - Started process (PID=105) to work on /home/airflow/.local/lib/python3.7/site-packages/airflow/example_dags/tutorial_taskflow_api.py
[2023-06-22T06:38:52.059+0000] {processor.py:826} INFO - Processing file /home/airflow/.local/lib/python3.7/site-packages/airflow/example_dags/tutorial_taskflow_api.py for tasks to queue
[2023-06-22T06:38:52.060+0000] {logging_mixin.py:149} INFO - [2023-06-22T06:38:52.060+0000] {dagbag.py:541} INFO - Filling up the DagBag from /home/airflow/.local/lib/python3.7/site-packages/airflow/example_dags/tutorial_taskflow_api.py
[2023-06-22T06:38:52.068+0000] {processor.py:836} INFO - DAG(s) dict_keys(['tutorial_taskflow_api']) retrieved from /home/airflow/.local/lib/python3.7/site-packages/airflow/example_dags/tutorial_taskflow_api.py
[2023-06-22T06:38:52.091+0000] {logging_mixin.py:149} INFO - [2023-06-22T06:38:52.091+0000] {dag.py:2726} INFO - Sync 1 DAGs
[2023-06-22T06:38:52.107+0000] {logging_mixin.py:149} INFO - [2023-06-22T06:38:52.107+0000] {dag.py:3490} INFO - Setting next_dagrun for tutorial_taskflow_api to None, run_after=None
[2023-06-22T06:38:52.120+0000] {processor.py:179} INFO - Processing /home/airflow/.local/lib/python3.7/site-packages/airflow/example_dags/tutorial_taskflow_api.py took 0.069 seconds
[2023-06-22T06:39:23.089+0000] {processor.py:157} INFO - Started process (PID=162) to work on /home/airflow/.local/lib/python3.7/site-packages/airflow/example_dags/tutorial_taskflow_api.py
[2023-06-22T06:39:23.091+0000] {processor.py:826} INFO - Processing file /home/airflow/.local/lib/python3.7/site-packages/airflow/example_dags/tutorial_taskflow_api.py for tasks to queue
[2023-06-22T06:39:23.093+0000] {logging_mixin.py:149} INFO - [2023-06-22T06:39:23.093+0000] {dagbag.py:541} INFO - Filling up the DagBag from /home/airflow/.local/lib/python3.7/site-packages/airflow/example_dags/tutorial_taskflow_api.py
[2023-06-22T06:39:23.101+0000] {processor.py:836} INFO - DAG(s) dict_keys(['tutorial_taskflow_api']) retrieved from /home/airflow/.local/lib/python3.7/site-packages/airflow/example_dags/tutorial_taskflow_api.py
[2023-06-22T06:39:23.134+0000] {logging_mixin.py:149} INFO - [2023-06-22T06:39:23.134+0000] {dag.py:2726} INFO - Sync 1 DAGs
[2023-06-22T06:39:23.149+0000] {logging_mixin.py:149} INFO - [2023-06-22T06:39:23.149+0000] {dag.py:3490} INFO - Setting next_dagrun for tutorial_taskflow_api to None, run_after=None
[2023-06-22T06:39:23.163+0000] {processor.py:179} INFO - Processing /home/airflow/.local/lib/python3.7/site-packages/airflow/example_dags/tutorial_taskflow_api.py took 0.082 seconds
[2023-06-22T06:39:53.648+0000] {processor.py:157} INFO - Started process (PID=219) to work on /home/airflow/.local/lib/python3.7/site-packages/airflow/example_dags/tutorial_taskflow_api.py
[2023-06-22T06:39:53.650+0000] {processor.py:826} INFO - Processing file /home/airflow/.local/lib/python3.7/site-packages/airflow/example_dags/tutorial_taskflow_api.py for tasks to queue
[2023-06-22T06:39:53.652+0000] {logging_mixin.py:149} INFO - [2023-06-22T06:39:53.652+0000] {dagbag.py:541} INFO - Filling up the DagBag from /home/airflow/.local/lib/python3.7/site-packages/airflow/example_dags/tutorial_taskflow_api.py
[2023-06-22T06:39:53.661+0000] {processor.py:836} INFO - DAG(s) dict_keys(['tutorial_taskflow_api']) retrieved from /home/airflow/.local/lib/python3.7/site-packages/airflow/example_dags/tutorial_taskflow_api.py
[2023-06-22T06:39:53.688+0000] {logging_mixin.py:149} INFO - [2023-06-22T06:39:53.688+0000] {dag.py:2726} INFO - Sync 1 DAGs
[2023-06-22T06:39:53.704+0000] {logging_mixin.py:149} INFO - [2023-06-22T06:39:53.704+0000] {dag.py:3490} INFO - Setting next_dagrun for tutorial_taskflow_api to None, run_after=None
[2023-06-22T06:39:53.716+0000] {processor.py:179} INFO - Processing /home/airflow/.local/lib/python3.7/site-packages/airflow/example_dags/tutorial_taskflow_api.py took 0.074 seconds
[2023-06-22T06:40:23.975+0000] {processor.py:157} INFO - Started process (PID=276) to work on /home/airflow/.local/lib/python3.7/site-packages/airflow/example_dags/tutorial_taskflow_api.py
[2023-06-22T06:40:23.978+0000] {processor.py:826} INFO - Processing file /home/airflow/.local/lib/python3.7/site-packages/airflow/example_dags/tutorial_taskflow_api.py for tasks to queue
[2023-06-22T06:40:23.981+0000] {logging_mixin.py:149} INFO - [2023-06-22T06:40:23.981+0000] {dagbag.py:541} INFO - Filling up the DagBag from /home/airflow/.local/lib/python3.7/site-packages/airflow/example_dags/tutorial_taskflow_api.py
[2023-06-22T06:40:23.991+0000] {processor.py:836} INFO - DAG(s) dict_keys(['tutorial_taskflow_api']) retrieved from /home/airflow/.local/lib/python3.7/site-packages/airflow/example_dags/tutorial_taskflow_api.py
[2023-06-22T06:40:24.019+0000] {logging_mixin.py:149} INFO - [2023-06-22T06:40:24.019+0000] {dag.py:2726} INFO - Sync 1 DAGs
[2023-06-22T06:40:24.036+0000] {logging_mixin.py:149} INFO - [2023-06-22T06:40:24.035+0000] {dag.py:3490} INFO - Setting next_dagrun for tutorial_taskflow_api to None, run_after=None
[2023-06-22T06:40:24.047+0000] {processor.py:179} INFO - Processing /home/airflow/.local/lib/python3.7/site-packages/airflow/example_dags/tutorial_taskflow_api.py took 0.078 seconds
