[2023-06-22T06:42:17.266+0000] {taskinstance.py:1103} INFO - Dependencies all met for dep_context=non-requeueable deps ti=<TaskInstance: time_task.insert_value scheduled__2023-06-21T00:00:00+00:00 [queued]>
[2023-06-22T06:42:17.276+0000] {taskinstance.py:1103} INFO - Dependencies all met for dep_context=requeueable deps ti=<TaskInstance: time_task.insert_value scheduled__2023-06-21T00:00:00+00:00 [queued]>
[2023-06-22T06:42:17.277+0000] {taskinstance.py:1308} INFO - Starting attempt 1 of 1
[2023-06-22T06:42:17.291+0000] {taskinstance.py:1327} INFO - Executing <Task(PostgresOperator): insert_value> on 2023-06-21 00:00:00+00:00
[2023-06-22T06:42:17.296+0000] {standard_task_runner.py:57} INFO - Started process 74 to run task
[2023-06-22T06:42:17.301+0000] {standard_task_runner.py:84} INFO - Running: ['***', 'tasks', 'run', 'time_task', 'insert_value', 'scheduled__2023-06-21T00:00:00+00:00', '--job-id', '5', '--raw', '--subdir', 'DAGS_FOLDER/create_postgres_table.py', '--cfg-path', '/tmp/tmpnb8kk95e']
[2023-06-22T06:42:17.302+0000] {standard_task_runner.py:85} INFO - Job 5: Subtask insert_value
[2023-06-22T06:42:17.371+0000] {task_command.py:410} INFO - Running <TaskInstance: time_task.insert_value scheduled__2023-06-21T00:00:00+00:00 [running]> on host b9a60b2e230a
[2023-06-22T06:42:17.451+0000] {taskinstance.py:1547} INFO - Exporting env vars: AIRFLOW_CTX_DAG_OWNER='***' AIRFLOW_CTX_DAG_ID='time_task' AIRFLOW_CTX_TASK_ID='insert_value' AIRFLOW_CTX_EXECUTION_DATE='2023-06-21T00:00:00+00:00' AIRFLOW_CTX_TRY_NUMBER='1' AIRFLOW_CTX_DAG_RUN_ID='scheduled__2023-06-21T00:00:00+00:00'
[2023-06-22T06:42:17.452+0000] {sql.py:265} INFO - Executing: 
                INSERT INTO myTime VALUES (CURRENT_TIMESTAMP);   
        
[2023-06-22T06:42:17.461+0000] {base.py:73} INFO - Using connection ID 'postgres' for task execution.
[2023-06-22T06:42:17.525+0000] {base.py:73} INFO - Using connection ID 'postgres' for task execution.
[2023-06-22T06:42:17.531+0000] {sql.py:375} INFO - Running statement: 
                INSERT INTO myTime VALUES (CURRENT_TIMESTAMP);   
        , parameters: None
[2023-06-22T06:42:17.533+0000] {sql.py:384} INFO - Rows affected: 1
[2023-06-22T06:42:17.543+0000] {taskinstance.py:1350} INFO - Marking task as SUCCESS. dag_id=time_task, task_id=insert_value, execution_date=20230621T000000, start_date=20230622T064217, end_date=20230622T064217
[2023-06-22T06:42:17.592+0000] {local_task_job_runner.py:225} INFO - Task exited with return code 0
[2023-06-22T06:42:17.614+0000] {taskinstance.py:2653} INFO - 0 downstream tasks scheduled from follow-on schedule check
