[2023-06-22T06:42:16.113+0000] {taskinstance.py:1103} INFO - Dependencies all met for dep_context=non-requeueable deps ti=<TaskInstance: time_task.create_table scheduled__2023-06-21T00:00:00+00:00 [queued]>
[2023-06-22T06:42:16.196+0000] {taskinstance.py:1103} INFO - Dependencies all met for dep_context=requeueable deps ti=<TaskInstance: time_task.create_table scheduled__2023-06-21T00:00:00+00:00 [queued]>
[2023-06-22T06:42:16.198+0000] {taskinstance.py:1308} INFO - Starting attempt 1 of 1
[2023-06-22T06:42:16.317+0000] {taskinstance.py:1327} INFO - Executing <Task(PostgresOperator): create_table> on 2023-06-21 00:00:00+00:00
[2023-06-22T06:42:16.331+0000] {standard_task_runner.py:57} INFO - Started process 72 to run task
[2023-06-22T06:42:16.337+0000] {standard_task_runner.py:84} INFO - Running: ['***', 'tasks', 'run', 'time_task', 'create_table', 'scheduled__2023-06-21T00:00:00+00:00', '--job-id', '3', '--raw', '--subdir', 'DAGS_FOLDER/create_postgres_table.py', '--cfg-path', '/tmp/tmpjeapg63b']
[2023-06-22T06:42:16.338+0000] {standard_task_runner.py:85} INFO - Job 3: Subtask create_table
[2023-06-22T06:42:16.471+0000] {task_command.py:410} INFO - Running <TaskInstance: time_task.create_table scheduled__2023-06-21T00:00:00+00:00 [running]> on host b9a60b2e230a
[2023-06-22T06:42:16.571+0000] {taskinstance.py:1547} INFO - Exporting env vars: AIRFLOW_CTX_DAG_OWNER='***' AIRFLOW_CTX_DAG_ID='time_task' AIRFLOW_CTX_TASK_ID='create_table' AIRFLOW_CTX_EXECUTION_DATE='2023-06-21T00:00:00+00:00' AIRFLOW_CTX_TRY_NUMBER='1' AIRFLOW_CTX_DAG_RUN_ID='scheduled__2023-06-21T00:00:00+00:00'
[2023-06-22T06:42:16.575+0000] {sql.py:265} INFO - Executing: 
            CREATE TABLE IF NOT EXISTS myTime (
                curr_time TIMESTAMP
            );
        
[2023-06-22T06:42:16.588+0000] {base.py:73} INFO - Using connection ID 'postgres' for task execution.
[2023-06-22T06:42:16.684+0000] {base.py:73} INFO - Using connection ID 'postgres' for task execution.
[2023-06-22T06:42:16.693+0000] {sql.py:375} INFO - Running statement: 
            CREATE TABLE IF NOT EXISTS myTime (
                curr_time TIMESTAMP
            );
        , parameters: None
[2023-06-22T06:42:16.710+0000] {taskinstance.py:1350} INFO - Marking task as SUCCESS. dag_id=time_task, task_id=create_table, execution_date=20230621T000000, start_date=20230622T064216, end_date=20230622T064216
[2023-06-22T06:42:16.765+0000] {local_task_job_runner.py:225} INFO - Task exited with return code 0
[2023-06-22T06:42:16.799+0000] {taskinstance.py:2653} INFO - 1 downstream tasks scheduled from follow-on schedule check
