[2023-06-22T06:43:09.323+0000] {taskinstance.py:1103} INFO - Dependencies all met for dep_context=non-requeueable deps ti=<TaskInstance: time_task.create_table manual__2023-06-22T06:43:08.589814+00:00 [queued]>
[2023-06-22T06:43:09.337+0000] {taskinstance.py:1103} INFO - Dependencies all met for dep_context=requeueable deps ti=<TaskInstance: time_task.create_table manual__2023-06-22T06:43:08.589814+00:00 [queued]>
[2023-06-22T06:43:09.338+0000] {taskinstance.py:1308} INFO - Starting attempt 1 of 1
[2023-06-22T06:43:09.355+0000] {taskinstance.py:1327} INFO - Executing <Task(PostgresOperator): create_table> on 2023-06-22 06:43:08.589814+00:00
[2023-06-22T06:43:09.365+0000] {standard_task_runner.py:57} INFO - Started process 85 to run task
[2023-06-22T06:43:09.372+0000] {standard_task_runner.py:84} INFO - Running: ['***', 'tasks', 'run', 'time_task', 'create_table', 'manual__2023-06-22T06:43:08.589814+00:00', '--job-id', '6', '--raw', '--subdir', 'DAGS_FOLDER/create_postgres_table.py', '--cfg-path', '/tmp/tmpo9k9dpck']
[2023-06-22T06:43:09.374+0000] {standard_task_runner.py:85} INFO - Job 6: Subtask create_table
[2023-06-22T06:43:09.431+0000] {task_command.py:410} INFO - Running <TaskInstance: time_task.create_table manual__2023-06-22T06:43:08.589814+00:00 [running]> on host b9a60b2e230a
[2023-06-22T06:43:09.505+0000] {taskinstance.py:1547} INFO - Exporting env vars: AIRFLOW_CTX_DAG_OWNER='***' AIRFLOW_CTX_DAG_ID='time_task' AIRFLOW_CTX_TASK_ID='create_table' AIRFLOW_CTX_EXECUTION_DATE='2023-06-22T06:43:08.589814+00:00' AIRFLOW_CTX_TRY_NUMBER='1' AIRFLOW_CTX_DAG_RUN_ID='manual__2023-06-22T06:43:08.589814+00:00'
[2023-06-22T06:43:09.506+0000] {sql.py:265} INFO - Executing: 
            CREATE TABLE IF NOT EXISTS myTime_assignment (
                curr_time TIMESTAMP
            );
        
[2023-06-22T06:43:09.516+0000] {base.py:73} INFO - Using connection ID 'postgres' for task execution.
[2023-06-22T06:43:09.573+0000] {base.py:73} INFO - Using connection ID 'postgres' for task execution.
[2023-06-22T06:43:09.579+0000] {sql.py:375} INFO - Running statement: 
            CREATE TABLE IF NOT EXISTS myTime_assignment (
                curr_time TIMESTAMP
            );
        , parameters: None
[2023-06-22T06:43:09.591+0000] {taskinstance.py:1350} INFO - Marking task as SUCCESS. dag_id=time_task, task_id=create_table, execution_date=20230622T064308, start_date=20230622T064309, end_date=20230622T064309
[2023-06-22T06:43:09.624+0000] {local_task_job_runner.py:225} INFO - Task exited with return code 0
[2023-06-22T06:43:09.644+0000] {taskinstance.py:2653} INFO - 1 downstream tasks scheduled from follow-on schedule check
